Fri Oct 18 17:00:23 CEST 2019
;; PK-Pop model of sultiame with nonlinear distribution
;; Related article : Pharmacokinetic Profile of Sultiame in Healthy Volunteers with In Vitro Characterization of Its Uptake by Red Blood Cells
;; Kim Dao, Paul Thoueille, Laurent Arthur Decosterd, Thomas Mercier, Monia Guidi, Carine Bardinet, Sébastien Lebon, Eva Choong,
;; Arnaud Castang, Catherine Guittet, Luc-André Granier, Thierry Buclin
;; Under submission
;; Model author: Kim Dao
;; Date: 18.10.2019
;; NCOMP=4 which are 1= absorption site, 2= plasma, 3= erythrocytes, 4= urines

$PROBLEM PK
$INPUT ID TTT DAT1=DROP TIME DV UVOL AMT MDV EVID CMT WT AGE FLAG
TYPE
$DATA Real data.csv IGNORE=I IGNORE(FLAG.EQ.1)
$SUBROUTINE ADVAN13 TOL=3
$MODEL NCOMP=4
$PK
IF (AMT.GT.0) THEN
TDOS=TIME
TAD=0.0
ENDIF
IF (AMT.EQ.0) TAD=TIME-TDOS ; this is to calculate time after the dose

CL = THETA(1) * EXP(ETA(1)) ; clearance sultiame
V2 = THETA(2) ; volume of distribution of plasma (L)
V3 = THETA(3) ; volume of distribution of erythrocytes (L)
KON = THETA(4) ; association constant in h^-1· mg^-1
BTOT = THETA(5) ; maximal binding capacity in mg
KOFF = THETA(6) ; dissociation constant in h^-1
KA = THETA(7) ; absorption constant (h^-1) fixed to 1
KE = CL/V2 ; elimination constant
S2 = V2
S3 = V3
QREN = THETA(14) * EXP(ETA(2)) ; renal extraction fraction
S4 = UVOL/1000 ; conversion of units for volume of urines (L, in mL in dataset)

; differential equations according to model
$DES
DADT(1) = -KA * A(1) ; absorption compartment
DADT(2) = KA * A(1) - KE * A(2) - KON * A(2) * (BTOT - A(3)) + KOFF * A(3) ; plasma compartment
DADT(3) = KON * A(2) * (BTOT - A(3)) - KOFF * A(3) ; erythrocytes compartment
DADT(4) = KE * A(2) * QREN ; urine compartment

$ERROR
Q2=0
Q3=0
Q4=0

IF(CMT==2) THEN
Q2=1
IPRED2 = A(2)/S2
W2 = SQRT(THETA(8)**2*IPRED2**2 + THETA(9)**2)
Y2 = IPRED2 + W2*EPS(1)
IRES2 = DV-IPRED2
IWRES2 = IRES2/W2
ENDIF

IF(CMT==3) THEN
Q3=1
IPRED3 = A(3)/S3
W3 = SQRT(THETA(10)**2*IPRED3**2 + THETA(11)**2)
Y3 = IPRED3 + W3*EPS(1)
IRES3 = DV-IPRED3
IWRES3 = IRES3/W3
ENDIF

IF(CMT.EQ.4.AND.EVID.EQ.0) THEN
Q4=1
IPRED4 = A(4)/S4

W4 = SQRT(THETA(12)**2*IPRED4**2 + THETA(13)**2)
Y4 = IPRED4 + W4*EPS(1)
IRES4 = DV-IPRED4
IWRES4 = IRES4/W4
ENDIF

IPRED=Q2*IPRED2+Q3*IPRED3+Q4*IPRED4
Y=Y2*Q2+Q3*Y3+Y4*Q4
IRES=Q2*IRES2+Q3*IRES3+Q4*IRES4
IWRES=Q2*IWRES2+Q3*IWRES3+Q4*IWRES4


$THETA (0,9.9) ; Clearance
(0,56) ; V2 = Volume of distribution (plasma)
(0,3.3) ; V3 = Volume of distribution (erythrocytes)
6960 FIX ; Kon = association constant
(0,114) ; Btot = total binding capacity of the receptor
(0,6000) ; Koff = dissociation constant
(0,1.8) ; Ka = absorption constant
(0,0.70) ; Prop.RE (sd) plasma
0 FIX ; Add.RE (sd) plasma
(0,0.22) ; Prop.RE (sd) erythrocytes
0 FIX ; Add.RE (sd) erythrocytes
(0,0.39) ; Prop.RE (sd) urines
0 FIX ; Add.RE (sd) urines
(0,0.5,1) ; Qren = renal extraction ratio
$OMEGA 0.1 ; IIV CL
0.1 ; IIV Qren
$SIGMA 1 FIX ; Proportional error PK
$ESTIMATION METHOD=1 INTER MAXEVAL=9999 NOABORT SIGL=3 NSIG=1 PRINT=1
POSTHOC
$COVARIANCE
$TABLE ID TTT TIME TAD AMT DV UVOL MDV CMT WT AGE EVID IPRED
IWRES CWRES NPDE ONEHEADER NOPRINT FILE=sdtab
$TABLE ID TIME DV CMT AMT MDV EVID NOPRINT NOHEADER FILE=tab
$TABLE CL V2 V3 KA KE KON BTOT KOFF AGE WT FIRSTONLY ONEHEADER
NOPRINT FILE=patab


NM-TRAN MESSAGES

WARNINGS AND ERRORS (IF ANY) FOR PROBLEM 1

(WARNING 2) NM-TRAN INFERS THAT THE DATA ARE POPULATION.

(WARNING 3) THERE MAY BE AN ERROR IN THE ABBREVIATED CODE. THE FOLLOWING
ONE OR MORE RANDOM VARIABLES ARE DEFINED WITH "IF" STATEMENTS THAT DO NOT
PROVIDE DEFINITIONS FOR BOTH THE "THEN" AND "ELSE" CASES. IF ALL
CONDITIONS FAIL, THE VALUES OF THESE VARIABLES WILL BE ZERO.

IPRED2 W2 Y2 IRES2 IWRES2 IPRED3 W3 Y3 IRES3 IWRES3 IPRED4 W4 Y4 IRES4
IWRES4


License Registered to: University Hospital of Lausanne
Expiration Date: 14 MAY 2020
Current Date: 4 OCT 2019
Days until program expires : 225
1NONLINEAR MIXED EFFECTS MODEL PROGRAM (NONMEM) VERSION 7.4.2
ORIGINALLY DEVELOPED BY STUART BEAL, LEWIS SHEINER, AND ALISON BOECKMANN
CURRENT DEVELOPERS ARE ROBERT BAUER, ICON DEVELOPMENT SOLUTIONS,
AND ALISON BOECKMANN. IMPLEMENTATION, EFFICIENCY, AND STANDARDIZATION
PERFORMED BY NOUS INFOSYSTEMS.

PROBLEM NO.: 1
PK
0DATA CHECKOUT RUN: NO
DATA SET LOCATED ON UNIT NO.: 2
THIS UNIT TO BE REWOUND: NO
NO. OF DATA RECS IN DATA SET: 562
NO. OF DATA ITEMS IN DATA SET: 13
ID DATA ITEM IS DATA ITEM NO.: 1
DEP VARIABLE IS DATA ITEM NO.: 4
MDV DATA ITEM IS DATA ITEM NO.: 7
0INDICES PASSED TO SUBROUTINE PRED:
8 3 6 0 0 0 9 0 0 0 0
0LABELS FOR DATA ITEMS:
ID TTT TIME DV UVOL AMT MDV EVID CMT WT AGE FLAG TYPE
0(NONBLANK) LABELS FOR PRED-DEFINED ITEMS:
TAD CL V2 V3 KON BTOT KOFF KA KE IPRED IWRES
0FORMAT FOR DATA:
(E4.0,E2.0,E8.0,E12.0,E7.0,E4.0,2E2.0,E3.0,E12.0,E3.0,2E2.0)

TOT. NO. OF OBS RECS: 430
TOT. NO. OF INDIVIDUALS: 4
0LENGTH OF THETA: 14
0DEFAULT THETA BOUNDARY TEST OMITTED: NO
0OMEGA HAS SIMPLE DIAGONAL FORM WITH DIMENSION: 2
0DEFAULT OMEGA BOUNDARY TEST OMITTED: NO
0SIGMA HAS SIMPLE DIAGONAL FORM WITH DIMENSION: 1
0DEFAULT SIGMA BOUNDARY TEST OMITTED: NO
0INITIAL ESTIMATE OF THETA:
LOWER BOUND INITIAL EST UPPER BOUND
0.0000E+00 0.9900E+01 0.1000E+07
0.0000E+00 0.5600E+02 0.1000E+07
0.0000E+00 0.3300E+01 0.1000E+07
0.6960E+04 0.6960E+04 0.6960E+04
0.0000E+00 0.1140E+03 0.1000E+07
0.0000E+00 0.1758E+03 0.1000E+07
0.0000E+00 0.1800E+01 0.1000E+07
0.0000E+00 0.7000E+00 0.1000E+07
0.0000E+00 0.0000E+00 0.0000E+00
0.0000E+00 0.2200E+00 0.1000E+07
0.0000E+00 0.2000E-01 0.1000E+07
0.0000E+00 0.1000E+00 0.1000E+07
0.0000E+00 0.0000E+00 0.0000E+00
0.0000E+00 0.5000E+00 0.1000E+01
0INITIAL ESTIMATE OF OMEGA:
0.1000E+00
0.0000E+00 0.1000E+00
0INITIAL ESTIMATE OF SIGMA:
0.1000E+01
0SIGMA CONSTRAINED TO BE THIS INITIAL ESTIMATE
0COVARIANCE STEP OMITTED: NO
EIGENVLS. PRINTED: NO
SPECIAL COMPUTATION: NO
COMPRESSED FORMAT: NO
GRADIENT METHOD USED: NOSLOW
SIGDIGITS ETAHAT (SIGLO): -1
SIGDIGITS GRADIENTS (SIGL): -1
EXCLUDE COV FOR FOCE (NOFCOV): NO
TURN OFF Cholesky Transposition of R Matrix (CHOLROFF): NO
KNUTHSUMOFF: -1
RESUME COV ANALYSIS (RESUME): NO
SIR SAMPLE SIZE (SIRSAMPLE): -1
NON-LINEARLY TRANSFORM THETAS DURING COV (THBND): 1
PRECONDTIONING CYCLES (PRECOND): 0
PRECONDTIONING TYPES (PRECONDS): TOS
FORCED PRECONDTIONING CYCLES (PFCOND):0
PRECONDTIONING TYPE (PRETYPE): 0
FORCED POS. DEFINITE SETTING: (FPOSDEF):0
0TABLES STEP OMITTED: NO
NO. OF TABLES: 3
SEED NUMBER (SEED): 11456
RANMETHOD: 3U
MC SAMPLES (ESAMPLE): 300
WRES SQUARE ROOT TYPE (WRESCHOL): EIGENVALUE
0-- TABLE 1 --
0RECORDS ONLY: ALL
04 COLUMNS APPENDED: YES
PRINTED: NO
HEADER: YES
FILE TO BE FORWARDED: NO
FORMAT: S1PE11.4
LFORMAT:
RFORMAT:
FIXED_EFFECT_ETAS:
0USER-CHOSEN ITEMS:
ID TTT TIME TAD AMT DV UVOL MDV CMT WT AGE EVID IPRED IWRES CWRES NPDE
0-- TABLE 2 --
0RECORDS ONLY: ALL
04 COLUMNS APPENDED: YES
PRINTED: NO
HEADER: NO
FILE TO BE FORWARDED: NO
FORMAT: S1PE11.4
LFORMAT:
RFORMAT:
FIXED_EFFECT_ETAS:
0USER-CHOSEN ITEMS:
ID TIME DV CMT AMT MDV EVID
0-- TABLE 3 --
0RECORDS ONLY: FIRSTONLY
04 COLUMNS APPENDED: YES
PRINTED: NO
HEADER: YES
FILE TO BE FORWARDED: NO
FORMAT: S1PE11.4
LFORMAT:
RFORMAT:
FIXED_EFFECT_ETAS:
0USER-CHOSEN ITEMS:
CL V2 V3 KA KE KON BTOT KOFF AGE WT
0WARNING: THE NUMBER OF PARAMETERS TO BE ESTIMATED
EXCEEDS THE NUMBER OF INDIVIDUALS WITH DATA.
0WARNING: FOR AN ASYMPTOTIC ESTIMATE OF THE VARIANCE-COVARIANCE MATRIX
OF THE GRADIENT VECTOR, THE COVARIANCE STEP COMPUTES THE S MATRIX.
BUT WHEN THE NUMBER OF PARAMETERS TO BE ESTIMATED
EXCEEDS THE NUMBER OF INDIVIDUALS WITH DATA,
THIS MATRIX CAN BE SINGULAR AND BE A POOR ASYMPTOTIC ESTIMATE.
1DOUBLE PRECISION PREDPP VERSION 7.4.2

GENERAL NONLINEAR KINETICS MODEL WITH STIFF/NONSTIFF EQUATIONS (LSODA, ADVAN13)
0MODEL SUBROUTINE USER-SUPPLIED - ID NO. 9999
0MAXIMUM NO. OF BASIC PK PARAMETERS: 6
0COMPARTMENT ATTRIBUTES
COMPT. NO. FUNCTION INITIAL ON/OFF DOSE DEFAULT DEFAULT
STATUS ALLOWED ALLOWED FOR DOSE FOR OBS.
1 COMP 1 ON YES YES YES YES
2 COMP 2 ON YES YES NO NO
3 COMP 3 ON YES YES NO NO
4 COMP 4 ON YES YES NO NO
5 OUTPUT OFF YES NO NO NO
INITIAL (BASE) TOLERANCE SETTINGS:
NRD (RELATIVE) VALUE(S) OF TOLERANCE: 3
ANRD (ABSOLUTE) VALUE(S) OF TOLERANCE: 12
1
ADDITIONAL PK PARAMETERS - ASSIGNMENT OF ROWS IN GG
COMPT. NO. INDICES
SCALE BIOAVAIL. ZERO-ORDER ZERO-ORDER ABSORB
FRACTION RATE DURATION LAG
1 * * * * *
2 7 * * * *
3 8 * * * *
4 9 * * * *
5 * - - - -
- PARAMETER IS NOT ALLOWED FOR THIS MODEL
* PARAMETER IS NOT SUPPLIED BY PK SUBROUTINE;
WILL DEFAULT TO ONE IF APPLICABLE
0DATA ITEM INDICES USED BY PRED ARE:
EVENT ID DATA ITEM IS DATA ITEM NO.: 8
TIME DATA ITEM IS DATA ITEM NO.: 3
DOSE AMOUNT DATA ITEM IS DATA ITEM NO.: 6
COMPT. NO. DATA ITEM IS DATA ITEM NO.: 9

0PK SUBROUTINE CALLED WITH EVERY EVENT RECORD.
PK SUBROUTINE NOT CALLED AT NONEVENT (ADDITIONAL OR LAGGED) DOSE TIMES.
0ERROR SUBROUTINE CALLED WITH EVERY EVENT RECORD.
0ERROR SUBROUTINE INDICATES THAT DERIVATIVES OF COMPARTMENT AMOUNTS ARE USED.
0DES SUBROUTINE USES COMPACT STORAGE MODE.
1


#TBLN: 1
#METH: First Order Conditional Estimation with Interaction

ESTIMATION STEP OMITTED: NO
ANALYSIS TYPE: POPULATION
NUMBER OF SADDLE POINT RESET ITERATIONS: 0
GRADIENT METHOD USED: NOSLOW
CONDITIONAL ESTIMATES USED: YES
CENTERED ETA: NO
EPS-ETA INTERACTION: YES
LAPLACIAN OBJ. FUNC.: NO
NO. OF FUNCT. EVALS. ALLOWED: 9999
NO. OF SIG. FIGURES REQUIRED: 1
INTERMEDIATE PRINTOUT: YES
ESTIMATE OUTPUT TO MSF: NO
ABORT WITH PRED EXIT CODE 1: NO
IND. OBJ. FUNC. VALUES SORTED: NO
NUMERICAL DERIVATIVE
FILE REQUEST (NUMDER): NONE
MAP (ETAHAT) ESTIMATION METHOD (OPTMAP): 0
ETA HESSIAN EVALUATION METHOD (ETADER): 0
INITIAL ETA FOR MAP ESTIMATION (MCETA): 0
SIGDIGITS FOR MAP ESTIMATION (SIGLO): 3
GRADIENT SIGDIGITS OF
FIXED EFFECTS PARAMETERS (SIGL): 3
NOPRIOR SETTING (NOPRIOR): OFF
NOCOV SETTING (NOCOV): OFF
DERCONT SETTING (DERCONT): OFF
FINAL ETA RE-EVALUATION (FNLETA): ON
EXCLUDE NON-INFLUENTIAL (NON-INFL.) ETAS
IN SHRINKAGE (ETASTYPE): NO
NON-INFL. ETA CORRECTION (NONINFETA): OFF
RAW OUTPUT FILE (FILE): psn.ext
EXCLUDE TITLE (NOTITLE): NO
EXCLUDE COLUMN LABELS (NOLABEL): NO
FORMAT FOR ADDITIONAL FILES (FORMAT): S1PE12.5
PARAMETER ORDER FOR OUTPUTS (ORDER): TSOL
WISHART PRIOR DF INTERPRETATION (WISHTYPE):0
KNUTHSUMOFF: 0
INCLUDE LNTWOPI: NO
INCLUDE CONSTANT TERM TO PRIOR (PRIORC): NO
INCLUDE CONSTANT TERM TO OMEGA (ETA) (OLNTWOPI):NO
ADDITIONAL CONVERGENCE TEST (CTYPE=4)?: NO
EM OR BAYESIAN METHOD USED: NONE

TOLERANCES FOR ESTIMATION/EVALUATION STEP:
NRD (RELATIVE) VALUE(S) OF TOLERANCE: 3
ANRD (ABSOLUTE) VALUE(S) OF TOLERANCE: 12
TOLERANCES FOR COVARIANCE STEP:
NRD (RELATIVE) VALUE(S) OF TOLERANCE: 3
ANRD (ABSOLUTE) VALUE(S) OF TOLERANCE: 12
TOLERANCES FOR TABLE/SCATTER STEP:
NRD (RELATIVE) VALUE(S) OF TOLERANCE: 3
ANRD (ABSOLUTE) VALUE(S) OF TOLERANCE: 12

THE FOLLOWING LABELS ARE EQUIVALENT
PRED=PREDI
RES=RESI
WRES=WRESI
IWRS=IWRESI
IPRD=IPREDI
IRS=IRESI

MONITORING OF SEARCH:


0ITERATION NO.: 0 OBJECTIVE VALUE: 162929.939529238 NO. OF FUNC. EVALS.: 13
CUMULATIVE NO. OF FUNC. EVALS.: 13
NPARAMETR: 9.9000E+00 5.6000E+01 3.3000E+00 1.1400E+02 1.7580E+02 1.8000E+00 7.0000E-01 2.2000E-01 2.0000E-02 1.0000E-01
5.0000E-01 1.0000E-01 1.0000E-01
PARAMETER: 1.0000E-01 1.0000E-01 1.0000E-01 1.0000E-01 1.0000E-01 1.0000E-01 1.0000E-01 1.0000E-01 1.0000E-01 1.0000E-01
1.0000E-01 1.0000E-01 1.0000E-01
GRADIENT: 5.2090E+01 3.2333E+05 -7.6303E+02 5.4593E+05 -3.2075E+05 -6.8857E+04 -3.1417E+05 -1.3631E+03 -5.5751E-02 -8.0747E+03
-1.2396E+02 -1.0619E+01 -1.0345E+03

0ITERATION NO.: 1 OBJECTIVE VALUE: 5766.52168254962 NO. OF FUNC. EVALS.: 14
CUMULATIVE NO. OF FUNC. EVALS.: 27
NPARAMETR: 9.8994E+00 3.9252E+01 3.3028E+00 6.2565E+01 2.5010E+02 1.9415E+00 9.8867E-01 2.2033E-01 2.0000E-02 1.0089E-01
5.0003E-01 1.0000E-01 1.0023E-01
PARAMETER: 9.9943E-02 -2.5535E-01 1.0084E-01 -5.0000E-01 4.5252E-01 1.7568E-01 4.4528E-01 1.0150E-01 1.0000E-01 1.0887E-01
1.0014E-01 1.0001E-01 1.0114E-01
GRADIENT: 4.8273E+01 3.5702E+03 4.7170E+03 6.4293E+03 -3.5376E+03 -1.4943E+03 -2.8842E+03 -3.1182E+03 -1.3680E-01 -5.4611E+03
-1.1647E+01 2.9244E+00 -3.0293E+01

0ITERATION NO.: 2 OBJECTIVE VALUE: 2695.17979319126 NO. OF FUNC. EVALS.: 14
CUMULATIVE NO. OF FUNC. EVALS.: 41
NPARAMETR: 9.8424E+00 2.5609E+01 1.8786E+00 2.8996E+01 3.8185E+02 2.3215E+00 1.3960E+00 3.1993E-01 2.0000E-02 1.9389E-01
5.0038E-01 9.9932E-02 1.0096E-01
PARAMETER: 9.4168E-02 -6.8241E-01 -4.6339E-01 -1.2691E+00 8.7568E-01 3.5442E-01 7.9028E-01 4.7449E-01 1.0002E-01 7.6212E-01
1.0153E-01 9.9662E-02 1.0476E-01
GRADIENT: 9.0843E+01 -3.4518E+02 4.2829E+03 -4.2389E+03 -2.4298E+01 6.7038E+01 1.9877E+02 -2.5392E+03 -5.6933E-02 -1.1207E+03
4.7144E+01 -7.7401E+01 -9.1570E+01

0ITERATION NO.: 3 OBJECTIVE VALUE: 1884.78380846196 NO. OF FUNC. EVALS.: 14
CUMULATIVE NO. OF FUNC. EVALS.: 55
NPARAMETR: 9.5920E+00 2.1582E+01 4.6783E-01 5.1812E+01 4.9499E+02 2.5417E+00 1.6348E+00 7.4648E-01 2.0001E-02 3.7767E-01
4.9770E-01 1.0376E-01 1.0606E-01
PARAMETER: 6.8393E-02 -8.5350E-01 -1.8536E+00 -6.8857E-01 1.1352E+00 4.4505E-01 9.4818E-01 1.3217E+00 1.0004E-01 1.4288E+00
9.0783E-02 1.1847E-01 1.2943E-01
GRADIENT: 5.5319E+01 -3.0614E+02 -5.2737E+02 -6.4542E+02 3.0322E+01 6.7847E+01 2.4253E+02 -4.8649E+01 -1.8515E-05 -1.9129E+02
3.7773E+01 -2.1795E+01 -2.0064E+01

0ITERATION NO.: 4 OBJECTIVE VALUE: 1385.93990403335 NO. OF FUNC. EVALS.: 14
CUMULATIVE NO. OF FUNC. EVALS.: 69
NPARAMETR: 7.8127E+00 3.0434E+01 1.5925E+00 1.0585E+02 9.2740E+02 2.7266E+00 1.2533E+00 1.4381E+00 2.0001E-02 2.1987E+00
4.6481E-01 1.2017E-01 1.2276E-01
PARAMETER: -1.3679E-01 -5.0980E-01 -6.2860E-01 2.5782E-02 1.7630E+00 5.1526E-01 6.8245E-01 1.9775E+00 1.0007E-01 3.1905E+00
-4.1005E-02 1.9187E-01 2.0251E-01
GRADIENT: -1.8890E+01 5.0395E+02 -4.5604E+02 8.8454E+02 -5.9449E+02 1.8732E+01 -2.7305E+02 3.4223E+02 5.4803E-05 5.7187E+01
1.8414E+01 -2.4548E+00 -1.0315E+01

0ITERATION NO.: 5 OBJECTIVE VALUE: 1031.90312907296 NO. OF FUNC. EVALS.: 16
CUMULATIVE NO. OF FUNC. EVALS.: 85
NPARAMETR: 7.3155E+00 2.0003E+01 2.7506E+00 1.9651E+02 2.8980E+03 2.1880E+00 1.3519E+00 1.4734E+00 2.0002E-02 2.9720E+00
4.3733E-01 1.3612E-01 1.4422E-01
PARAMETER: -2.0254E-01 -9.2947E-01 -8.2113E-02 6.4454E-01 2.9024E+00 2.9522E-01 7.5818E-01 2.0017E+00 1.0008E-01 3.4918E+00
-1.5202E-01 2.5420E-01 2.8308E-01
GRADIENT: -7.8149E+00 3.2926E+02 -4.4632E+02 1.1593E+03 -2.9394E+02 -2.1496E+00 -1.2929E+02 3.7082E+02 2.2174E-04 5.4658E+01
1.8272E+01 -7.2375E-02 -1.1332E+01

0ITERATION NO.: 6 OBJECTIVE VALUE: 935.299798329752 NO. OF FUNC. EVALS.: 14
CUMULATIVE NO. OF FUNC. EVALS.: 99
NPARAMETR: 6.2811E+00 2.0733E+01 2.5429E+00 1.7654E+02 4.4836E+03 1.4052E+00 6.6900E-01 1.4157E+00 2.0002E-02 3.2263E+00
3.8475E-01 1.7116E-01 2.0976E-01
PARAMETER: -3.5500E-01 -8.9363E-01 -1.6061E-01 5.3738E-01 3.3388E+00 -1.4761E-01 5.4706E-02 1.9617E+00 1.0011E-01 3.5739E+00
-3.6943E-01 3.6871E-01 4.7039E-01
GRADIENT: 9.4938E+00 2.3559E+02 -4.5112E+02 1.3211E+03 -1.6957E+02 -2.0381E+02 -1.2206E+02 3.6926E+02 4.5250E-04 4.9323E+01
8.4656E+00 -6.0108E+00 -8.8650E+00

0ITERATION NO.: 7 OBJECTIVE VALUE: 896.549012264302 NO. OF FUNC. EVALS.: 14
CUMULATIVE NO. OF FUNC. EVALS.: 113
NPARAMETR: 5.6392E+00 2.2213E+01 2.4347E+00 1.6922E+02 5.7308E+03 1.5074E+00 4.8181E-01 1.3847E+00 2.0002E-02 3.1370E+00
3.5939E-01 2.0073E-01 2.5844E-01
PARAMETER: -4.6279E-01 -8.2466E-01 -2.0411E-01 4.9502E-01 3.5843E+00 -7.7407E-02 -2.7353E-01 1.9396E+00 1.0012E-01 3.5459E+00
-4.7801E-01 4.4840E-01 5.7475E-01
GRADIENT: 1.6798E+01 1.6023E+02 -4.5398E+02 1.3072E+03 -8.6068E+01 -1.8322E+02 -2.0279E+02 3.6930E+02 1.0150E-03 4.9479E+01
1.6798E+01 -2.3067E+00 -8.2184E+00

0ITERATION NO.: 8 OBJECTIVE VALUE: 848.805027213879 NO. OF FUNC. EVALS.: 14
CUMULATIVE NO. OF FUNC. EVALS.: 127
NPARAMETR: 2.9649E+00 5.5172E+01 1.9611E+00 1.3980E+02 1.2610E+04 1.3583E+00 4.2177E-01 1.1632E+00 2.0004E-02 2.7810E+00
2.1501E-01 4.1526E-01 7.7715E-01
PARAMETER: -1.1057E+00 8.5104E-02 -4.2043E-01 3.0400E-01 4.3729E+00 -1.8157E-01 -4.0663E-01 1.7653E+00 1.0020E-01 3.4254E+00
-1.1950E+00 8.1186E-01 1.1252E+00
GRADIENT: 8.0412E+00 1.3343E+02 -4.7202E+02 1.0155E+03 1.2497E+02 -3.3607E+02 -2.5545E+02 3.4139E+02 2.7089E-03 4.0591E+01
6.1688E+00 -8.7320E+00 5.1199E+00

0ITERATION NO.: 9 OBJECTIVE VALUE: 830.544601479840 NO. OF FUNC. EVALS.: 15
CUMULATIVE NO. OF FUNC. EVALS.: 142
NPARAMETR: 2.1807E+00 5.1768E+01 1.8277E+00 1.4502E+02 1.2269E+04 1.4197E+00 4.1354E-01 9.0092E-01 2.0005E-02 3.0762E+00
1.4500E-01 7.1211E-01 1.5371E+00
PARAMETER: -1.4129E+00 2.1422E-02 -4.9084E-01 3.4064E-01 4.3455E+00 -1.3733E-01 -4.2632E-01 1.5098E+00 1.0026E-01 3.5263E+00
-1.6744E+00 1.0815E+00 1.4663E+00
GRADIENT: 2.2859E+01 1.6055E+02 -5.1942E+02 1.1854E+03 8.9424E+01 -3.1418E+02 -2.8056E+02 2.7438E+02 4.5797E-03 3.6872E+01
6.2079E+00 -7.2213E+00 6.9572E+00

0ITERATION NO.: 10 OBJECTIVE VALUE: 800.368770846353 NO. OF FUNC. EVALS.: 15
CUMULATIVE NO. OF FUNC. EVALS.: 157
NPARAMETR: 9.8132E-01 4.0033E+01 1.8202E+00 1.4812E+02 1.0751E+04 1.4962E+00 4.0206E-01 8.1363E-01 2.0007E-02 3.0503E+00
5.2614E-02 2.5949E+00 7.3869E+00
PARAMETER: -2.2114E+00 -2.3564E-01 -4.9499E-01 3.6179E-01 4.2134E+00 -8.4842E-02 -4.5449E-01 1.4079E+00 1.0037E-01 3.5178E+00
-2.7907E+00 1.7281E+00 2.2511E+00
GRADIENT: 7.4006E+01 5.9611E+01 -5.3546E+02 1.1528E+03 1.6369E+02 -3.0440E+02 -2.7784E+02 2.4632E+02 -4.0311E-03 3.6182E+01
9.7542E+00 -3.5482E+00 6.7809E+00

0ITERATION NO.: 11 OBJECTIVE VALUE: 800.368770846353 NO. OF FUNC. EVALS.: 38
CUMULATIVE NO. OF FUNC. EVALS.: 195
NPARAMETR: 9.8132E-01 4.0033E+01 1.8202E+00 1.4812E+02 1.0751E+04 1.4962E+00 4.0206E-01 8.1363E-01 2.0007E-02 3.0503E+00
5.2614E-02 2.5949E+00 7.3869E+00
PARAMETER: -2.2114E+00 -2.3564E-01 -4.9499E-01 3.6179E-01 4.2134E+00 -8.4842E-02 -4.5449E-01 1.4079E+00 1.0037E-01 3.5178E+00
-2.7907E+00 1.7281E+00 2.2511E+00
GRADIENT: 1.1889E+02 4.8244E+01 -5.3594E+02 1.0957E+03 6.9333E+02 -3.1216E+02 -2.8740E+02 2.3642E+02 -4.0194E-03 1.8606E+01
-8.1567E+00 -3.5482E+00 6.7809E+00

0ITERATION NO.: 12 OBJECTIVE VALUE: 684.775023269078 NO. OF FUNC. EVALS.: 48
CUMULATIVE NO. OF FUNC. EVALS.: 243 RESET HESSIAN, TYPE I
NPARAMETR: 1.0843E+00 3.9944E+01 8.0358E+00 1.4669E+02 1.0729E+04 1.5302E+00 4.0723E-01 7.8952E-01 2.0003E-02 3.0011E+00
5.4353E-02 2.6162E+00 6.5706E+00
PARAMETER: -2.1116E+00 -2.3787E-01 9.8998E-01 3.5214E-01 4.2113E+00 -6.2409E-02 -4.4170E-01 1.3778E+00 1.0014E-01 3.5016E+00
-2.7564E+00 1.7322E+00 2.1926E+00
GRADIENT: 4.7908E+01 -3.5990E+02 1.4234E+03 -5.1821E+02 5.1271E+02 -2.2805E+02 -1.8077E+02 -6.1666E+02 -3.9521E-03 3.6607E+01
9.4258E+00 1.2864E+00 6.3459E+00

0ITERATION NO.: 13 OBJECTIVE VALUE: 428.977538912586 NO. OF FUNC. EVALS.: 14
CUMULATIVE NO. OF FUNC. EVALS.: 257
NPARAMETR: 2.6297E-01 4.1107E+01 6.5503E+00 1.3985E+02 1.0213E+04 1.8253E+00 4.4935E-01 7.9780E-01 1.9974E-02 2.6037E+00
2.9699E-02 2.7318E+00 2.4889E+00
PARAMETER: -3.5282E+00 -2.0917E-01 7.8559E-01 3.0436E-01 4.1621E+00 1.1397E-01 -3.4328E-01 1.3882E+00 9.8717E-02 3.3595E+00
-3.3865E+00 1.7538E+00 1.7072E+00
GRADIENT: 1.1834E+02 -3.2588E+02 7.3678E+02 -2.9363E+02 4.8490E+02 -1.4349E+02 -2.8228E+01 -1.6611E+02 1.0949E-03 3.6550E+01
8.8963E+00 -2.1107E+01 -2.0523E-01

0ITERATION NO.: 14 OBJECTIVE VALUE: 375.897567954732 NO. OF FUNC. EVALS.: 14
CUMULATIVE NO. OF FUNC. EVALS.: 271
NPARAMETR: 9.9000E-02 4.3704E+01 4.5708E+00 1.2755E+02 9.2350E+03 2.5694E+00 5.4191E-01 7.9922E-01 1.9919E-02 1.9650E+00
7.9214E-03 3.0995E+00 4.0213E-01
PARAMETER: -7.6979E+00 -1.4792E-01 4.2576E-01 2.1228E-01 4.0614E+00 4.5588E-01 -1.5597E-01 1.3900E+00 9.5966E-02 3.0781E+00
-4.7302E+00 1.8169E+00 7.9580E-01
GRADIENT: 0.0000E+00 -3.2531E+02 5.7344E+01 -3.6329E+02 5.3508E+02 8.5182E+01 1.4101E+02 2.0408E+02 -2.1651E-01 7.7847E+00
-2.4406E+01 -4.1813E+01 -1.4252E+02

0ITERATION NO.: 15 OBJECTIVE VALUE: 307.142000628028 NO. OF FUNC. EVALS.: 14
CUMULATIVE NO. OF FUNC. EVALS.: 285
NPARAMETR: 9.9000E-02 4.6780E+01 3.6702E+00 1.2246E+02 8.4494E+03 3.0252E+00 5.8864E-01 7.4695E-01 1.9891E-02 1.6852E+00
3.7073E-02 4.1218E+00 4.7648E+01
PARAMETER: -9.4445E+00 -7.9887E-02 2.0634E-01 1.7159E-01 3.9725E+00 6.1919E-01 -7.3271E-02 1.3224E+00 9.4533E-02 2.9245E+00
-3.1571E+00 1.9594E+00 3.1832E+00
GRADIENT: 0.0000E+00 -2.5559E+02 -1.9085E+02 -2.6369E+02 4.1067E+02 9.0099E+01 1.6540E+02 2.9671E+02 -1.5565E-01 4.8432E+01
1.3816E+01 -3.1822E+01 7.6607E+00

0ITERATION NO.: 16 OBJECTIVE VALUE: 230.710226807916 NO. OF FUNC. EVALS.: 14
CUMULATIVE NO. OF FUNC. EVALS.: 299
NPARAMETR: 9.9000E-02 5.3028E+01 3.3088E+00 1.2326E+02 7.4272E+03 3.1160E+00 5.8173E-01 6.0762E-01 1.9881E-02 1.3405E+00
5.0000E-03 7.2820E+00 1.4526E+02
PARAMETER: -9.1938E+00 4.5477E-02 1.0266E-01 1.7811E-01 3.8436E+00 6.4876E-01 -8.5070E-02 1.1159E+00 9.4021E-02 2.6956E+00
-6.1962E+00 2.2440E+00 3.7405E+00
GRADIENT: 0.0000E+00 -3.1307E+01 -3.3469E+02 2.6211E+02 7.2684E+01 9.2816E+01 1.1105E+02 3.0569E+02 1.3327E-02 5.2349E+01
0.0000E+00 -1.6047E+01 7.2864E+00

0ITERATION NO.: 17 OBJECTIVE VALUE: 171.618779019077 NO. OF FUNC. EVALS.: 14
CUMULATIVE NO. OF FUNC. EVALS.: 313
NPARAMETR: 9.9000E-02 5.8071E+01 2.6391E+00 1.1690E+02 6.7408E+03 2.8813E+00 5.4799E-01 3.8295E-01 1.9880E-02 6.3532E-01
1.1382E-02 1.3846E+01 3.2005E+01
PARAMETER: -8.2700E+00 1.3631E-01 -1.2350E-01 1.2511E-01 3.7466E+00 5.7046E-01 -1.4483E-01 6.5429E-01 9.4003E-02 1.9490E+00
-4.3643E+00 2.5653E+00 2.9842E+00
GRADIENT: 0.0000E+00 1.2325E+02 -7.0669E+02 6.2604E+02 -1.0982E+02 1.1640E+02 4.2245E+01 1.1307E+02 1.6488E-02 4.3985E+01
3.4054E+01 -5.1963E+00 5.5592E+00

0ITERATION NO.: 18 OBJECTIVE VALUE: 141.495463623332 NO. OF FUNC. EVALS.: 14
CUMULATIVE NO. OF FUNC. EVALS.: 327
NPARAMETR: 9.9000E-02 5.8750E+01 2.6125E+00 1.1223E+02 6.6095E+03 2.6934E+00 5.3519E-01 3.5848E-01 1.9885E-02 4.2480E-01
5.0000E-03 1.6559E+01 6.8830E+01
PARAMETER: -7.7765E+00 1.4795E-01 -1.3362E-01 8.4357E-02 3.7269E+00 5.0303E-01 -1.6846E-01 5.8825E-01 9.4247E-02 1.5464E+00
-6.4510E+00 2.6548E+00 3.3671E+00
GRADIENT: 0.0000E+00 7.3352E+01 -7.2156E+02 4.3902E+02 -7.4328E+01 1.2790E+02 5.2177E+01 8.5459E+01 2.4679E-02 2.7465E+00
0.0000E+00 -3.0221E+00 6.1142E+00

0ITERATION NO.: 19 OBJECTIVE VALUE: 81.5525255059042 NO. OF FUNC. EVALS.: 15
CUMULATIVE NO. OF FUNC. EVALS.: 342
NPARAMETR: 9.9000E-02 6.1919E+01 3.0485E+00 1.0959E+02 6.2792E+03 2.3904E+00 5.1515E-01 4.1757E-01 1.9897E-02 3.0401E-01
5.0000E-03 1.9712E+01 5.0948E+01
PARAMETER: -7.1789E+00 2.0048E-01 2.0731E-02 6.0516E-02 3.6757E+00 3.8369E-01 -2.0663E-01 7.4082E-01 9.4830E-02 1.2119E+00
-6.7645E+00 2.7419E+00 3.2167E+00
GRADIENT: 0.0000E+00 9.0772E+01 -3.9070E+02 1.9122E+02 -1.3565E+02 1.2074E+02 4.3099E+01 2.0243E+02 2.3378E-02 -7.0855E+01
0.0000E+00 -1.1819E+00 5.3655E+00

0ITERATION NO.: 20 OBJECTIVE VALUE: 22.7814409034457 NO. OF FUNC. EVALS.: 14
CUMULATIVE NO. OF FUNC. EVALS.: 356
NPARAMETR: 9.9000E-02 6.1769E+01 3.4523E+00 1.0814E+02 6.3570E+03 1.9055E+00 4.9368E-01 4.3304E-01 1.9914E-02 4.8208E-01
5.0000E-03 1.9316E+01 2.5289E+01
PARAMETER: -6.1250E+00 1.9804E-01 1.4512E-01 4.7211E-02 3.6880E+00 1.5695E-01 -2.4919E-01 7.7721E-01 9.5688E-02 1.6729E+00
-7.7641E+00 2.7317E+00 2.8665E+00
GRADIENT: 0.0000E+00 7.5833E+01 -6.0477E+01 -1.0125E+01 -4.1299E+01 4.5496E+01 3.4635E+01 1.8463E+02 3.0047E-02 2.6541E+01
0.0000E+00 -1.2519E+00 2.9857E+00

0ITERATION NO.: 21 OBJECTIVE VALUE: 6.95449378237869 NO. OF FUNC. EVALS.: 14
CUMULATIVE NO. OF FUNC. EVALS.: 370
NPARAMETR: 9.9000E-02 5.7363E+01 3.4914E+00 1.0877E+02 6.3389E+03 1.5001E+00 4.7131E-01 3.6372E-01 1.9928E-02 3.7540E-01
5.0000E-03 1.7548E+01 1.0854E+01
PARAMETER: -4.8824E+00 1.2405E-01 1.5638E-01 5.3003E-02 3.6851E+00 -8.2248E-02 -2.9556E-01 6.0276E-01 9.6405E-02 1.4228E+00
-8.1285E+00 2.6838E+00 2.4435E+00
GRADIENT: 0.0000E+00 9.2703E+01 1.4097E+02 1.2243E+02 3.8309E+01 -2.2644E+02 -2.4905E+01 8.6593E+01 4.2204E-02 -1.0316E+01
0.0000E+00 -1.8874E+00 -4.2269E+00

0ITERATION NO.: 22 OBJECTIVE VALUE: -10.9948000757607 NO. OF FUNC. EVALS.: 14
CUMULATIVE NO. OF FUNC. EVALS.: 384
NPARAMETR: 9.9000E-02 5.5106E+01 3.4280E+00 1.0835E+02 6.2409E+03 1.6351E+00 4.7077E-01 3.4381E-01 1.9931E-02 3.7463E-01
5.0000E-03 1.7873E+01 1.0550E+01
PARAMETER: -4.7875E+00 8.3911E-02 1.3806E-01 4.9194E-02 3.6695E+00 3.8868E-03 -2.9671E-01 5.4645E-01 9.6528E-02 1.4208E+00
-8.0429E+00 2.6929E+00 2.4293E+00
GRADIENT: 0.0000E+00 1.8907E+00 1.4560E+02 -1.3598E+02 9.9770E+01 -4.5745E+01 2.1019E+01 6.5262E+01 5.3690E-02 -1.2461E+01
0.0000E+00 -1.7079E+00 -4.4513E+00

0ITERATION NO.: 23 OBJECTIVE VALUE: -14.2110462545502 NO. OF FUNC. EVALS.: 14
CUMULATIVE NO. OF FUNC. EVALS.: 398
NPARAMETR: 9.9000E-02 5.3397E+01 3.3390E+00 1.0843E+02 6.0344E+03 1.6736E+00 4.6514E-01 3.2446E-01 1.9930E-02 3.7964E-01
5.0000E-03 1.6824E+01 1.0138E+01
PARAMETER: -4.7057E+00 5.2402E-02 1.1173E-01 4.9903E-02 3.6359E+00 2.7208E-02 -3.0874E-01 4.8852E-01 9.6486E-02 1.4341E+00
-8.0156E+00 2.6627E+00 2.4094E+00
GRADIENT: 0.0000E+00 1.6225E+01 7.2930E+01 -1.2557E+02 7.4733E+01 7.4467E-01 1.6966E+01 4.9732E+01 4.7044E-02 -1.2535E+01
0.0000E+00 -2.3333E+00 -4.9316E+00

0ITERATION NO.: 24 OBJECTIVE VALUE: -14.2584407851905 NO. OF FUNC. EVALS.: 14
CUMULATIVE NO. OF FUNC. EVALS.: 412
NPARAMETR: 9.9000E-02 5.2755E+01 3.3294E+00 1.0856E+02 5.9915E+03 1.6747E+00 4.6460E-01 3.2148E-01 1.9930E-02 3.8167E-01
5.0000E-03 1.6880E+01 1.0087E+01
PARAMETER: -4.6811E+00 4.0312E-02 1.0887E-01 5.1118E-02 3.6288E+00 2.7874E-02 -3.0990E-01 4.7929E-01 9.6488E-02 1.4394E+00
-8.0225E+00 2.6644E+00 2.4069E+00
GRADIENT: 0.0000E+00 1.6409E+01 6.4448E+01 -1.2124E+02 7.4168E+01 7.5318E+00 1.7619E+01 4.6407E+01 4.7427E-02 -1.2304E+01
0.0000E+00 -2.2855E+00 -4.9962E+00

0ITERATION NO.: 25 OBJECTIVE VALUE: -14.2584407851905 NO. OF FUNC. EVALS.: 36
CUMULATIVE NO. OF FUNC. EVALS.: 448
NPARAMETR: 9.9000E-02 5.2755E+01 3.3294E+00 1.0856E+02 5.9915E+03 1.6747E+00 4.6460E-01 3.2148E-01 1.9930E-02 3.8167E-01
5.0000E-03 1.6880E+01 1.0087E+01
PARAMETER: -4.6811E+00 4.0312E-02 1.0887E-01 5.1118E-02 3.6288E+00 2.7874E-02 -3.0990E-01 4.7929E-01 9.6488E-02 1.4394E+00
-8.0225E+00 2.6644E+00 2.4069E+00
GRADIENT: 3.5942E+02 4.3709E+00 5.6018E+01 -1.5232E+02 3.2515E+02 -5.9067E+00 1.4387E+01 4.0239E+01 4.7278E-02 -2.0337E+01
0.0000E+00 -2.2855E+00 -4.9962E+00

0ITERATION NO.: 26 OBJECTIVE VALUE: -14.4780064432566 NO. OF FUNC. EVALS.: 36
CUMULATIVE NO. OF FUNC. EVALS.: 484
NPARAMETR: 9.9000E-02 5.3296E+01 3.3262E+00 1.0865E+02 6.0352E+03 1.6783E+00 4.6750E-01 3.2690E-01 1.9928E-02 3.8175E-01
5.0000E-03 1.6455E+01 1.0698E+01
PARAMETER: -4.8130E+00 5.0511E-02 1.0791E-01 5.1938E-02 3.6360E+00 2.9997E-02 -3.0368E-01 4.9604E-01 9.6418E-02 1.4396E+00
-7.9837E+00 2.6516E+00 2.4363E+00
GRADIENT: 8.8274E+01 8.3180E+00 3.5724E+01 -1.2804E+02 3.1718E+02 -7.0111E+00 1.5485E+01 5.3220E+01 4.9924E-02 -1.9578E+01
0.0000E+00 -2.5752E+00 -4.2490E+00

0ITERATION NO.: 27 OBJECTIVE VALUE: -29.8013155549309 NO. OF FUNC. EVALS.: 48
CUMULATIVE NO. OF FUNC. EVALS.: 532 RESET HESSIAN, TYPE I
NPARAMETR: 1.9055E-01 5.2891E+01 3.2958E+00 1.1089E+02 6.6614E+03 1.6886E+00 4.4683E-01 2.8825E-01 2.0091E-02 4.2815E-01
5.0000E-03 2.1746E+01 1.5911E+01
PARAMETER: -3.8504E+00 4.2874E-02 9.8715E-02 7.2371E-02 3.7347E+00 3.6094E-02 -3.4890E-01 3.7020E-01 1.0453E-01 1.5543E+00
-7.9837E+00 2.7910E+00 2.6348E+00
GRADIENT: 3.6622E+02 -5.3413E+01 9.8387E+01 -1.2675E+02 2.5146E+02 -2.0376E+01 2.1549E+01 -2.2032E+01 5.5320E-02 1.1858E+01
0.0000E+00 2.2360E+00 -1.8363E-01

0ITERATION NO.: 28 OBJECTIVE VALUE: -29.8013155549309 NO. OF FUNC. EVALS.: 35
CUMULATIVE NO. OF FUNC. EVALS.: 567
NPARAMETR: 1.9055E-01 5.2891E+01 3.2958E+00 1.1089E+02 6.6614E+03 1.6886E+00 4.4683E-01 2.8825E-01 2.0091E-02 4.2815E-01
5.0000E-03 2.1746E+01 1.5911E+01
PARAMETER: -3.8504E+00 4.2874E-02 9.8715E-02 7.2371E-02 3.7347E+00 3.6094E-02 -3.4890E-01 3.7020E-01 1.0453E-01 1.5543E+00
-7.9837E+00 2.7910E+00 2.6348E+00
GRADIENT: 1.0106E+03 -5.5163E+01 8.9077E+01 -1.5439E+02 7.0396E+02 -2.8270E+01 1.7928E+01 -2.7556E+01 5.5134E-02 4.6181E+00
0.0000E+00 2.2360E+00 -1.8363E-01

0ITERATION NO.: 29 OBJECTIVE VALUE: -35.6727233769945 NO. OF FUNC. EVALS.: 45
CUMULATIVE NO. OF FUNC. EVALS.: 612 RESET HESSIAN, TYPE I
NPARAMETR: 6.1420E+01 5.4528E+01 3.2543E+00 1.1191E+02 6.7632E+03 1.7132E+00 4.3768E-01 2.9447E-01 2.0146E-02 4.2191E-01
5.0000E-03 1.9002E+01 1.6414E+01
PARAMETER: 1.9252E+00 7.3358E-02 8.6042E-02 8.1493E-02 3.7499E+00 5.0561E-02 -3.6960E-01 3.9155E-01 1.0729E-01 1.5396E+00
-7.9837E+00 2.7236E+00 2.6503E+00
GRADIENT: 1.5153E+02 2.4264E+01 -2.7089E+01 9.8062E+01 1.7461E+02 -3.5686E+01 -1.3467E+00 7.8963E+00 6.1929E-02 1.0589E+01
0.0000E+00 6.5899E+00 6.7734E-03

0ITERATION NO.: 30 OBJECTIVE VALUE: -36.2746376175421 NO. OF FUNC. EVALS.: 14
CUMULATIVE NO. OF FUNC. EVALS.: 626
NPARAMETR: 1.9157E+01 5.4970E+01 3.2433E+00 1.1218E+02 6.7892E+03 1.7200E+00 4.3526E-01 2.9614E-01 2.0161E-02 4.2021E-01
5.0000E-03 1.8297E+01 1.6551E+01
PARAMETER: 7.6015E-01 8.1442E-02 8.2675E-02 8.3899E-02 3.7537E+00 5.4528E-02 -3.7513E-01 3.9721E-01 1.0802E-01 1.5356E+00
-7.9837E+00 2.7046E+00 2.6545E+00
GRADIENT: 4.7988E+01 3.8053E+01 -6.1036E+01 1.5144E+02 1.4861E+02 -4.0199E+01 -7.3134E+00 1.4802E+01 6.0175E-02 1.0643E+01
0.0000E+00 7.7855E+00 5.3316E-02

0ITERATION NO.: 31 OBJECTIVE VALUE: -37.1632249525742 NO. OF FUNC. EVALS.: 14
CUMULATIVE NO. OF FUNC. EVALS.: 640
NPARAMETR: 1.7158E+01 5.4388E+01 3.2601E+00 1.1157E+02 6.6802E+03 1.7408E+00 4.3804E-01 2.9385E-01 2.0159E-02 4.1440E-01
5.0000E-03 1.4602E+01 1.6539E+01
PARAMETER: 6.4995E-01 7.0786E-02 8.7850E-02 7.8466E-02 3.7376E+00 6.6560E-02 -3.6878E-01 3.8945E-01 1.0793E-01 1.5217E+00
-7.9837E+00 2.5919E+00 2.6542E+00
GRADIENT: 4.7334E+01 1.6692E+01 -1.4049E+01 3.5335E+01 1.6623E+02 -1.4327E+01 3.1048E+00 3.2452E+00 5.3120E-02 7.4759E+00
0.0000E+00 7.8003E+00 6.3753E-02

0ITERATION NO.: 32 OBJECTIVE VALUE: -37.1632249525742 NO. OF FUNC. EVALS.: 36
CUMULATIVE NO. OF FUNC. EVALS.: 676
NPARAMETR: 1.7158E+01 5.4388E+01 3.2601E+00 1.1157E+02 6.6802E+03 1.7408E+00 4.3804E-01 2.9385E-01 2.0159E-02 4.1440E-01
5.0000E-03 1.4602E+01 1.6539E+01
PARAMETER: 6.4995E-01 7.0786E-02 8.7850E-02 7.8466E-02 3.7376E+00 6.6560E-02 -3.6878E-01 3.8945E-01 1.0793E-01 1.5217E+00
-7.9837E+00 2.5919E+00 2.6542E+00
GRADIENT: 1.8278E+01 2.8160E+00 -2.2592E+01 1.3892E+01 5.6845E+02 -1.7495E+01 -9.7161E-01 -2.2512E+00 5.2938E-02 1.4414E-01
0.0000E+00 7.8003E+00 6.3753E-02

0ITERATION NO.: 33 OBJECTIVE VALUE: -48.9008326070944 NO. OF FUNC. EVALS.: 50
CUMULATIVE NO. OF FUNC. EVALS.: 726 RESET HESSIAN, TYPE I
NPARAMETR: 1.6858E+01 5.4361E+01 3.2621E+00 1.1155E+02 6.7422E+03 1.7513E+00 4.3807E-01 2.9395E-01 2.0130E-02 4.1431E-01
5.0000E-03 3.7726E-01 1.6607E+01
PARAMETER: 6.3231E-01 7.0300E-02 8.8461E-02 7.8311E-02 3.7468E+00 7.2547E-02 -3.6869E-01 3.8977E-01 1.0646E-01 1.5214E+00
-7.9837E+00 7.6388E-01 2.6562E+00
GRADIENT: 5.8231E+01 -1.6801E+01 5.4500E-01 -1.0466E+01 2.0261E+02 -5.3451E+00 8.2174E+00 1.5174E+00 4.8841E-02 7.5928E+00
0.0000E+00 5.9582E-01 1.0722E-01

0ITERATION NO.: 34 OBJECTIVE VALUE: -49.2398181423003 NO. OF FUNC. EVALS.: 15
CUMULATIVE NO. OF FUNC. EVALS.: 741
NPARAMETR: 1.6193E+01 5.4359E+01 3.2624E+00 1.1155E+02 6.7497E+03 1.7529E+00 4.3807E-01 2.9396E-01 2.0125E-02 4.1426E-01
5.0000E-03 2.1950E-01 1.6616E+01
PARAMETER: 5.9206E-01 7.0251E-02 8.8551E-02 7.8290E-02 3.7479E+00 7.3463E-02 -3.6871E-01 3.8982E-01 1.0625E-01 1.5213E+00
-7.9837E+00 4.9308E-01 2.6565E+00
GRADIENT: 6.1897E+01 -2.4613E+01 4.1774E+00 -5.1139E+00 2.1074E+02 5.2213E+00 8.8944E+00 7.5780E-01 4.8333E-02 7.1895E+00
0.0000E+00 -3.2347E+00 1.2161E-01

0ITERATION NO.: 35 OBJECTIVE VALUE: -53.8435142731952 NO. OF FUNC. EVALS.: 16
CUMULATIVE NO. OF FUNC. EVALS.: 757
NPARAMETR: 1.2089E+01 5.4481E+01 3.2666E+00 1.1146E+02 6.9412E+03 1.7351E+00 4.3800E-01 2.9447E-01 2.0039E-02 4.1547E-01
5.0000E-03 9.9199E-02 1.6803E+01
PARAMETER: 2.9976E-01 7.2499E-02 8.9817E-02 7.7440E-02 3.7759E+00 6.3295E-02 -3.6885E-01 3.9155E-01 1.0193E-01 1.5242E+00
-7.9837E+00 9.5977E-02 2.6621E+00
GRADIENT: 4.0795E+01 -4.5066E+01 3.2472E+01 -7.1393E+01 2.8016E+02 -2.2405E+01 1.6411E+01 -4.4131E-01 3.8892E-02 8.7733E+00
0.0000E+00 -1.9528E+00 2.2442E-01

0ITERATION NO.: 36 OBJECTIVE VALUE: -55.9834640018963 NO. OF FUNC. EVALS.: 14
CUMULATIVE NO. OF FUNC. EVALS.: 771
NPARAMETR: 9.9853E+00 5.5281E+01 3.2624E+00 1.1167E+02 6.9325E+03 1.7867E+00 4.3350E-01 2.9549E-01 1.9902E-02 4.1214E-01
5.0000E-03 4.9801E-02 1.6939E+01
PARAMETER: 1.0858E-01 8.7084E-02 8.8540E-02 7.9323E-02 3.7746E+00 9.2606E-02 -3.7919E-01 3.9502E-01 9.5104E-02 1.5162E+00
-7.9837E+00 -2.4857E-01 2.6661E+00
GRADIENT: 1.4422E+01 -1.3555E+01 -1.9288E+00 -2.4098E+01 2.2261E+02 -2.3442E+00 1.4141E+01 1.5160E+00 3.5966E-02 7.9156E+00
0.0000E+00 -4.8847E+00 2.6974E-01

0ITERATION NO.: 37 OBJECTIVE VALUE: -55.9834640018963 NO. OF FUNC. EVALS.: 35
CUMULATIVE NO. OF FUNC. EVALS.: 806
NPARAMETR: 9.9853E+00 5.5281E+01 3.2624E+00 1.1167E+02 6.9325E+03 1.7867E+00 4.3350E-01 2.9549E-01 1.9902E-02 4.1214E-01
5.0000E-03 4.9801E-02 1.6939E+01
PARAMETER: 1.0858E-01 8.7084E-02 8.8540E-02 7.9323E-02 3.7746E+00 9.2606E-02 -3.7919E-01 3.9502E-01 9.5104E-02 1.5162E+00
-7.9837E+00 -2.4857E-01 2.6661E+00
GRADIENT: -1.2558E+00 -2.8903E+01 -1.0443E+01 -4.8990E+01 6.8198E+02 4.2984E-01 1.0083E+01 -4.0885E+00 3.5848E-02 6.4598E-01
0.0000E+00 -4.8847E+00 2.6974E-01

0ITERATION NO.: 38 OBJECTIVE VALUE: -58.3168524944585 NO. OF FUNC. EVALS.: 48
CUMULATIVE NO. OF FUNC. EVALS.: 854 RESET HESSIAN, TYPE I
NPARAMETR: 9.8774E+00 5.8144E+01 3.2707E+00 1.1220E+02 7.2207E+03 1.7721E+00 4.2483E-01 2.9690E-01 1.9469E-02 4.0904E-01
5.0000E-03 9.8650E-02 1.7330E+01
PARAMETER: 9.7718E-02 1.3757E-01 9.1071E-02 8.4111E-02 3.8154E+00 8.4382E-02 -3.9939E-01 3.9976E-01 7.3102E-02 1.5087E+00
-7.9837E+00 9.3206E-02 2.6775E+00
GRADIENT: 2.1994E+00 3.2219E+01 -1.9854E+01 1.2970E+02 1.8035E+02 -3.6597E+01 -1.1053E+01 7.4658E+00 5.1479E-02 8.5128E+00
0.0000E+00 1.3058E+00 3.9788E-01

0ITERATION NO.: 39 OBJECTIVE VALUE: -58.4140617790866 NO. OF FUNC. EVALS.: 14
CUMULATIVE NO. OF FUNC. EVALS.: 868
NPARAMETR: 9.8602E+00 5.7919E+01 3.2722E+00 1.1210E+02 7.1579E+03 1.7927E+00 4.2620E-01 2.9668E-01 1.9458E-02 4.0699E-01
5.0000E-03 9.8999E-02 1.7256E+01
PARAMETER: 9.5975E-02 1.3369E-01 9.1550E-02 8.3226E-02 3.8066E+00 9.5933E-02 -3.9617E-01 3.9902E-01 7.2501E-02 1.5036E+00
-7.9837E+00 9.4968E-02 2.6754E+00
GRADIENT: 1.1580E+01 4.6574E+01 -1.6337E+01 1.1079E+02 1.7888E+02 -2.0074E+01 -6.7229E+00 5.7482E+00 4.6702E-02 7.5847E+00
0.0000E+00 1.3172E+00 3.6411E-01

0ITERATION NO.: 40 OBJECTIVE VALUE: -58.4140617790866 NO. OF FUNC. EVALS.: 38
CUMULATIVE NO. OF FUNC. EVALS.: 906
NPARAMETR: 9.8602E+00 5.7919E+01 3.2722E+00 1.1210E+02 7.1579E+03 1.7927E+00 4.2620E-01 2.9668E-01 1.9458E-02 4.0699E-01
5.0000E-03 9.8999E-02 1.7256E+01
PARAMETER: 9.5975E-02 1.3369E-01 9.1550E-02 8.3226E-02 3.8066E+00 9.5933E-02 -3.9617E-01 3.9902E-01 7.2501E-02 1.5036E+00
-7.9837E+00 9.4968E-02 2.6754E+00
GRADIENT: -2.0987E+00 2.4985E+01 -2.4735E+01 7.4523E+01 6.0711E+02 -2.7436E+01 -1.1261E+01 1.3967E-01 4.6553E-02 3.7055E-01
0.0000E+00 1.3172E+00 3.6411E-01

0ITERATION NO.: 41 OBJECTIVE VALUE: -59.1293588573354 NO. OF FUNC. EVALS.: 47
CUMULATIVE NO. OF FUNC. EVALS.: 953 RESET HESSIAN, TYPE I
NPARAMETR: 9.8853E+00 5.7371E+01 3.2790E+00 1.1174E+02 7.3777E+03 1.8153E+00 4.3013E-01 2.9672E-01 1.9490E-02 4.0628E-01
5.0000E-03 9.7428E-02 1.7334E+01
PARAMETER: 9.8518E-02 1.2419E-01 9.3608E-02 7.9941E-02 3.8369E+00 1.0848E-01 -3.8699E-01 3.9918E-01 7.4194E-02 1.5019E+00
-7.9837E+00 8.6973E-02 2.6776E+00
GRADIENT: 7.6663E+00 -4.6274E+01 3.4127E+01 -7.0185E+01 2.9213E+02 1.1447E+01 1.8713E+01 9.1893E-01 3.5576E-02 7.9226E+00
0.0000E+00 9.6368E-01 4.3003E-01

0ITERATION NO.: 42 OBJECTIVE VALUE: -59.2842361371830 NO. OF FUNC. EVALS.: 14
CUMULATIVE NO. OF FUNC. EVALS.: 967
NPARAMETR: 9.8230E+00 5.7477E+01 3.2788E+00 1.1175E+02 7.3101E+03 1.8195E+00 4.2993E-01 2.9670E-01 1.9500E-02 4.0411E-01
5.0000E-03 9.6653E-02 1.7261E+01
PARAMETER: 9.2194E-02 1.2603E-01 9.3562E-02 8.0102E-02 3.8277E+00 1.1079E-01 -3.8745E-01 3.9911E-01 7.4668E-02 1.4965E+00
-7.9837E+00 8.2981E-02 2.6755E+00
GRADIENT: 1.5225E+01 -2.4371E+01 2.5832E+01 -4.8207E+01 2.6569E+02 8.5745E+00 1.5526E+01 1.1923E+00 3.8188E-02 6.6285E+00
0.0000E+00 9.8701E-01 3.9321E-01

0ITERATION NO.: 43 OBJECTIVE VALUE: -59.2842361371830 NO. OF FUNC. EVALS.: 37
CUMULATIVE NO. OF FUNC. EVALS.: 1004
NPARAMETR: 9.8230E+00 5.7477E+01 3.2788E+00 1.1175E+02 7.3101E+03 1.8195E+00 4.2993E-01 2.9670E-01 1.9500E-02 4.0411E-01
5.0000E-03 9.6653E-02 1.7261E+01
PARAMETER: 9.2194E-02 1.2603E-01 9.3562E-02 8.0102E-02 3.8277E+00 1.1079E-01 -3.8745E-01 3.9911E-01 7.4668E-02 1.4965E+00
-7.9837E+00 8.2981E-02 2.6755E+00
GRADIENT: 1.6481E+00 -4.3078E+01 1.7249E+01 -7.7764E+01 7.6661E+02 2.8477E+00 1.1392E+01 -4.4795E+00 3.8063E-02 -6.0329E-01
0.0000E+00 9.8701E-01 3.9321E-01

0ITERATION NO.: 44 OBJECTIVE VALUE: -60.1281051744307 NO. OF FUNC. EVALS.: 48
CUMULATIVE NO. OF FUNC. EVALS.: 1052 RESET HESSIAN, TYPE I
NPARAMETR: 9.8214E+00 5.9658E+01 3.2676E+00 1.1264E+02 7.5191E+03 1.8134E+00 4.2063E-01 2.9843E-01 1.9306E-02 4.0437E-01
5.0000E-03 9.5647E-02 1.7208E+01
PARAMETER: 9.2027E-02 1.6328E-01 9.0145E-02 8.7961E-02 3.8559E+00 1.0741E-01 -4.0933E-01 4.0491E-01 6.4668E-02 1.4972E+00
-7.9837E+00 7.7747E-02 2.6740E+00
GRADIENT: 2.6945E+00 3.9284E+01 -3.1729E+01 1.3495E+02 2.0877E+02 -2.8068E+01 -1.1174E+01 1.1604E+01 4.8708E-02 7.8810E+00
0.0000E+00 1.0462E+00 3.2226E-01

0ITERATION NO.: 45 OBJECTIVE VALUE: -60.1281051744307 NO. OF FUNC. EVALS.: 33
CUMULATIVE NO. OF FUNC. EVALS.: 1085
NPARAMETR: 9.8214E+00 5.9658E+01 3.2676E+00 1.1264E+02 7.5191E+03 1.8134E+00 4.2063E-01 2.9843E-01 1.9306E-02 4.0437E-01
5.0000E-03 9.5647E-02 1.7208E+01
PARAMETER: 9.2027E-02 1.6328E-01 9.0145E-02 8.7961E-02 3.8559E+00 1.0741E-01 -4.0933E-01 4.0491E-01 6.4668E-02 1.4972E+00
-7.9837E+00 7.7747E-02 2.6740E+00
GRADIENT: -3.7115E+00 2.4542E+01 -3.9981E+01 1.1659E+02 6.7535E+02 -3.1608E+01 -1.5939E+01 5.9877E+00 4.8554E-02 7.2521E-01
0.0000E+00 1.0462E+00 3.2226E-01

0ITERATION NO.: 46 OBJECTIVE VALUE: -60.9858016035103 NO. OF FUNC. EVALS.: 47
CUMULATIVE NO. OF FUNC. EVALS.: 1132 RESET HESSIAN, TYPE I
NPARAMETR: 9.8454E+00 5.9389E+01 3.2786E+00 1.1226E+02 7.6084E+03 1.8353E+00 4.2413E-01 2.9788E-01 1.9285E-02 4.0361E-01
5.0000E-03 9.4448E-02 1.7238E+01
PARAMETER: 9.4473E-02 1.5876E-01 9.3498E-02 8.4643E-02 3.8677E+00 1.1940E-01 -4.0103E-01 4.0307E-01 6.3585E-02 1.4953E+00
-7.9837E+00 7.1439E-02 2.6748E+00
GRADIENT: 1.7324E+01 -1.7008E+01 1.1818E+01 2.4146E+01 2.7401E+02 -1.6029E+00 6.2713E+00 4.7734E+00 4.0533E-02 7.7015E+00
0.0000E+00 8.7952E-01 3.6102E-01

0ITERATION NO.: 47 OBJECTIVE VALUE: -60.9858016035103 NO. OF FUNC. EVALS.: 35
CUMULATIVE NO. OF FUNC. EVALS.: 1167
NPARAMETR: 9.8454E+00 5.9389E+01 3.2786E+00 1.1226E+02 7.6084E+03 1.8353E+00 4.2413E-01 2.9788E-01 1.9285E-02 4.0361E-01
5.0000E-03 9.4448E-02 1.7238E+01
PARAMETER: 9.4473E-02 1.5876E-01 9.3498E-02 8.4643E-02 3.8677E+00 1.1940E-01 -4.0103E-01 4.0307E-01 6.3585E-02 1.4953E+00
-7.9837E+00 7.1439E-02 2.6748E+00
GRADIENT: 7.0608E-01 -2.8721E+01 3.3510E+00 -1.4186E+01 7.9707E+02 -8.1904E+00 1.8522E+00 -9.0987E-01 4.0402E-02 5.4568E-01
0.0000E+00 8.7952E-01 3.6102E-01

0ITERATION NO.: 48 OBJECTIVE VALUE: -61.1860129179663 NO. OF FUNC. EVALS.: 45
CUMULATIVE NO. OF FUNC. EVALS.: 1212 RESET HESSIAN, TYPE I
NPARAMETR: 1.0852E+01 6.0505E+01 3.2774E+00 1.1236E+02 7.8090E+03 1.8511E+00 4.2275E-01 2.9816E-01 1.9253E-02 4.0116E-01
5.0000E-03 9.4305E-02 1.7250E+01
PARAMETER: 1.9184E-01 1.7738E-01 9.3129E-02 8.5526E-02 3.8937E+00 1.2801E-01 -4.0431E-01 4.0399E-01 6.1958E-02 1.4892E+00
-7.9837E+00 7.0683E-02 2.6752E+00
GRADIENT: 3.0647E+01 -2.3264E+01 1.3535E+01 3.0269E+01 2.9847E+02 9.9861E+00 5.2775E+00 5.2386E+00 3.8673E-02 7.4973E+00
0.0000E+00 7.7439E-02 3.5651E-01

0ITERATION NO.: 49 OBJECTIVE VALUE: -61.5509557584178 NO. OF FUNC. EVALS.: 15
CUMULATIVE NO. OF FUNC. EVALS.: 1227
NPARAMETR: 1.0086E+01 6.0577E+01 3.2771E+00 1.1236E+02 7.7682E+03 1.8503E+00 4.2260E-01 2.9810E-01 1.9253E-02 4.0054E-01
5.0000E-03 9.4301E-02 1.7226E+01
PARAMETER: 1.1864E-01 1.7856E-01 9.3032E-02 8.5471E-02 3.8884E+00 1.2757E-01 -4.0466E-01 4.0380E-01 6.1918E-02 1.4876E+00
-7.9837E+00 7.0659E-02 2.6745E+00
GRADIENT: 6.3547E+00 2.0876E+00 5.8214E+00 4.5340E+01 2.7594E+02 -3.9024E+00 3.5267E+00 5.8716E+00 4.2145E-02 7.3889E+00
0.0000E+00 7.6786E-01 3.3801E-01

0ITERATION NO.: 50 OBJECTIVE VALUE: -61.5509557584178 NO. OF FUNC. EVALS.: 35
CUMULATIVE NO. OF FUNC. EVALS.: 1262
NPARAMETR: 1.0086E+01 6.0577E+01 3.2771E+00 1.1236E+02 7.7682E+03 1.8503E+00 4.2260E-01 2.9810E-01 1.9253E-02 4.0054E-01
5.0000E-03 9.4301E-02 1.7226E+01
PARAMETER: 1.1864E-01 1.7856E-01 9.3032E-02 8.5471E-02 3.8884E+00 1.2757E-01 -4.0466E-01 4.0380E-01 6.1918E-02 1.4876E+00
-7.9837E+00 7.0659E-02 2.6745E+00
GRADIENT: 2.8816E+00 -2.1116E+01 -2.6094E+00 9.1956E+00 8.0482E+02 -8.0755E+00 -9.7415E-01 1.9230E-01 4.2009E-02 2.5976E-01
0.0000E+00 7.6786E-01 3.3801E-01

0ITERATION NO.: 51 OBJECTIVE VALUE: -61.6136198605934 NO. OF FUNC. EVALS.: 48
CUMULATIVE NO. OF FUNC. EVALS.: 1310 RESET HESSIAN, TYPE I
NPARAMETR: 1.0207E+01 6.1328E+01 3.2782E+00 1.1227E+02 7.9578E+03 1.8722E+00 4.2352E-01 2.9808E-01 1.9446E-02 3.9968E-01
5.0000E-03 7.7532E-02 1.7220E+01
PARAMETER: 1.3050E-01 1.9088E-01 9.3383E-02 8.4701E-02 3.9126E+00 1.3935E-01 -4.0247E-01 4.0374E-01 7.1918E-02 1.4855E+00
-7.9837E+00 -2.7240E-02 2.6743E+00
GRADIENT: 2.0847E+01 -2.9327E+01 2.1679E+01 -1.3847E+01 3.2038E+02 -9.8256E-01 1.0621E+01 2.8809E+00 3.2944E-02 7.5048E+00
0.0000E+00 -8.7266E-01 3.4525E-01

0ITERATION NO.: 52 OBJECTIVE VALUE: -61.9451954900200 NO. OF FUNC. EVALS.: 15
CUMULATIVE NO. OF FUNC. EVALS.: 1325
NPARAMETR: 1.0040E+01 6.1467E+01 3.2773E+00 1.1227E+02 7.8692E+03 1.8731E+00 4.2312E-01 2.9801E-01 1.9452E-02 3.9857E-01
5.0000E-03 7.7384E-02 1.7174E+01
PARAMETER: 1.1400E-01 1.9316E-01 9.3102E-02 8.4746E-02 3.9014E+00 1.3983E-01 -4.0343E-01 4.0351E-01 7.2219E-02 1.4827E+00
-7.9837E+00 -2.8198E-02 2.6730E+00
GRADIENT: 2.3011E+01 -3.2503E+00 9.0010E+00 3.9242E+01 2.8287E+02 1.2060E+01 6.1784E+00 3.9598E+00 3.9530E-02 6.8285E+00
0.0000E+00 -7.2797E-01 3.1854E-01

0ITERATION NO.: 53 OBJECTIVE VALUE: -61.9451954900200 NO. OF FUNC. EVALS.: 37
CUMULATIVE NO. OF FUNC. EVALS.: 1362
NPARAMETR: 1.0040E+01 6.1467E+01 3.2773E+00 1.1227E+02 7.8692E+03 1.8731E+00 4.2312E-01 2.9801E-01 1.9452E-02 3.9857E-01
5.0000E-03 7.7384E-02 1.7174E+01
PARAMETER: 1.1400E-01 1.9316E-01 9.3102E-02 8.4746E-02 3.9014E+00 1.3983E-01 -4.0343E-01 4.0351E-01 7.2219E-02 1.4827E+00
-7.9837E+00 -2.8198E-02 2.6730E+00
GRADIENT: 7.0031E-01 -2.3513E+01 5.5446E-01 3.7969E-01 8.1664E+02 -1.0777E+00 1.7293E+00 -1.7414E+00 3.9401E-02 -3.0614E-01
0.0000E+00 -7.2797E-01 3.1854E-01

0ITERATION NO.: 54 OBJECTIVE VALUE: -61.9706737101847 NO. OF FUNC. EVALS.: 47
CUMULATIVE NO. OF FUNC. EVALS.: 1409 RESET HESSIAN, TYPE I
NPARAMETR: 1.0019E+01 6.2212E+01 3.2785E+00 1.1228E+02 8.0427E+03 1.8745E+00 4.2221E-01 2.9871E-01 1.9422E-02 3.9814E-01
5.0000E-03 7.7477E-02 1.7348E+01
PARAMETER: 1.1192E-01 2.0519E-01 9.3452E-02 8.4836E-02 3.9232E+00 1.4054E-01 -4.0559E-01 4.0584E-01 7.0671E-02 1.4816E+00
-7.9837E+00 -2.7595E-02 2.6780E+00
GRADIENT: 1.0092E+01 -8.8571E+00 1.4992E+01 2.6689E+01 3.0601E+02 5.1070E+00 6.4386E+00 5.2208E+00 3.8940E-02 7.4429E+00
0.0000E+00 -8.3919E-01 3.8978E-01

0ITERATION NO.: 55 OBJECTIVE VALUE: -61.9706737101847 NO. OF FUNC. EVALS.: 33
CUMULATIVE NO. OF FUNC. EVALS.: 1442
NPARAMETR: 1.0019E+01 6.2212E+01 3.2785E+00 1.1228E+02 8.0427E+03 1.8745E+00 4.2221E-01 2.9871E-01 1.9422E-02 3.9814E-01
5.0000E-03 7.7477E-02 1.7348E+01
PARAMETER: 1.1192E-01 2.0519E-01 9.3452E-02 8.4836E-02 3.9232E+00 1.4054E-01 -4.0559E-01 4.0584E-01 7.0671E-02 1.4816E+00
-7.9837E+00 -2.7595E-02 2.6780E+00
GRADIENT: -9.9358E-01 -3.1084E+01 6.5496E+00 -1.3215E+01 8.6325E+02 -6.6043E+00 1.9674E+00 -4.9845E-01 3.8812E-02 3.5353E-01
0.0000E+00 -8.3919E-01 3.8978E-01

0ITERATION NO.: 56 OBJECTIVE VALUE: -62.0328481420391 NO. OF FUNC. EVALS.: 35
CUMULATIVE NO. OF FUNC. EVALS.: 1477
NPARAMETR: 1.0062E+01 6.2269E+01 3.2803E+00 1.1235E+02 7.9951E+03 1.8776E+00 4.2315E-01 2.9921E-01 1.9422E-02 4.0248E-01
5.0000E-03 7.7450E-02 1.7474E+01
PARAMETER: 1.1624E-01 2.0612E-01 9.4027E-02 8.5447E-02 3.9172E+00 1.4219E-01 -4.0336E-01 4.0751E-01 7.0672E-02 1.4925E+00
-7.9837E+00 -2.7768E-02 2.6817E+00
GRADIENT: 1.4781E+00 -2.1834E+01 2.0584E+00 9.5764E+00 8.3494E+02 -5.0070E+00 1.2473E+00 5.4944E-01 3.9184E-02 1.8433E+00
0.0000E+00 -7.4147E-01 4.5360E-01

0ITERATION NO.: 57 OBJECTIVE VALUE: -62.1193121477702 NO. OF FUNC. EVALS.: 48
CUMULATIVE NO. OF FUNC. EVALS.: 1525 RESET HESSIAN, TYPE I
NPARAMETR: 9.9458E+00 6.3017E+01 3.2795E+00 1.1227E+02 8.1419E+03 1.8886E+00 4.2253E-01 2.9912E-01 1.9229E-02 3.9713E-01
5.0000E-03 8.0812E-02 1.7269E+01
PARAMETER: 1.0462E-01 2.1805E-01 9.3763E-02 8.4711E-02 3.9354E+00 1.4807E-01 -4.0481E-01 4.0722E-01 6.0672E-02 1.4791E+00
-7.9837E+00 -6.5250E-03 2.6758E+00
GRADIENT: 2.1137E+01 -1.0118E+01 1.4797E+01 4.1283E+01 3.0784E+02 8.6567E-01 7.3067E+00 5.5436E+00 3.9021E-02 7.1121E+00
0.0000E+00 -4.6828E-01 3.5660E-01

0ITERATION NO.: 58 OBJECTIVE VALUE: -62.1193121477702 NO. OF FUNC. EVALS.: 33
CUMULATIVE NO. OF FUNC. EVALS.: 1558
NPARAMETR: 9.9458E+00 6.3017E+01 3.2795E+00 1.1227E+02 8.1419E+03 1.8886E+00 4.2253E-01 2.9912E-01 1.9229E-02 3.9713E-01
5.0000E-03 8.0812E-02 1.7269E+01
PARAMETER: 1.0462E-01 2.1805E-01 9.3763E-02 8.4711E-02 3.9354E+00 1.4807E-01 -4.0481E-01 4.0722E-01 6.0672E-02 1.4791E+00
-7.9837E+00 -6.5250E-03 2.6758E+00
GRADIENT: -9.1939E-01 -2.8231E+01 6.3742E+00 -6.8765E+00 8.7296E+02 -3.3244E+00 2.8569E+00 -1.9218E-01 3.8894E-02 1.7492E-02
0.0000E+00 -4.6828E-01 3.5660E-01

0ITERATION NO.: 59 OBJECTIVE VALUE: -62.1648345813621 NO. OF FUNC. EVALS.: 35
CUMULATIVE NO. OF FUNC. EVALS.: 1593
NPARAMETR: 1.0216E+01 6.3029E+01 3.2817E+00 1.1237E+02 8.0894E+03 1.8896E+00 4.2367E-01 2.9966E-01 1.9231E-02 4.0162E-01
5.0000E-03 8.0716E-02 1.7397E+01
PARAMETER: 1.3137E-01 2.1824E-01 9.4432E-02 8.5636E-02 3.9290E+00 1.4856E-01 -4.0213E-01 4.0903E-01 6.0794E-02 1.4903E+00
-7.9837E+00 -7.1139E-03 2.6794E+00
GRADIENT: 8.5655E+00 -2.5250E+01 6.0431E+00 8.4154E+00 8.6619E+02 -4.0878E+00 1.3865E+00 2.7959E-01 3.4238E-02 1.5190E+00
0.0000E+00 -3.6722E-01 4.2244E-01

0ITERATION NO.: 60 OBJECTIVE VALUE: -62.1648345813621 NO. OF FUNC. EVALS.: 33
CUMULATIVE NO. OF FUNC. EVALS.: 1626
NPARAMETR: 1.0192E+01 6.3370E+01 3.2804E+00 1.1231E+02 8.1653E+03 1.8920E+00 4.2316E-01 2.9937E-01 1.9170E-02 3.9861E-01
5.0000E-03 8.1064E-02 1.7294E+01
PARAMETER: 1.3137E-01 2.1824E-01 9.4432E-02 8.5636E-02 3.9290E+00 1.4856E-01 -4.0213E-01 4.0903E-01 6.0794E-02 1.4903E+00
-7.9837E+00 -7.1139E-03 2.6794E+00
GRADIENT: 2.2259E+00 -1.8863E+01 3.3827E+00 1.3998E+01 -2.6817E+01 -2.4616E+00 1.3243E+00 1.4274E+00 6.7825E-01 2.2224E+00
0.0000E+00 -7.4516E-01 8.5382E-02

#TERM:
0MINIMIZATION TERMINATED
DUE TO ROUNDING ERRORS (ERROR=134)
NO. OF FUNCTION EVALUATIONS USED: 1626
NO. OF SIG. DIGITS UNREPORTABLE
0PARAMETER ESTIMATE IS NEAR ITS BOUNDARY

ETABAR IS THE ARITHMETIC MEAN OF THE ETA-ESTIMATES,
AND THE P-VALUE IS GIVEN FOR THE NULL HYPOTHESIS THAT THE TRUE MEAN IS 0.

ETABAR: -2.3436E-02 4.0500E+00
SE: 1.4310E-01 1.2760E-01
N: 4 4

P VAL.: 8.6991E-01 4.876E-221

ETASHRINKSD(%) 1.0000E-10 9.2935E+01
ETASHRINKVR(%) 1.0000E-10 9.9501E+01
EBVSHRINKSD(%) 1.2033E+00 2.4402E-02
EBVSHRINKVR(%) 2.3922E+00 4.8799E-02
EPSSHRINKSD(%) 1.0353E+00
EPSSHRINKVR(%) 2.0600E+00


TOTAL DATA POINTS NORMALLY DISTRIBUTED (N): 430
N*LOG(2PI) CONSTANT TO OBJECTIVE FUNCTION: 790.28713855601848
OBJECTIVE FUNCTION VALUE WITHOUT CONSTANT: -62.164834581362072
OBJECTIVE FUNCTION VALUE WITH CONSTANT: 728.12230397465646
REPORTED OBJECTIVE FUNCTION DOES NOT CONTAIN CONSTANT

TOTAL EFFECTIVE ETAS (NIND*NETA): 8

#TERE:
Elapsed estimation time in seconds: 181.78
Elapsed postprocess time in seconds: 2.45
1




















************************************************************************************************************************
******************** ********************
******************** FIRST ORDER CONDITIONAL ESTIMATION WITH INTERACTION ********************
#OBJT:************** MINIMUM VALUE OF OBJECTIVE FUNCTION ********************
******************** ********************
************************************************************************************************************************






#OBJV:******************************************** -62.165 **************************************************
1
************************************************************************************************************************
******************** ********************
******************** FIRST ORDER CONDITIONAL ESTIMATION WITH INTERACTION ********************
******************** FINAL PARAMETER ESTIMATE ********************
******************** ********************
************************************************************************************************************************



THETA - VECTOR OF FIXED EFFECTS PARAMETERS *********


TH 1 TH 2 TH 3 TH 4 TH 5 TH 6 TH 7 TH 8 TH 9 TH10 TH11 TH12
TH13 TH14

1.02E+01 6.30E+01 3.28E+00 6.96E+03 1.12E+02 8.09E+03 1.89E+00 4.24E-01 0.00E+00 3.00E-01 1.92E-02 4.02E-01
0.00E+00 5.00E-03



OMEGA - COV MATRIX FOR RANDOM EFFECTS - ETAS ********


ETA1 ETA2

ETA1
+ 8.07E-02

ETA2
+ 0.00E+00 1.74E+01



SIGMA - COV MATRIX FOR RANDOM EFFECTS - EPSILONS ****


EPS1

EPS1
+ 1.00E+00

1


OMEGA - CORR MATRIX FOR RANDOM EFFECTS - ETAS *******


ETA1 ETA2

ETA1
+ 2.84E-01

ETA2
+ 0.00E+00 4.17E+00



SIGMA - CORR MATRIX FOR RANDOM EFFECTS - EPSILONS ***


EPS1

EPS1
+ 1.00E+00

Elapsed finaloutput time in seconds: 0.04
1THERE ARE ERROR MESSAGES IN FILE PRDERR
#CPUT: Total CPU Time in Seconds, 184.263
Stop Time:
Fri Oct 4 17:14:03 CEST 2019