Mon 05/15/2023 
10:32 PM
;; 1. Based on: run7
;; 2. Description:              
;; x1. Author: Iasiimwe
$PROBLEM    2 cmpt,lvr,3 trnst,CLint/Vc corr
; Shouldn't be better - should just not be worse; aim is to change CL to one based on CLint, which is more meaningful - no additional parameter added.
$ABBREVIATED DERIV2=NO
; For analysis
$INPUT      C RECN STUDYN SUBJID ID ID_2 FORM AMT NTIME TIME_ORGNL
            TIME EVID CMT DVID DV MDV M1_F DV_M3 MDV_M3 M3_F DV_M5
            MDV_M5 M5_F DV_M6 MDV_M6 M6_F LLOQ BLQ AGE SEX RACE WT HT
            BMI FFM FAT SMK=DROP SMK_2 ALC=DROP ALC_2 GENO=DROP
            PREDOSE USUBJID=DROP
; For VPC

; $INPUT C RECN STUDYN SUBJID ID ID_2 FORM AMT NTIME TIME_ORGNL TIME EVID CMT DVID DV_M1 MDV_M1 M1_F DV MDV M3_F DV_M5 MDV_M5 M5_F DV_M6 MDV_M6 M6_F LLOQ BLQ AGE SEX RACE WT HT BMI FFM FAT SMK=DROP SMK_2 ALC=DROP ALC_2 GENO=DROP PREDOSE USUBJID=DROP
$DATA      desipramine_poppk_11_05_2023.csv IGNORE=C
            IGNORE=(M3_F.EQ.1,PREDOSE.EQ.1,STUDYN.EQ.700,STUDYN.EQ.800)
$SUBROUTINE ADVAN5
$MODEL      COMP (DEPOT,DEFDOS) COMP (CENTRAL,DEFOBS) COMP
            (PERIPHERAL) COMP (LIVER) COMP (TRANSIT1) COMP (TRANSIT2)
            COMP (TRANSIT3)
$PK
TVCLint = THETA(1)   
TVV2 = THETA(2) 
TVKTR = THETA(3)
TVV3 = THETA(4) 
TVBIO = THETA(5) 
TVQ = THETA(6) 

CLint = TVCLint * EXP(ETA(1)) 
V2 = TVV2 * EXP(ETA(2)) 
KTR = TVKTR * EXP(ETA(3)) 
V3 = TVV3 * EXP(ETA(4)) 
BIO = TVBIO * EXP(ETA(5)) 
Q = TVQ * EXP(ETA(6))

; Central volume scaling
S2=V2

; Hepatic blood flow and volume
QHB = 3.75 * WT**0.75 ; Hepatic blood flow (PMIDs: 20840444, 30091858)
QH = QHB * 0.96 ; Hepatic plasma flow (see below)
VH = 1 ; Liver volume fixed to 1 L (PMID: 30091858)

; Well-stirred hepatic clearance
FU = 0.2 ; Fraction of desipramine unbound in plasma
BPR = 0.96 ; Desipramine blood:plasma ratio
FUB = FU/BPR ; Fraction unbound in blood
EH = CLint*FUB/(QH+(CLint*FUB)) ; Hepatic extraction/clearance
FH = 1-EH ; Fraction reaching systemic circulation
CLH = QH*EH ; Hepatic clearance

; Micro-rate parameter definitions
F1 = BIO
K15 = KTR
K56 = KTR
K67 = KTR
K74 = KTR
K42 = FH * QH/VH 
K40 = CLH/VH
K24 = QH/V2
K23 = Q/V2
K32 = Q/V3

$THETA  (0,500) ; CLint
 (0,1000) ; Vc
 (0,1) ; KTR
 (0,500) ; Vp
 1 FIX ; BIO
 (0,50) ; Q
 (0,0.3) ; Proportional
 (0,0.2) ; Additive
$OMEGA  BLOCK(2)
 0.6  ;  BSV CLint
 0.01 0.1  ;     BSV Vc
$OMEGA  0.1  ;    BSV KTR
 0  FIX  ;     BSV Vp
 0  FIX  ;    BSV BIO
 0  FIX  ;      BSV Q
$ERROR ; Beal method 3
; residual error is coded using THETAs rather than EPS’s or ERR
ADD = THETA(7)
PROP = F*THETA(8)
SD = SQRT(ADD*ADD+PROP*PROP) ; combined error model 
IF (BLQ.EQ.1) THEN 
   F_FLAG=1 ; probability that F is less than LLOQ for missing concentrations 
   Y=PHI((LLOQ-F)/SD) 
ELSE
   F_FLAG=0 ; regular likelihood for measured concentrations 
   Y = F + SD*EPS(1) 
ENDIF 

IPRED=F 

W = 1
IRES = DV-IPRED
IWRES = IRES/W

$SIGMA  1  FIX  ; Not estimated
$ESTIMATION METHOD=1 LAPLACIAN INTERACTION NUMERICAL SLOW
            MAXEVALS=9999 POSTHOC NOABORT SIGL=9 PRINT=5 NSIG=2
$COVARIANCE UNCONDITIONAL MATRIX=S
$TABLE      ID TIME DV IPRED WRES CWRES CLint ETA1 V2 ETA2 KTR ETA3 V3
            ETA6 NOPRINT ONEHEADER FILE=run9results.csv

  
NM-TRAN MESSAGES 
  
 WARNINGS AND ERRORS (IF ANY) FOR PROBLEM    1
             
 (WARNING  2) NM-TRAN INFERS THAT THE DATA ARE POPULATION.
  
License Registered to: Certara
Expiration Date:    14 MAR 2024
Current Date:       15 MAY 2023
Days until program expires : 304
1NONLINEAR MIXED EFFECTS MODEL PROGRAM (NONMEM) VERSION 7.5.1
 ORIGINALLY DEVELOPED BY STUART BEAL, LEWIS SHEINER, AND ALISON BOECKMANN
 CURRENT DEVELOPERS ARE ROBERT BAUER, ICON DEVELOPMENT SOLUTIONS,
 AND ALISON BOECKMANN. IMPLEMENTATION, EFFICIENCY, AND STANDARDIZATION
 PERFORMED BY NOUS INFOSYSTEMS.

 PROBLEM NO.:         1
 2 cmpt,lvr,3 trnst,CLint/Vc corr
0DATA CHECKOUT RUN:              NO
 DATA SET LOCATED ON UNIT NO.:    2
 THIS UNIT TO BE REWOUND:        NO
 NO. OF DATA RECS IN DATA SET:     1546
 NO. OF DATA ITEMS IN DATA SET:  39
 ID DATA ITEM IS DATA ITEM NO.:   5
 DEP VARIABLE IS DATA ITEM NO.:  15
 MDV DATA ITEM IS DATA ITEM NO.: 16
0INDICES PASSED TO SUBROUTINE PRED:
  12  11   8   0   0   0  13   0   0   0   0
0LABELS FOR DATA ITEMS:
 C RECN STUDYN SUBJID ID ID_2 FORM AMT NTIME TIME_ORGNL TIME EVID CMT DVID DV MDV M1_F DV_M3 MDV_M3 M3_F DV_M5 MDV_M5 M5_F
 DV_M6 MDV_M6 M6_F LLOQ BLQ AGE SEX RACE WT HT BMI FFM FAT SMK_2 ALC_2 PREDOSE
0(NONBLANK) LABELS FOR PRED-DEFINED ITEMS:
 CLint V2 KTR V3 IPRED
0FORMAT FOR DATA:
 (13(3E20.0/))

 TOT. NO. OF OBS RECS:     1121
 TOT. NO. OF INDIVIDUALS:      114
0LENGTH OF THETA:   8
0DEFAULT THETA BOUNDARY TEST OMITTED:    NO
0OMEGA HAS BLOCK FORM:
  1
  1  1
  0  0  2
  0  0  0  3
  0  0  0  0  4
  0  0  0  0  0  5
0DEFAULT OMEGA BOUNDARY TEST OMITTED:    NO
0SIGMA HAS SIMPLE DIAGONAL FORM WITH DIMENSION:   1
0DEFAULT SIGMA BOUNDARY TEST OMITTED:    NO
0INITIAL ESTIMATE OF THETA:
 LOWER BOUND    INITIAL EST    UPPER BOUND
  0.0000E+00     0.5000E+03     0.1000E+07
  0.0000E+00     0.1000E+04     0.1000E+07
  0.0000E+00     0.1000E+01     0.1000E+07
  0.0000E+00     0.5000E+03     0.1000E+07
  0.1000E+01     0.1000E+01     0.1000E+01
  0.0000E+00     0.5000E+02     0.1000E+07
  0.0000E+00     0.3000E+00     0.1000E+07
  0.0000E+00     0.2000E+00     0.1000E+07
0INITIAL ESTIMATE OF OMEGA:
 BLOCK SET NO.   BLOCK                                                                    FIXED
        1                                                                                   NO
                  0.6000E+00
                  0.1000E-01   0.1000E+00
        2                                                                                   NO
                  0.1000E+00
        3                                                                                  YES
                  0.0000E+00
        4                                                                                  YES
                  0.0000E+00
        5                                                                                  YES
                  0.0000E+00
0INITIAL ESTIMATE OF SIGMA:
 0.1000E+01
0SIGMA CONSTRAINED TO BE THIS INITIAL ESTIMATE
0COVARIANCE STEP OMITTED:        NO
 R MATRIX SUBSTITUTED:           NO
 S MATRIX SUBSTITUTED:          YES
 EIGENVLS. PRINTED:              NO
 SPECIAL COMPUTATION:            NO
 COMPRESSED FORMAT:              NO
 GRADIENT METHOD USED:       SLOW
 SIGDIGITS ETAHAT (SIGLO):                  -1
 SIGDIGITS GRADIENTS (SIGL):                -1
 EXCLUDE COV FOR FOCE (NOFCOV):              NO
 Cholesky Transposition of R Matrix (CHOLROFF):0
 KNUTHSUMOFF:                                -1
 RESUME COV ANALYSIS (RESUME):               NO
 SIR SAMPLE SIZE (SIRSAMPLE):
 NON-LINEARLY TRANSFORM THETAS DURING COV (THBND): 1
 PRECONDTIONING CYCLES (PRECOND):        0
 PRECONDTIONING TYPES (PRECONDS):        TOS
 FORCED PRECONDTIONING CYCLES (PFCOND):0
 PRECONDTIONING TYPE (PRETYPE):        0
 FORCED POS. DEFINITE SETTING DURING PRECONDITIONING: (FPOSDEF):0
 SIMPLE POS. DEFINITE SETTING: (POSDEF):-1
0TABLES STEP OMITTED:    NO
 NO. OF TABLES:           1
 SEED NUMBER (SEED):    11456
 NPDTYPE:    0
 INTERPTYPE:    0
 RANMETHOD:             3U
 MC SAMPLES (ESAMPLE):    300
 WRES SQUARE ROOT TYPE (WRESCHOL): EIGENVALUE
0-- TABLE   1 --
0RECORDS ONLY:    ALL
04 COLUMNS APPENDED:    YES
 PRINTED:                NO
 HEADERS:               ONE
 FILE TO BE FORWARDED:   NO
 FORMAT:                S1PE11.4
 IDFORMAT:
 LFORMAT:
 RFORMAT:
 FIXED_EFFECT_ETAS:
0USER-CHOSEN ITEMS:
 ID TIME DV IPRED CWRES CLint ETA1 V2 ETA2 KTR ETA3 V3 ETA6
1DOUBLE PRECISION PREDPP VERSION 7.5.1

 GENERAL LINEAR KINETICS MODEL (ADVAN5)
0MODEL SUBROUTINE USER-SUPPLIED - ID NO. 9999
0MAXIMUM NO. OF BASIC PK PARAMETERS:   9
0RATE CONSTANT PARAMETERS - ASSIGNMENT OF ROWS IN GG
            TO COMPT.
  FROM      1    2    3    4    5    6    7    8
  COMPT.
    1       *    -    -    -    1    -    -    -
    2       -    *    8    7    -    -    -    -
    3       -    9    *    -    -    -    -    -
    4       -    5    -    *    -    -    -    6
    5       -    -    -    -    *    2    -    -
    6       -    -    -    -    -    *    3    -
    7       -    -    -    4    -    -    *    -
             * LINK FROM A COMPARTMENT TO ITSELF IS NOT POSSIBLE
             - LINK BETWEEN THESE COMPARTMENTS IS NOT DEFINED FOR THIS MODEL
0COMPARTMENT ATTRIBUTES
 COMPT. NO.   FUNCTION                         INITIAL    ON/OFF      DOSE      DEFAULT    DEFAULT
                                               STATUS     ALLOWED    ALLOWED    FOR DOSE   FOR OBS.
    1         DEPOT                              ON         YES        YES        YES        NO
    2         CENTRAL                            ON         YES        YES        NO         YES
    3         PERIPHERAL                         ON         YES        YES        NO         NO
    4         LIVER                              ON         YES        YES        NO         NO
    5         TRANSIT1                           ON         YES        YES        NO         NO
    6         TRANSIT2                           ON         YES        YES        NO         NO
    7         TRANSIT3                           ON         YES        YES        NO         NO
    8         OUTPUT                             OFF        YES        NO         NO         NO
1
 ADDITIONAL PK PARAMETERS - ASSIGNMENT OF ROWS IN GG
 COMPT. NO.                             INDICES
              SCALE      BIOAVAIL.   ZERO-ORDER  ZERO-ORDER  ABSORB
                         FRACTION    RATE        DURATION    LAG
    1            *          11           *           *           *
    2           10           *           *           *           *
    3            *           *           *           *           *
    4            *           *           *           *           *
    5            *           *           *           *           *
    6            *           *           *           *           *
    7            *           *           *           *           *
    8            *           -           -           -           -
             - PARAMETER IS NOT ALLOWED FOR THIS MODEL
             * PARAMETER IS NOT SUPPLIED BY PK SUBROUTINE;
               WILL DEFAULT TO ONE IF APPLICABLE
0DATA ITEM INDICES USED BY PRED ARE:
   EVENT ID DATA ITEM IS DATA ITEM NO.:     12
   TIME DATA ITEM IS DATA ITEM NO.:         11
   DOSE AMOUNT DATA ITEM IS DATA ITEM NO.:   8
   COMPT. NO. DATA ITEM IS DATA ITEM NO.:   13

0PK SUBROUTINE CALLED WITH EVERY EVENT RECORD.
 PK SUBROUTINE NOT CALLED AT NONEVENT (ADDITIONAL OR LAGGED) DOSE TIMES.
0ERROR SUBROUTINE CALLED WITH EVERY EVENT RECORD.
1


 #TBLN:      1
 #METH: Laplacian Conditional Estimation with Interaction

 ESTIMATION STEP OMITTED:                 NO
 ANALYSIS TYPE:                           POPULATION
 NUMBER OF SADDLE POINT RESET ITERATIONS:      0
 GRADIENT METHOD USED:               SLOW
 CONDITIONAL ESTIMATES USED:              YES
 CENTERED ETA:                            NO
 EPS-ETA INTERACTION:                     YES
 LAPLACIAN OBJ. FUNC.:                    YES
 NUMERICAL 2ND DERIVATIVES:               YES
 NO. OF FUNCT. EVALS. ALLOWED:            9999
 NO. OF SIG. FIGURES REQUIRED:            2
 INTERMEDIATE PRINTOUT:                   YES
 ESTIMATE OUTPUT TO MSF:                  NO
 ABORT WITH PRED EXIT CODE 1:             NO
 IND. OBJ. FUNC. VALUES SORTED:           NO
 NUMERICAL DERIVATIVE
       FILE REQUEST (NUMDER):               NONE
 MAP (ETAHAT) ESTIMATION METHOD (OPTMAP):   0
 ETA HESSIAN EVALUATION METHOD (ETADER):    0
 INITIAL ETA FOR MAP ESTIMATION (MCETA):    0
 SIGDIGITS FOR MAP ESTIMATION (SIGLO):      9
 GRADIENT SIGDIGITS OF
       FIXED EFFECTS PARAMETERS (SIGL):     9
 NOPRIOR SETTING (NOPRIOR):                 0
 NOCOV SETTING (NOCOV):                     OFF
 DERCONT SETTING (DERCONT):                 OFF
 FINAL ETA RE-EVALUATION (FNLETA):          1
 EXCLUDE NON-INFLUENTIAL (NON-INFL.) ETAS
       IN SHRINKAGE (ETASTYPE):             NO
 NON-INFL. ETA CORRECTION (NONINFETA):      0
 RAW OUTPUT FILE (FILE): psn.ext
 EXCLUDE TITLE (NOTITLE):                   NO
 EXCLUDE COLUMN LABELS (NOLABEL):           NO
 FORMAT FOR ADDITIONAL FILES (FORMAT):      S1PE12.5
 PARAMETER ORDER FOR OUTPUTS (ORDER):       TSOL
 KNUTHSUMOFF:                               0
 INCLUDE LNTWOPI:                           NO
 INCLUDE CONSTANT TERM TO PRIOR (PRIORC):   NO
 INCLUDE CONSTANT TERM TO OMEGA (ETA) (OLNTWOPI):NO
 ADDITIONAL CONVERGENCE TEST (CTYPE=4)?:    NO
 EM OR BAYESIAN METHOD USED:                 NONE


 THE FOLLOWING LABELS ARE EQUIVALENT
 PRED=PREDI
 RES=RESI
 WRES=WRESI
 IWRS=IWRESI
 IPRD=IPREDI
 IRS=IRESI

 MONITORING OF SEARCH:


0ITERATION NO.:    0    OBJECTIVE VALUE:   2996.77740914024        NO. OF FUNC. EVALS.:  12
 CUMULATIVE NO. OF FUNC. EVALS.:       12
 NPARAMETR:  5.0000E+02  1.0000E+03  1.0000E+00  5.0000E+02  5.0000E+01  3.0000E-01  2.0000E-01  6.0000E-01  1.0000E-02  1.0000E-01
             1.0000E-01
 PARAMETER:  1.0000E-01  1.0000E-01  1.0000E-01  1.0000E-01  1.0000E-01  1.0000E-01  1.0000E-01  1.0000E-01  1.0000E-01  1.0000E-01
             1.0000E-01
 GRADIENT:   2.2253E+01  2.0182E+02 -5.0474E+02  3.6071E+02 -8.1420E+01 -5.3957E+01  2.5495E+02  2.1274E-01 -1.5804E+01 -1.4487E+01
            -1.1638E+02

0ITERATION NO.:    5    OBJECTIVE VALUE:   2799.40673568861        NO. OF FUNC. EVALS.:  68
 CUMULATIVE NO. OF FUNC. EVALS.:       80
 NPARAMETR:  4.8249E+02  9.4676E+02  1.2807E+00  3.1894E+02  5.8309E+01  3.5077E-01  1.6143E-01  6.1364E-01  1.4149E-02  9.2792E-02
             1.0035E-01
 PARAMETER:  6.4356E-02  4.5294E-02  3.4740E-01 -3.4960E-01  2.5373E-01  2.5636E-01 -1.1424E-01  1.1124E-01  1.3991E-01  6.1667E-02
             1.0173E-01
 GRADIENT:   5.9862E+00  1.0257E+00 -3.6327E+01 -2.9738E+00 -4.5271E+00 -1.8664E+00  4.2411E+01 -3.7996E+00 -6.2456E+00  9.5572E+00
            -2.2493E+00

0ITERATION NO.:   10    OBJECTIVE VALUE:   2798.49014751077        NO. OF FUNC. EVALS.: 121
 CUMULATIVE NO. OF FUNC. EVALS.:      201
 NPARAMETR:  4.7219E+02  9.4809E+02  1.2862E+00  3.2403E+02  6.0847E+01  3.5149E-01  1.6057E-01  6.0618E-01  2.8163E-02  8.6786E-02
             9.8882E-02
 PARAMETER:  4.2766E-02  4.6693E-02  3.5170E-01 -3.3377E-01  2.9634E-01  2.5840E-01 -1.1959E-01  1.0512E-01  2.8019E-01  2.2374E-02
             9.4376E-02
 GRADIENT:  -3.4270E+00  1.6405E+01 -2.4508E+01  2.4114E+00  6.1581E-01 -3.2924E+00  2.8638E+01 -4.4465E+00 -1.0646E+00 -4.5373E+00
            -4.6501E+00

0ITERATION NO.:   15    OBJECTIVE VALUE:   2797.92991674859        NO. OF FUNC. EVALS.: 123
 CUMULATIVE NO. OF FUNC. EVALS.:      324
 NPARAMETR:  4.7341E+02  9.4172E+02  1.3021E+00  3.2056E+02  5.9994E+01  3.5729E-01  1.5773E-01  6.1753E-01  2.9839E-02  8.7892E-02
             1.0212E-01
 PARAMETER:  4.5350E-02  3.9954E-02  3.6401E-01 -3.4453E-01  2.8222E-01  2.7476E-01 -1.3743E-01  1.1440E-01  2.9413E-01  2.8034E-02
             1.1050E-01
 GRADIENT:  -1.5703E+00 -4.8570E+00  1.0012E+00 -2.0938E+00 -8.1323E-01 -1.6550E+00 -1.0785E+00 -8.0837E-01 -5.3914E-01 -2.5348E+00
             7.9776E-01

0ITERATION NO.:   20    OBJECTIVE VALUE:   2797.90130112274        NO. OF FUNC. EVALS.:  96
 CUMULATIVE NO. OF FUNC. EVALS.:      420
 NPARAMETR:  4.7634E+02  9.4485E+02  1.3020E+00  3.2136E+02  5.9986E+01  3.5865E-01  1.5784E-01  6.1877E-01  3.1496E-02  8.9533E-02
             1.0178E-01
 PARAMETER:  5.1514E-02  4.3266E-02  3.6387E-01 -3.4204E-01  2.8209E-01  2.7857E-01 -1.3673E-01  1.1541E-01  3.1015E-01  3.6519E-02
             1.0880E-01
 GRADIENT:   4.4461E-01  2.3449E+00  6.4097E-01 -2.1882E-01 -8.5734E-01  4.0102E-01  1.5466E+00 -2.1731E-01 -7.7515E-02  1.5759E-01
             1.2189E-02

0ITERATION NO.:   25    OBJECTIVE VALUE:   2797.88836764089        NO. OF FUNC. EVALS.:  77
 CUMULATIVE NO. OF FUNC. EVALS.:      497
 NPARAMETR:  4.7507E+02  9.4044E+02  1.3008E+00  3.2228E+02  6.1123E+01  3.5886E-01  1.5759E-01  6.1868E-01  3.2023E-02  9.0081E-02
             1.0192E-01
 PARAMETER:  4.8845E-02  3.8590E-02  3.6299E-01 -3.3919E-01  3.0086E-01  2.7916E-01 -1.3832E-01  1.1533E-01  3.1535E-01  3.9319E-02
             1.0953E-01
 GRADIENT:  -2.8370E+00 -4.4271E-01  8.9882E+00 -1.5598E+00  1.9130E+00  7.7866E+00  8.0231E+00 -5.0357E+00  4.2507E+00 -1.2421E+00
            -4.6086E+00

0ITERATION NO.:   30    OBJECTIVE VALUE:   2797.88697025322        NO. OF FUNC. EVALS.:  66
 CUMULATIVE NO. OF FUNC. EVALS.:      563
 NPARAMETR:  4.7583E+02  9.4194E+02  1.3008E+00  3.2227E+02  6.0892E+01  3.5872E-01  1.5762E-01  6.1922E-01  3.1740E-02  8.9758E-02
             1.0223E-01
 PARAMETER:  5.0455E-02  4.0190E-02  3.6295E-01 -3.3920E-01  2.9707E-01  2.7877E-01 -1.3810E-01  1.1577E-01  3.1244E-01  3.7659E-02
             1.1101E-01
 GRADIENT:   3.6680E+00  3.7399E+00  9.6726E-01 -2.0228E+00  1.2659E+00  6.9963E-01  2.2921E+00  4.4613E+00  9.1953E-01  1.5611E-01
             2.2342E+00

0ITERATION NO.:   35    OBJECTIVE VALUE:   2797.88326264947        NO. OF FUNC. EVALS.:  74
 CUMULATIVE NO. OF FUNC. EVALS.:      637
 NPARAMETR:  4.7601E+02  9.4160E+02  1.3000E+00  3.2449E+02  6.0978E+01  3.5899E-01  1.5770E-01  6.1945E-01  3.1742E-02  9.0663E-02
             1.0197E-01
 PARAMETER:  5.0841E-02  3.9826E-02  3.6240E-01 -3.3236E-01  2.9849E-01  2.7950E-01 -1.3764E-01  1.1595E-01  3.1240E-01  4.2771E-02
             1.0975E-01
 GRADIENT:   3.8977E-02  8.3517E-01 -1.5267E-01  8.9902E-01 -1.2044E+00 -3.6047E-01 -1.0008E+00  9.6754E-02 -2.0020E-01  9.9348E-01
            -1.3916E+00

0ITERATION NO.:   40    OBJECTIVE VALUE:   2797.87459870769        NO. OF FUNC. EVALS.:  80
 CUMULATIVE NO. OF FUNC. EVALS.:      717            RESET HESSIAN, TYPE II
 NPARAMETR:  4.7561E+02  9.4003E+02  1.2998E+00  3.2443E+02  6.1501E+01  3.5865E-01  1.5781E-01  6.1827E-01  3.2310E-02  9.0117E-02
             1.0164E-01
 PARAMETER:  4.9985E-02  3.8161E-02  3.6221E-01 -3.3253E-01  3.0704E-01  2.7857E-01 -1.3692E-01  1.1499E-01  3.1830E-01  3.9345E-02
             1.0812E-01
 GRADIENT:  -1.4993E+00  2.2868E-01  4.4289E-01 -1.1501E+00 -7.9321E-01 -3.5678E-01  5.0565E-01 -2.9909E+00 -4.6897E-01 -1.0026E+00
             1.6915E+00

0ITERATION NO.:   45    OBJECTIVE VALUE:   2797.87159905229        NO. OF FUNC. EVALS.: 126
 CUMULATIVE NO. OF FUNC. EVALS.:      843
 NPARAMETR:  4.7566E+02  9.3985E+02  1.2995E+00  3.2473E+02  6.1644E+01  3.5864E-01  1.5772E-01  6.1916E-01  3.1703E-02  9.0606E-02
             1.0162E-01
 PARAMETER:  5.0091E-02  3.7966E-02  3.6199E-01 -3.3162E-01  3.0935E-01  2.7853E-01 -1.3752E-01  1.1572E-01  3.1208E-01  4.2469E-02
             1.0801E-01
 GRADIENT:  -5.8500E-02  1.2177E+00  4.7909E-01 -7.1609E-01 -2.1884E-01 -1.0373E-01  6.7032E-01 -2.0840E-01  4.4379E-03  4.4885E-01
            -2.0343E-01

0ITERATION NO.:   50    OBJECTIVE VALUE:   2797.87123873773        NO. OF FUNC. EVALS.: 105
 CUMULATIVE NO. OF FUNC. EVALS.:      948
 NPARAMETR:  4.7572E+02  9.3985E+02  1.2995E+00  3.2473E+02  6.1644E+01  3.5864E-01  1.5772E-01  6.1976E-01  3.1715E-02  9.0370E-02
             1.0167E-01
 PARAMETER:  5.0215E-02  3.7964E-02  3.6199E-01 -3.3162E-01  3.0936E-01  2.7853E-01 -1.3752E-01  1.1620E-01  3.1205E-01  4.1142E-02
             1.0830E-01
 GRADIENT:  -1.1918E-02  1.1692E+00  4.9545E-01 -6.0604E-01 -2.0028E-01 -1.2173E-01  6.3984E-01  6.9782E-02 -4.1744E-03 -4.2921E-03
            -2.0308E-02

0ITERATION NO.:   53    OBJECTIVE VALUE:   2797.87119438268        NO. OF FUNC. EVALS.:  49
 CUMULATIVE NO. OF FUNC. EVALS.:      997
 NPARAMETR:  4.7549E+02  9.3981E+02  1.2995E+00  3.2475E+02  6.1649E+01  3.5864E-01  1.5771E-01  6.1929E-01  3.1678E-02  9.0328E-02
             1.0163E-01
 PARAMETER:  4.9747E-02  3.7917E-02  3.6197E-01 -3.3156E-01  3.0944E-01  2.7855E-01 -1.3755E-01  1.1582E-01  3.1181E-01  4.0921E-02
             1.0810E-01
 GRADIENT:  -1.6896E-01  1.2106E+00  4.7102E-01 -5.6899E-01 -1.7670E-01 -1.0890E-01  5.5450E-01 -1.3803E-01 -2.4444E-02 -5.4210E-02
            -6.0085E-02

 #TERM:
0MINIMIZATION SUCCESSFUL
 NO. OF FUNCTION EVALUATIONS USED:      997
 NO. OF SIG. DIGITS IN FINAL EST.:  2.1

 ETABAR IS THE ARITHMETIC MEAN OF THE ETA-ESTIMATES,
 AND THE P-VALUE IS GIVEN FOR THE NULL HYPOTHESIS THAT THE TRUE MEAN IS 0.

 ETABAR:         1.2505E-02  2.8412E-03 -9.4913E-03  0.0000E+00  0.0000E+00  0.0000E+00
 SE:             7.3139E-02  2.5425E-02  2.8452E-02  0.0000E+00  0.0000E+00  0.0000E+00
 N:                     114         114         114         114         114         114

 P VAL.:         8.6424E-01  9.1102E-01  7.3869E-01  1.0000E+00  1.0000E+00  1.0000E+00

 ETASHRINKSD(%)  7.6792E-01  9.6760E+00  4.7088E+00  0.0000E+00  0.0000E+00  0.0000E+00
 ETASHRINKVR(%)  1.5299E+00  1.8416E+01  9.1958E+00  0.0000E+00  0.0000E+00  0.0000E+00
 EBVSHRINKSD(%)  6.1881E-01  8.8516E+00  3.9777E+00  0.0000E+00  0.0000E+00  0.0000E+00
 EBVSHRINKVR(%)  1.2338E+00  1.6920E+01  7.7971E+00  0.0000E+00  0.0000E+00  0.0000E+00
 RELATIVEINF(%)  9.8421E+01  8.1948E+01  9.1624E+01  0.0000E+00  0.0000E+00  0.0000E+00
 EPSSHRINKSD(%)  1.4023E+01
 EPSSHRINKVR(%)  2.6080E+01

  
 TOTAL DATA POINTS NORMALLY DISTRIBUTED (N):         1121
 N*LOG(2PI) CONSTANT TO OBJECTIVE FUNCTION:    2060.2601914448760     
 OBJECTIVE FUNCTION VALUE WITHOUT CONSTANT:    2797.8711943826752     
 OBJECTIVE FUNCTION VALUE WITH CONSTANT:       4858.1313858275516     
 REPORTED OBJECTIVE FUNCTION DOES NOT CONTAIN CONSTANT
  
 TOTAL EFFECTIVE ETAS (NIND*NETA):                           342
  
 #TERE:
 Elapsed estimation  time in seconds:  4850.13
 Elapsed covariance  time in seconds:   132.03
 Elapsed postprocess time in seconds:     4.69
1
 
 
 
 
 
 
 
 
 
 
 
 
 
 
 
 
 
 
 
 
 ************************************************************************************************************************
 ********************                                                                                ********************
 ********************                LAPLACIAN CONDITIONAL ESTIMATION WITH INTERACTION               ********************
 #OBJT:**************                       MINIMUM VALUE OF OBJECTIVE FUNCTION                      ********************
 ********************                                                                                ********************
 ************************************************************************************************************************
 





 #OBJV:********************************************     2797.871       **************************************************
1
 ************************************************************************************************************************
 ********************                                                                                ********************
 ********************                LAPLACIAN CONDITIONAL ESTIMATION WITH INTERACTION               ********************
 ********************                             FINAL PARAMETER ESTIMATE                           ********************
 ********************                                                                                ********************
 ************************************************************************************************************************
 


 THETA - VECTOR OF FIXED EFFECTS PARAMETERS   *********


         TH 1      TH 2      TH 3      TH 4      TH 5      TH 6      TH 7      TH 8     
 
         4.75E+02  9.40E+02  1.30E+00  3.25E+02  1.00E+00  6.16E+01  3.59E-01  1.58E-01
 


 OMEGA - COV MATRIX FOR RANDOM EFFECTS - ETAS  ********


         ETA1      ETA2      ETA3      ETA4      ETA5      ETA6     
 
 ETA1
+        6.19E-01
 
 ETA2
+        3.17E-02  9.03E-02
 
 ETA3
+        0.00E+00  0.00E+00  1.02E-01
 
 ETA4
+        0.00E+00  0.00E+00  0.00E+00  0.00E+00
 
 ETA5
+        0.00E+00  0.00E+00  0.00E+00  0.00E+00  0.00E+00
 
 ETA6
+        0.00E+00  0.00E+00  0.00E+00  0.00E+00  0.00E+00  0.00E+00
 


 SIGMA - COV MATRIX FOR RANDOM EFFECTS - EPSILONS  ****


         EPS1     
 
 EPS1
+        1.00E+00
 
1


 OMEGA - CORR MATRIX FOR RANDOM EFFECTS - ETAS  *******


         ETA1      ETA2      ETA3      ETA4      ETA5      ETA6     
 
 ETA1
+        7.87E-01
 
 ETA2
+        1.34E-01  3.01E-01
 
 ETA3
+        0.00E+00  0.00E+00  3.19E-01
 
 ETA4
+        0.00E+00  0.00E+00  0.00E+00  0.00E+00
 
 ETA5
+        0.00E+00  0.00E+00  0.00E+00  0.00E+00  0.00E+00
 
 ETA6
+        0.00E+00  0.00E+00  0.00E+00  0.00E+00  0.00E+00  0.00E+00
 


 SIGMA - CORR MATRIX FOR RANDOM EFFECTS - EPSILONS  ***


         EPS1     
 
 EPS1
+        1.00E+00
 
1
 ************************************************************************************************************************
 ********************                                                                                ********************
 ********************                LAPLACIAN CONDITIONAL ESTIMATION WITH INTERACTION               ********************
 ********************                            STANDARD ERROR OF ESTIMATE                          ********************
 ********************                                                                                ********************
 ************************************************************************************************************************
 


 THETA - VECTOR OF FIXED EFFECTS PARAMETERS   *********


         TH 1      TH 2      TH 3      TH 4      TH 5      TH 6      TH 7      TH 8     
 
         3.93E+01  5.98E+01  4.97E-02  4.17E+01 .........  1.81E+01  1.33E-02  2.65E-03
 


 OMEGA - COV MATRIX FOR RANDOM EFFECTS - ETAS  ********


         ETA1      ETA2      ETA3      ETA4      ETA5      ETA6     
 
 ETA1
+        8.81E-02
 
 ETA2
+        3.14E-02  2.12E-02
 
 ETA3
+       ......... .........  1.42E-02
 
 ETA4
+       ......... ......... ......... .........
 
 ETA5
+       ......... ......... ......... ......... .........
 
 ETA6
+       ......... ......... ......... ......... ......... .........
 


 SIGMA - COV MATRIX FOR RANDOM EFFECTS - EPSILONS  ****


         EPS1     
 
 EPS1
+       .........
 
1


 OMEGA - CORR MATRIX FOR RANDOM EFFECTS - ETAS  *******


         ETA1      ETA2      ETA3      ETA4      ETA5      ETA6     
 
 ETA1
+        5.60E-02
 
 ETA2
+        1.31E-01  3.52E-02
 
 ETA3
+       ......... .........  2.23E-02
 
 ETA4
+       ......... ......... ......... .........
 
 ETA5
+       ......... ......... ......... ......... .........
 
 ETA6
+       ......... ......... ......... ......... ......... .........
 


 SIGMA - CORR MATRIX FOR RANDOM EFFECTS - EPSILONS  ***


         EPS1     
 
 EPS1
+       .........
 
1
 ************************************************************************************************************************
 ********************                                                                                ********************
 ********************                LAPLACIAN CONDITIONAL ESTIMATION WITH INTERACTION               ********************
 ********************                          COVARIANCE MATRIX OF ESTIMATE                         ********************
 ********************                                                                                ********************
 ************************************************************************************************************************
 

            TH 1      TH 2      TH 3      TH 4      TH 5      TH 6      TH 7      TH 8      OM11      OM12      OM13      OM14  
             OM15      OM16      OM22      OM23      OM24      OM25      OM26      OM33      OM34      OM35      OM36      OM44  
            OM45      OM46      OM55      OM56      OM66      SG11  
 
 TH 1
+        1.54E+03
 
 TH 2
+        6.28E+02  3.58E+03
 
 TH 3
+       -2.55E-01  7.37E-01  2.47E-03
 
 TH 4
+       -3.91E+02 -2.02E+03 -8.54E-01  1.74E+03
 
 TH 5
+       ......... ......... ......... ......... .........
 
 TH 6
+       -1.38E+02 -8.50E+02 -4.16E-01  6.34E+02 .........  3.28E+02
 
 TH 7
+       -1.35E-02 -1.37E-01 -4.43E-05  7.86E-02 .........  2.98E-02  1.78E-04
 
 TH 8
+        1.84E-02  7.23E-02  1.35E-05 -5.84E-02 ......... -1.96E-02 -1.07E-05  7.02E-06
 
 OM11
+        3.06E-01 -3.49E-01 -1.94E-04  2.69E-01 .........  3.57E-02 -1.02E-04 -9.63E-06  7.77E-03
 
 OM12
+       -2.47E-01  8.40E-02  5.43E-06  1.59E-01 .........  1.78E-02 -2.10E-05  2.37E-07  7.06E-04  9.84E-04
 
 OM13
+       ......... ......... ......... ......... ......... ......... ......... ......... ......... ......... .........
 
 OM14
+       ......... ......... ......... ......... ......... ......... ......... ......... ......... ......... ......... .........
 
 OM15
+       ......... ......... ......... ......... ......... ......... ......... ......... ......... ......... ......... .........
         .........
 
 OM16
+       ......... ......... ......... ......... ......... ......... ......... ......... ......... ......... ......... .........
         ......... .........
 
 OM22
+       -4.69E-02 -6.03E-01 -3.57E-04  6.08E-01 .........  2.54E-01  5.05E-06 -2.11E-05  1.77E-04  4.53E-05 ......... .........
         ......... .........  4.48E-04
 
 OM23
+       ......... ......... ......... ......... ......... ......... ......... ......... ......... ......... ......... .........
         ......... ......... ......... .........
 
 OM24
+       ......... ......... ......... ......... ......... ......... ......... ......... ......... ......... ......... .........
         ......... ......... ......... ......... .........
 
 OM25
+       ......... ......... ......... ......... ......... ......... ......... ......... ......... ......... ......... .........
         ......... ......... ......... ......... ......... .........
 
 OM26
+       ......... ......... ......... ......... ......... ......... ......... ......... ......... ......... ......... .........
         ......... ......... ......... ......... ......... ......... .........
 
1

            TH 1      TH 2      TH 3      TH 4      TH 5      TH 6      TH 7      TH 8      OM11      OM12      OM13      OM14  
             OM15      OM16      OM22      OM23      OM24      OM25      OM26      OM33      OM34      OM35      OM36      OM44  
            OM45      OM46      OM55      OM56      OM66      SG11  
 
 OM33
+        7.34E-02  1.27E-01 -9.14E-05 -5.14E-02 ......... -1.64E-02 -4.69E-07 -1.16E-06  1.09E-05 -4.38E-05 ......... .........
         ......... ......... -8.38E-06 ......... ......... ......... .........  2.02E-04
 
 OM34
+       ......... ......... ......... ......... ......... ......... ......... ......... ......... ......... ......... .........
         ......... ......... ......... ......... ......... ......... ......... ......... .........
 
 OM35
+       ......... ......... ......... ......... ......... ......... ......... ......... ......... ......... ......... .........
         ......... ......... ......... ......... ......... ......... ......... ......... ......... .........
 
 OM36
+       ......... ......... ......... ......... ......... ......... ......... ......... ......... ......... ......... .........
         ......... ......... ......... ......... ......... ......... ......... ......... ......... ......... .........
 
 OM44
+       ......... ......... ......... ......... ......... ......... ......... ......... ......... ......... ......... .........
         ......... ......... ......... ......... ......... ......... ......... ......... ......... ......... ......... .........
 
 OM45
+       ......... ......... ......... ......... ......... ......... ......... ......... ......... ......... ......... .........
         ......... ......... ......... ......... ......... ......... ......... ......... ......... ......... ......... .........
        .........
 
 OM46
+       ......... ......... ......... ......... ......... ......... ......... ......... ......... ......... ......... .........
         ......... ......... ......... ......... ......... ......... ......... ......... ......... ......... ......... .........
        ......... .........
 
 OM55
+       ......... ......... ......... ......... ......... ......... ......... ......... ......... ......... ......... .........
         ......... ......... ......... ......... ......... ......... ......... ......... ......... ......... ......... .........
        ......... ......... .........
 
 OM56
+       ......... ......... ......... ......... ......... ......... ......... ......... ......... ......... ......... .........
         ......... ......... ......... ......... ......... ......... ......... ......... ......... ......... ......... .........
        ......... ......... ......... .........
 
 OM66
+       ......... ......... ......... ......... ......... ......... ......... ......... ......... ......... ......... .........
         ......... ......... ......... ......... ......... ......... ......... ......... ......... ......... ......... .........
        ......... ......... ......... ......... .........
 
 SG11
+       ......... ......... ......... ......... ......... ......... ......... ......... ......... ......... ......... .........
         ......... ......... ......... ......... ......... ......... ......... ......... ......... ......... ......... .........
        ......... ......... ......... ......... ......... .........
 
1
 ************************************************************************************************************************
 ********************                                                                                ********************
 ********************                LAPLACIAN CONDITIONAL ESTIMATION WITH INTERACTION               ********************
 ********************                          CORRELATION MATRIX OF ESTIMATE                        ********************
 ********************                                                                                ********************
 ************************************************************************************************************************
 

            TH 1      TH 2      TH 3      TH 4      TH 5      TH 6      TH 7      TH 8      OM11      OM12      OM13      OM14  
             OM15      OM16      OM22      OM23      OM24      OM25      OM26      OM33      OM34      OM35      OM36      OM44  
            OM45      OM46      OM55      OM56      OM66      SG11  
 
 TH 1
+        3.93E+01
 
 TH 2
+        2.67E-01  5.98E+01
 
 TH 3
+       -1.31E-01  2.48E-01  4.97E-02
 
 TH 4
+       -2.39E-01 -8.11E-01 -4.13E-01  4.17E+01
 
 TH 5
+       ......... ......... ......... ......... .........
 
 TH 6
+       -1.93E-01 -7.84E-01 -4.62E-01  8.39E-01 .........  1.81E+01
 
 TH 7
+       -2.58E-02 -1.72E-01 -6.69E-02  1.41E-01 .........  1.23E-01  1.33E-02
 
 TH 8
+        1.77E-01  4.56E-01  1.02E-01 -5.29E-01 ......... -4.09E-01 -3.01E-01  2.65E-03
 
 OM11
+        8.85E-02 -6.62E-02 -4.43E-02  7.31E-02 .........  2.23E-02 -8.70E-02 -4.12E-02  8.81E-02
 
 OM12
+       -2.00E-01  4.47E-02  3.49E-03  1.22E-01 .........  3.14E-02 -5.02E-02  2.85E-03  2.55E-01  3.14E-02
 
 OM13
+       ......... ......... ......... ......... ......... ......... ......... ......... ......... ......... .........
 
 OM14
+       ......... ......... ......... ......... ......... ......... ......... ......... ......... ......... ......... .........
 
 OM15
+       ......... ......... ......... ......... ......... ......... ......... ......... ......... ......... ......... .........
         .........
 
 OM16
+       ......... ......... ......... ......... ......... ......... ......... ......... ......... ......... ......... .........
         ......... .........
 
 OM22
+       -5.65E-02 -4.76E-01 -3.40E-01  6.89E-01 .........  6.61E-01  1.79E-02 -3.77E-01  9.47E-02  6.82E-02 ......... .........
         ......... .........  2.12E-02
 
 OM23
+       ......... ......... ......... ......... ......... ......... ......... ......... ......... ......... ......... .........
         ......... ......... ......... .........
 
 OM24
+       ......... ......... ......... ......... ......... ......... ......... ......... ......... ......... ......... .........
         ......... ......... ......... ......... .........
 
 OM25
+       ......... ......... ......... ......... ......... ......... ......... ......... ......... ......... ......... .........
         ......... ......... ......... ......... ......... .........
 
 OM26
+       ......... ......... ......... ......... ......... ......... ......... ......... ......... ......... ......... .........
         ......... ......... ......... ......... ......... ......... .........
 
1

            TH 1      TH 2      TH 3      TH 4      TH 5      TH 6      TH 7      TH 8      OM11      OM12      OM13      OM14  
             OM15      OM16      OM22      OM23      OM24      OM25      OM26      OM33      OM34      OM35      OM36      OM44  
            OM45      OM46      OM55      OM56      OM66      SG11  
 
 OM33
+        1.32E-01  1.49E-01 -1.29E-01 -8.67E-02 ......... -6.36E-02 -2.47E-03 -3.07E-02  8.72E-03 -9.82E-02 ......... .........
         ......... ......... -2.79E-02 ......... ......... ......... .........  1.42E-02
 
 OM34
+       ......... ......... ......... ......... ......... ......... ......... ......... ......... ......... ......... .........
         ......... ......... ......... ......... ......... ......... ......... ......... .........
 
 OM35
+       ......... ......... ......... ......... ......... ......... ......... ......... ......... ......... ......... .........
         ......... ......... ......... ......... ......... ......... ......... ......... ......... .........
 
 OM36
+       ......... ......... ......... ......... ......... ......... ......... ......... ......... ......... ......... .........
         ......... ......... ......... ......... ......... ......... ......... ......... ......... ......... .........
 
 OM44
+       ......... ......... ......... ......... ......... ......... ......... ......... ......... ......... ......... .........
         ......... ......... ......... ......... ......... ......... ......... ......... ......... ......... ......... .........
 
 OM45
+       ......... ......... ......... ......... ......... ......... ......... ......... ......... ......... ......... .........
         ......... ......... ......... ......... ......... ......... ......... ......... ......... ......... ......... .........
        .........
 
 OM46
+       ......... ......... ......... ......... ......... ......... ......... ......... ......... ......... ......... .........
         ......... ......... ......... ......... ......... ......... ......... ......... ......... ......... ......... .........
        ......... .........
 
 OM55
+       ......... ......... ......... ......... ......... ......... ......... ......... ......... ......... ......... .........
         ......... ......... ......... ......... ......... ......... ......... ......... ......... ......... ......... .........
        ......... ......... .........
 
 OM56
+       ......... ......... ......... ......... ......... ......... ......... ......... ......... ......... ......... .........
         ......... ......... ......... ......... ......... ......... ......... ......... ......... ......... ......... .........
        ......... ......... ......... .........
 
 OM66
+       ......... ......... ......... ......... ......... ......... ......... ......... ......... ......... ......... .........
         ......... ......... ......... ......... ......... ......... ......... ......... ......... ......... ......... .........
        ......... ......... ......... ......... .........
 
 SG11
+       ......... ......... ......... ......... ......... ......... ......... ......... ......... ......... ......... .........
         ......... ......... ......... ......... ......... ......... ......... ......... ......... ......... ......... .........
        ......... ......... ......... ......... ......... .........
 
1
 ************************************************************************************************************************
 ********************                                                                                ********************
 ********************                LAPLACIAN CONDITIONAL ESTIMATION WITH INTERACTION               ********************
 ********************                      INVERSE COVARIANCE MATRIX OF ESTIMATE                     ********************
 ********************                                                                                ********************
 ************************************************************************************************************************
 

            TH 1      TH 2      TH 3      TH 4      TH 5      TH 6      TH 7      TH 8      OM11      OM12      OM13      OM14  
             OM15      OM16      OM22      OM23      OM24      OM25      OM26      OM33      OM34      OM35      OM36      OM44  
            OM45      OM46      OM55      OM56      OM66      SG11  
 
 TH 1
+        8.13E-04
 
 TH 2
+       -1.01E-04  1.20E-03
 
 TH 3
+        1.43E-01  1.93E-01  6.15E+02
 
 TH 4
+        1.21E-04  1.06E-03  3.39E-01  3.60E-03
 
 TH 5
+       ......... ......... ......... ......... .........
 
 TH 6
+        1.49E-04  1.74E-03  8.64E-01 -1.95E-03 .........  1.42E-02
 
 TH 7
+       -1.11E-01  1.88E-01  1.20E+02  1.20E-01 ......... -5.19E-02  6.42E+03
 
 TH 8
+       -8.94E-01 -4.96E-01  1.63E+03  7.88E+00 ......... -4.23E+00  1.07E+04  2.27E+05
 
 OM11
+       -5.64E-02  6.88E-02  1.24E+01  3.54E-02 .........  1.55E-01  9.79E+01  2.74E+02  1.48E+02
 
 OM12
+        2.34E-01 -3.60E-01 -4.50E+01 -5.56E-01 ......... -6.02E-02 -2.21E+01 -1.36E+03 -1.31E+02  1.29E+03
 
 OM13
+       ......... ......... ......... ......... ......... ......... ......... ......... ......... ......... .........
 
 OM14
+       ......... ......... ......... ......... ......... ......... ......... ......... ......... ......... ......... .........
 
 OM15
+       ......... ......... ......... ......... ......... ......... ......... ......... ......... ......... ......... .........
         .........
 
 OM16
+       ......... ......... ......... ......... ......... ......... ......... ......... ......... ......... ......... .........
         ......... .........
 
 OM22
+       -2.30E-01 -6.94E-01 -1.06E+02 -1.66E+00 ......... -2.62E+00  6.01E+02  2.91E+03 -7.33E+01  1.54E+02 ......... .........
         ......... .........  5.07E+03
 
 OM23
+       ......... ......... ......... ......... ......... ......... ......... ......... ......... ......... ......... .........
         ......... ......... ......... .........
 
 OM24
+       ......... ......... ......... ......... ......... ......... ......... ......... ......... ......... ......... .........
         ......... ......... ......... ......... .........
 
 OM25
+       ......... ......... ......... ......... ......... ......... ......... ......... ......... ......... ......... .........
         ......... ......... ......... ......... ......... .........
 
 OM26
+       ......... ......... ......... ......... ......... ......... ......... ......... ......... ......... ......... .........
         ......... ......... ......... ......... ......... ......... .........
 
1

            TH 1      TH 2      TH 3      TH 4      TH 5      TH 6      TH 7      TH 8      OM11      OM12      OM13      OM14  
             OM15      OM16      OM22      OM23      OM24      OM25      OM26      OM33      OM34      OM35      OM36      OM44  
            OM45      OM46      OM55      OM56      OM66      SG11  
 
 OM33
+       -8.56E-02 -3.31E-01  2.56E+02  5.37E-02 ......... -2.53E-01  9.40E+01  4.17E+03 -3.30E+01  2.61E+02 ......... .........
         ......... .........  1.03E+02 ......... ......... ......... .........  5.38E+03
 
 OM34
+       ......... ......... ......... ......... ......... ......... ......... ......... ......... ......... ......... .........
         ......... ......... ......... ......... ......... ......... ......... ......... .........
 
 OM35
+       ......... ......... ......... ......... ......... ......... ......... ......... ......... ......... ......... .........
         ......... ......... ......... ......... ......... ......... ......... ......... ......... .........
 
 OM36
+       ......... ......... ......... ......... ......... ......... ......... ......... ......... ......... ......... .........
         ......... ......... ......... ......... ......... ......... ......... ......... ......... ......... .........
 
 OM44
+       ......... ......... ......... ......... ......... ......... ......... ......... ......... ......... ......... .........
         ......... ......... ......... ......... ......... ......... ......... ......... ......... ......... ......... .........
 
 OM45
+       ......... ......... ......... ......... ......... ......... ......... ......... ......... ......... ......... .........
         ......... ......... ......... ......... ......... ......... ......... ......... ......... ......... ......... .........
        .........
 
 OM46
+       ......... ......... ......... ......... ......... ......... ......... ......... ......... ......... ......... .........
         ......... ......... ......... ......... ......... ......... ......... ......... ......... ......... ......... .........
        ......... .........
 
 OM55
+       ......... ......... ......... ......... ......... ......... ......... ......... ......... ......... ......... .........
         ......... ......... ......... ......... ......... ......... ......... ......... ......... ......... ......... .........
        ......... ......... .........
 
 OM56
+       ......... ......... ......... ......... ......... ......... ......... ......... ......... ......... ......... .........
         ......... ......... ......... ......... ......... ......... ......... ......... ......... ......... ......... .........
        ......... ......... ......... .........
 
 OM66
+       ......... ......... ......... ......... ......... ......... ......... ......... ......... ......... ......... .........
         ......... ......... ......... ......... ......... ......... ......... ......... ......... ......... ......... .........
        ......... ......... ......... ......... .........
 
 SG11
+       ......... ......... ......... ......... ......... ......... ......... ......... ......... ......... ......... .........
         ......... ......... ......... ......... ......... ......... ......... ......... ......... ......... ......... .........
        ......... ......... ......... ......... ......... .........
 
 Elapsed finaloutput time in seconds:     0.54
 #CPUT: Total CPU Time in Seconds,     4908.359
Stop Time: 
Mon 05/15/2023 
11:56 PM
