Mon Jun 12 22:06:01 CEST 2023
$PROBLEM wbc

$DATA wbc.csv IGNORE=@

$INPUT ID TIME EVID AMT DV CMT CLI V1I V2I RXROW

$SUBROUTINES ADVAN13 TOL=6 ATOL=12 SSTOL=6 SSATOL=12

$MODEL NCOMPARTMENTS=7
     COMP(CENTR, DEFDOSE) ; centr
     COMP(PERIPH) ; periph
     COMP(PROL) ; prol
     COMP(TR1) ; tr1
     COMP(TR2) ; tr2
     COMP(TR3) ; tr3
     COMP(CIRC) ; circ

$PK
  MU_1=THETA(1)
  MU_2=THETA(2)
  MU_3=THETA(3)
  CIRC0=DEXP(MU_1+ETA(1)) ; CIRC0 <- exp(log_CIRC0)
  MTT=DEXP(MU_2+ETA(2)) ; MTT <- exp(log_MTT)
  SLOPU=DEXP(MU_3+ETA(3)) ; SLOPU <- exp(log_SLOPU)
  GAMMA=DEXP(THETA(4)) ; GAMMA <- exp(log_GAMMA)
  A_0(3)=CIRC0 ; prol(0) = CIRC0
  A_0(4)=CIRC0 ; tr1(0) = CIRC0
  A_0(5)=CIRC0 ; tr2(0) = CIRC0
  A_0(6)=CIRC0 ; tr3(0) = CIRC0
  A_0(7)=CIRC0 ; circ(0) = CIRC0

$DES
  CL=CLI ; CL = CLI
  V1=V1I ; V1 = V1I
  V2=V2I ; V2 = V2I
  RXR1=204 ; Q = 204
  CONC=A(1)/V1 ; CONC = centr/V1
  NN=3 ; NN = 3
  KTR=(NN+1)/MTT ; KTR = (NN + 1)/MTT
  EDRUG=1-SLOPU*CONC ; EDRUG = 1 - SLOPU * CONC
  
  FDBK=(CIRC0/A(7))**GAMMA ; FDBK = (CIRC0/circ)^GAMMA
  CIRC=A(7) ; CIRC = circ
  DADT(1) = A(2)*RXR1/V2-A(1)*(CL/V1+RXR1/V1) ; d/dt(centr) = periph * Q/V2 - centr * (CL/V1 + Q/V1)
  DADT(2) = A(1)*RXR1/V1-A(2)*RXR1/V2 ; d/dt(periph) = centr * Q/V1 - periph * Q/V2
  DADT(3) = KTR*A(3)*EDRUG*FDBK-KTR*A(3) ; d/dt(prol) = KTR * prol * EDRUG * FDBK - KTR * prol
  DADT(4) = KTR*A(3)-KTR*A(4) ; d/dt(tr1) = KTR * prol - KTR * tr1
  DADT(5) = KTR*A(4)-KTR*A(5) ; d/dt(tr2) = KTR * tr1 - KTR * tr2
  DADT(6) = KTR*A(5)-KTR*A(6) ; d/dt(tr3) = KTR * tr2 - KTR * tr3
  DADT(7) = KTR*A(6)-KTR*A(7) ; d/dt(circ) = KTR * tr3 - KTR * circ

$ERROR
  IPRED = A(7)
  W=DSQRT((IPRED*THETA(5))**2) ; W1 ~ sqrt((rx_pred_f_ * prop.err)^2)
  IF (W .EQ. 0.0) W = 1
  Y     = IPRED + W*EPS(1)

$THETA (1.8317        ) ; 1 - log_CIRC0
       (8.3733        ) ; 2 - log_MTT  
       (6.3774        ) ; 3 - log_SLOPU
       (-11.558       ) ; 4 - log_GAMMA
       (0,     0.46465) ; 5 - prop.err 

$OMEGA 0.097905 ; eta.CIRC0
$OMEGA 3e-06 ; eta.MTT
$OMEGA 2e-05 ; eta.SLOPU

$SIGMA 1 FIX

$ESTIMATION METHOD=1 INTER MAXEVALS=100000 SIGDIG=3 SIGL=12 PRINT=1 NOABORT

$COVARIANCE

$TABLE ID ETAS(1:LAST) OBJI FIRSTONLY ONEHEADER NOPRINT
     FORMAT=s1PE17.9 NOAPPEND FILE=wbc.eta

$TABLE ID TIME IPRED PRED RXROW ONEHEADER NOPRINT
    FORMAT=s1PE17.9 NOAPPEND FILE=wbc.pred


NM-TRAN MESSAGES
  
 WARNINGS AND ERRORS (IF ANY) FOR PROBLEM    1
             
 (WARNING  2) NM-TRAN INFERS THAT THE DATA ARE POPULATION.

License Registered to: Novartis
Expiration Date:    14 JAN 2024
Current Date:       12 JUN 2023
Days until program expires : 217
1NONLINEAR MIXED EFFECTS MODEL PROGRAM (NONMEM) VERSION 7.4.3
 ORIGINALLY DEVELOPED BY STUART BEAL, LEWIS SHEINER, AND ALISON BOECKMANN
 CURRENT DEVELOPERS ARE ROBERT BAUER, ICON DEVELOPMENT SOLUTIONS,
 AND ALISON BOECKMANN. IMPLEMENTATION, EFFICIENCY, AND STANDARDIZATION
 PERFORMED BY NOUS INFOSYSTEMS.

 PROBLEM NO.:         1
 wbc
0DATA CHECKOUT RUN:              NO
 DATA SET LOCATED ON UNIT NO.:    2
 THIS UNIT TO BE REWOUND:        NO
 NO. OF DATA RECS IN DATA SET:      228
 NO. OF DATA ITEMS IN DATA SET:  11
 ID DATA ITEM IS DATA ITEM NO.:   1
 DEP VARIABLE IS DATA ITEM NO.:   5
 MDV DATA ITEM IS DATA ITEM NO.: 11
0INDICES PASSED TO SUBROUTINE PRED:
   3   2   4   0   0   0   6   0   0   0   0
0LABELS FOR DATA ITEMS:
 ID TIME EVID AMT DV CMT CLI V1I V2I RXROW MDV
0(NONBLANK) LABELS FOR PRED-DEFINED ITEMS:
 IPRED
0FORMAT FOR DATA:
 (E3.0,E5.0,E2.0,E17.0,E5.0,E2.0,2E4.0,E5.0,E4.0,1F2.0)

 TOT. NO. OF OBS RECS:      176
 TOT. NO. OF INDIVIDUALS:       45
0LENGTH OF THETA:   5
0DEFAULT THETA BOUNDARY TEST OMITTED:    NO
0OMEGA HAS SIMPLE DIAGONAL FORM WITH DIMENSION:   3
0DEFAULT OMEGA BOUNDARY TEST OMITTED:    NO
0SIGMA HAS SIMPLE DIAGONAL FORM WITH DIMENSION:   1
0DEFAULT SIGMA BOUNDARY TEST OMITTED:    NO
0INITIAL ESTIMATE OF THETA:
 LOWER BOUND    INITIAL EST    UPPER BOUND
 -0.1000E+07     0.1832E+01     0.1000E+07
 -0.1000E+07     0.8373E+01     0.1000E+07
 -0.1000E+07     0.6377E+01     0.1000E+07
 -0.1000E+07    -0.1156E+02     0.1000E+07
  0.0000E+00     0.4647E+00     0.1000E+07
0INITIAL ESTIMATE OF OMEGA:
 0.9791E-01
 0.0000E+00   0.3000E-05
 0.0000E+00   0.0000E+00   0.2000E-04
0INITIAL ESTIMATE OF SIGMA:
 0.1000E+01
0SIGMA CONSTRAINED TO BE THIS INITIAL ESTIMATE
0COVARIANCE STEP OMITTED:        NO
 EIGENVLS. PRINTED:              NO
 SPECIAL COMPUTATION:            NO
 COMPRESSED FORMAT:              NO
 GRADIENT METHOD USED:     NOSLOW
 SIGDIGITS ETAHAT (SIGLO):                  -1
 SIGDIGITS GRADIENTS (SIGL):                -1
 EXCLUDE COV FOR FOCE (NOFCOV):              NO
 TURN OFF Cholesky Transposition of R Matrix (CHOLROFF): NO
 KNUTHSUMOFF:                                -1
 RESUME COV ANALYSIS (RESUME):               NO
 SIR SAMPLE SIZE (SIRSAMPLE):              -1
 NON-LINEARLY TRANSFORM THETAS DURING COV (THBND): 1
 PRECONDTIONING CYCLES (PRECOND):        0
 PRECONDTIONING TYPES (PRECONDS):        TOS
 FORCED PRECONDTIONING CYCLES (PFCOND):0
 PRECONDTIONING TYPE (PRETYPE):        0
 FORCED POS. DEFINITE SETTING: (FPOSDEF):0
0TABLES STEP OMITTED:    NO
 NO. OF TABLES:           2
 SEED NUMBER (SEED):    11456
 RANMETHOD:             3U
 MC SAMPLES (ESAMPLE):    300
 WRES SQUARE ROOT TYPE (WRESCHOL): EIGENVALUE
0-- TABLE   1 --
0RECORDS ONLY:    FIRSTONLY
04 COLUMNS APPENDED:    NO
 PRINTED:                NO
 HEADER:                YES
 FILE TO BE FORWARDED:   NO
 FORMAT:                s1PE17.9
 LFORMAT:
 RFORMAT:
 FIXED_EFFECT_ETAS:
0USER-CHOSEN ITEMS:
 ID ETA1 ETA2 ETA3 OBJI
0-- TABLE   2 --
0RECORDS ONLY:    ALL
04 COLUMNS APPENDED:    NO
 PRINTED:                NO
 HEADER:                YES
 FILE TO BE FORWARDED:   NO
 FORMAT:                s1PE17.9
 LFORMAT:
 RFORMAT:
 FIXED_EFFECT_ETAS:
0USER-CHOSEN ITEMS:
 ID TIME IPRED PRED RXROW
1DOUBLE PRECISION PREDPP VERSION 7.4.3

 GENERAL NONLINEAR KINETICS MODEL WITH STIFF/NONSTIFF EQUATIONS (LSODA, ADVAN13)
0MODEL SUBROUTINE USER-SUPPLIED - ID NO. 9999
0MAXIMUM NO. OF BASIC PK PARAMETERS:   4
0COMPARTMENT ATTRIBUTES
 COMPT. NO.   FUNCTION   INITIAL    ON/OFF      DOSE      DEFAULT    DEFAULT
                         STATUS     ALLOWED    ALLOWED    FOR DOSE   FOR OBS.
    1         CENTR        ON         YES        YES        YES        YES
    2         PERIPH       ON         YES        YES        NO         NO
    3         PROL         ON         YES        YES        NO         NO
    4         TR1          ON         YES        YES        NO         NO
    5         TR2          ON         YES        YES        NO         NO
    6         TR3          ON         YES        YES        NO         NO
    7         CIRC         ON         YES        YES        NO         NO
    8         OUTPUT       OFF        YES        NO         NO         NO
 INITIAL (BASE) TOLERANCE SETTINGS:
 NRD (RELATIVE) VALUE(S) OF TOLERANCE:   6
 ANRD (ABSOLUTE) VALUE(S) OF TOLERANCE:  12
1
 ADDITIONAL PK PARAMETERS - ASSIGNMENT OF ROWS IN GG
 COMPT. NO.                             INDICES
              SCALE      BIOAVAIL.   ZERO-ORDER  ZERO-ORDER  ABSORB
                         FRACTION    RATE        DURATION    LAG
    1            *           *           *           *           *
    2            *           *           *           *           *
    3            *           *           *           *           *
    4            *           *           *           *           *
    5            *           *           *           *           *
    6            *           *           *           *           *
    7            *           *           *           *           *
    8            *           -           -           -           -
             - PARAMETER IS NOT ALLOWED FOR THIS MODEL
             * PARAMETER IS NOT SUPPLIED BY PK SUBROUTINE;
               WILL DEFAULT TO ONE IF APPLICABLE
0DATA ITEM INDICES USED BY PRED ARE:
   EVENT ID DATA ITEM IS DATA ITEM NO.:      3
   TIME DATA ITEM IS DATA ITEM NO.:          2
   DOSE AMOUNT DATA ITEM IS DATA ITEM NO.:   4
   COMPT. NO. DATA ITEM IS DATA ITEM NO.:    6

0PK SUBROUTINE CALLED WITH EVERY EVENT RECORD.
 PK SUBROUTINE NOT CALLED AT NONEVENT (ADDITIONAL OR LAGGED) DOSE TIMES.
0PK SUBROUTINE INDICATES THAT COMPARTMENT AMOUNTS ARE INITIALIZED.
0ERROR SUBROUTINE CALLED WITH EVERY EVENT RECORD.
0ERROR SUBROUTINE INDICATES THAT DERIVATIVES OF COMPARTMENT AMOUNTS ARE USED.
0DES SUBROUTINE USES COMPACT STORAGE MODE.
1
 
 
 #TBLN:      1
 #METH: First Order Conditional Estimation with Interaction
 
 ESTIMATION STEP OMITTED:                 NO
 ANALYSIS TYPE:                           POPULATION
 NUMBER OF SADDLE POINT RESET ITERATIONS:      0
 GRADIENT METHOD USED:               NOSLOW
 CONDITIONAL ESTIMATES USED:              YES
 CENTERED ETA:                            NO
 EPS-ETA INTERACTION:                     YES
 LAPLACIAN OBJ. FUNC.:                    NO
 NO. OF FUNCT. EVALS. ALLOWED:            100000
 NO. OF SIG. FIGURES REQUIRED:            3
 INTERMEDIATE PRINTOUT:                   YES
 ESTIMATE OUTPUT TO MSF:                  NO
 ABORT WITH PRED EXIT CODE 1:             NO
 IND. OBJ. FUNC. VALUES SORTED:           NO
 NUMERICAL DERIVATIVE
       FILE REQUEST (NUMDER):               NONE
 MAP (ETAHAT) ESTIMATION METHOD (OPTMAP):   0
 ETA HESSIAN EVALUATION METHOD (ETADER):    0
 INITIAL ETA FOR MAP ESTIMATION (MCETA):    0
 SIGDIGITS FOR MAP ESTIMATION (SIGLO):      12
 GRADIENT SIGDIGITS OF
       FIXED EFFECTS PARAMETERS (SIGL):     12
 NOPRIOR SETTING (NOPRIOR):                 OFF
 NOCOV SETTING (NOCOV):                     OFF
 DERCONT SETTING (DERCONT):                 OFF
 FINAL ETA RE-EVALUATION (FNLETA):          ON
 EXCLUDE NON-INFLUENTIAL (NON-INFL.) ETAS
       IN SHRINKAGE (ETASTYPE):             NO
 NON-INFL. ETA CORRECTION (NONINFETA):      OFF
 RAW OUTPUT FILE (FILE): wbc.ext
 EXCLUDE TITLE (NOTITLE):                   NO
 EXCLUDE COLUMN LABELS (NOLABEL):           NO
 FORMAT FOR ADDITIONAL FILES (FORMAT):      S1PE12.5
 PARAMETER ORDER FOR OUTPUTS (ORDER):       TSOL
 WISHART PRIOR DF INTERPRETATION (WISHTYPE):0
 KNUTHSUMOFF:                               0
 INCLUDE LNTWOPI:                           NO
 INCLUDE CONSTANT TERM TO PRIOR (PRIORC):   NO
 INCLUDE CONSTANT TERM TO OMEGA (ETA) (OLNTWOPI):NO
 ADDITIONAL CONVERGENCE TEST (CTYPE=4)?:    NO
 EM OR BAYESIAN METHOD USED:                 NONE

 TOLERANCES FOR ESTIMATION/EVALUATION STEP:
 NRD (RELATIVE) VALUE(S) OF TOLERANCE:   6
 ANRD (ABSOLUTE) VALUE(S) OF TOLERANCE:  12
 TOLERANCES FOR COVARIANCE STEP:
 NRD (RELATIVE) VALUE(S) OF TOLERANCE:   6
 ANRD (ABSOLUTE) VALUE(S) OF TOLERANCE:  12
 TOLERANCES FOR TABLE/SCATTER STEP:
 NRD (RELATIVE) VALUE(S) OF TOLERANCE:   6
 ANRD (ABSOLUTE) VALUE(S) OF TOLERANCE:  12
 
 THE FOLLOWING LABELS ARE EQUIVALENT
 PRED=PREDI
 RES=RESI
 WRES=WRESI
 IWRS=IWRESI
 IPRD=IPREDI
 IRS=IRESI
 
 MONITORING OF SEARCH:

 
0ITERATION NO.:    0    OBJECTIVE VALUE:   586.869021182273        NO. OF FUNC. EVALS.:   7
 CUMULATIVE NO. OF FUNC. EVALS.:        7
 NPARAMETR:  1.8317E+00  8.3733E+00  6.3774E+00 -1.1558E+01  4.6465E-01  9.7905E-02  3.0000E-06  2.0000E-05
 PARAMETER:  1.0000E-01  1.0000E-01  1.0000E-01 -1.0000E-01  1.0000E-01  1.0000E-01  1.0000E-01  1.0000E-01
 GRADIENT:   1.9133E+01  1.3203E+01  1.9213E+01  3.3548E+01 -1.2574E-03  9.1605E-03  3.5098E-04  4.7156E-05
 
0ITERATION NO.:    1    OBJECTIVE VALUE:   586.869020672728        NO. OF FUNC. EVALS.:  18
 CUMULATIVE NO. OF FUNC. EVALS.:       25
 NPARAMETR:  1.8317E+00  8.3733E+00  6.3774E+00 -1.1558E+01  4.6465E-01  9.7905E-02  3.0000E-06  2.0000E-05
 PARAMETER:  1.0000E-01  1.0000E-01  1.0000E-01 -1.0000E-01  1.0000E-01  1.0000E-01  1.0000E-01  1.0000E-01
 GRADIENT:   3.9654E+01  2.9290E+01  3.3497E+01  7.4924E+00 -2.0350E-04  1.0827E-02  3.5098E-04  4.7156E-05
 
0ITERATION NO.:    2    OBJECTIVE VALUE:   586.869020672728        NO. OF FUNC. EVALS.:  30
 CUMULATIVE NO. OF FUNC. EVALS.:       55
 NPARAMETR:  1.8317E+00  8.3733E+00  6.3774E+00 -1.1558E+01  4.6465E-01  9.7905E-02  3.0000E-06  2.0000E-05
 PARAMETER:  1.0000E-01  1.0000E-01  1.0000E-01 -1.0000E-01  1.0000E-01  1.0000E-01  1.0000E-01  1.0000E-01
 GRADIENT:  -1.9089E-01 -1.6259E-01 -5.8084E-02 -1.0541E-01 -2.3881E-04  1.0827E-02  3.5098E-04  4.7156E-05
 
0ITERATION NO.:    3    OBJECTIVE VALUE:   586.869020672728        NO. OF FUNC. EVALS.:  28
 CUMULATIVE NO. OF FUNC. EVALS.:       83
 NPARAMETR:  1.8317E+00  8.3733E+00  6.3774E+00 -1.1558E+01  4.6465E-01  9.7905E-02  3.0000E-06  2.0000E-05
 PARAMETER:  1.0000E-01  1.0000E-01  1.0000E-01 -1.0000E-01  1.0000E-01  1.0000E-01  1.0000E-01  1.0000E-01
 GRADIENT:  -5.2145E-01 -7.3564E-01  1.4890E-01  5.0511E-02  4.0493E-02 -3.1062E-02  4.4588E-03 -6.2673E-03
 
 #TERM:
0MINIMIZATION SUCCESSFUL
 HOWEVER, PROBLEMS OCCURRED WITH THE MINIMIZATION.
 REGARD THE RESULTS OF THE ESTIMATION STEP CAREFULLY, AND ACCEPT THEM ONLY
 AFTER CHECKING THAT THE COVARIANCE STEP PRODUCES REASONABLE OUTPUT.
 NO. OF FUNCTION EVALUATIONS USED:       83
 NO. OF SIG. DIGITS IN FINAL EST.:  4.3

 ETABAR IS THE ARITHMETIC MEAN OF THE ETA-ESTIMATES,
 AND THE P-VALUE IS GIVEN FOR THE NULL HYPOTHESIS THAT THE TRUE MEAN IS 0.
 
 ETABAR:         2.9934E-05 -3.5616E-11 -3.5913E-11
 SE:             3.8901E-02  1.8660E-08  2.1611E-08
 N:                      45          45          45
 
 P VAL.:         9.9939E-01  9.9848E-01  9.9867E-01
 
 ETASHRINKSD(%)  1.5657E+01  9.9993E+01  9.9997E+01
 ETASHRINKVR(%)  2.8863E+01  1.0000E+02  1.0000E+02
 EBVSHRINKSD(%)  1.6592E+01  9.9802E+01  9.9928E+01
 EBVSHRINKVR(%)  3.0432E+01  1.0000E+02  1.0000E+02
 EPSSHRINKSD(%)  6.4175E+00
 EPSSHRINKVR(%)  1.2423E+01
 
  
 TOTAL DATA POINTS NORMALLY DISTRIBUTED (N):          176
 N*LOG(2PI) CONSTANT TO OBJECTIVE FUNCTION:    323.466363688045     
 OBJECTIVE FUNCTION VALUE WITHOUT CONSTANT:    586.869020672728     
 OBJECTIVE FUNCTION VALUE WITH CONSTANT:       910.335384360773     
 REPORTED OBJECTIVE FUNCTION DOES NOT CONTAIN CONSTANT
  
 TOTAL EFFECTIVE ETAS (NIND*NETA):                           133
  
 #TERE:
 Elapsed estimation  time in seconds:    59.16
 Elapsed covariance  time in seconds:    66.61
 Elapsed postprocess time in seconds:     0.95
1
 
 
 
 
 
 
 
 
 
 
 
 
 
 
 
 
 
 
 
 
 ************************************************************************************************************************
 ********************                                                                                ********************
 ********************               FIRST ORDER CONDITIONAL ESTIMATION WITH INTERACTION              ********************
 #OBJT:**************                       MINIMUM VALUE OF OBJECTIVE FUNCTION                      ********************
 ********************                                                                                ********************
 ************************************************************************************************************************
 





 #OBJV:********************************************      586.869       **************************************************
1
 ************************************************************************************************************************
 ********************                                                                                ********************
 ********************               FIRST ORDER CONDITIONAL ESTIMATION WITH INTERACTION              ********************
 ********************                             FINAL PARAMETER ESTIMATE                           ********************
 ********************                                                                                ********************
 ************************************************************************************************************************
 


 THETA - VECTOR OF FIXED EFFECTS PARAMETERS   *********


         TH 1      TH 2      TH 3      TH 4      TH 5     
 
         1.83E+00  8.37E+00  6.38E+00 -1.16E+01  4.65E-01
 


 OMEGA - COV MATRIX FOR RANDOM EFFECTS - ETAS  ********


         ETA1      ETA2      ETA3     
 
 ETA1
+        9.79E-02
 
 ETA2
+        0.00E+00  3.00E-06
 
 ETA3
+        0.00E+00  0.00E+00  2.00E-05
 


 SIGMA - COV MATRIX FOR RANDOM EFFECTS - EPSILONS  ****


         EPS1     
 
 EPS1
+        1.00E+00
 
1


 OMEGA - CORR MATRIX FOR RANDOM EFFECTS - ETAS  *******


         ETA1      ETA2      ETA3     
 
 ETA1
+        3.13E-01
 
 ETA2
+        0.00E+00  1.73E-03
 
 ETA3
+        0.00E+00  0.00E+00  4.47E-03
 


 SIGMA - CORR MATRIX FOR RANDOM EFFECTS - EPSILONS  ***


         EPS1     
 
 EPS1
+        1.00E+00
 
1
 ************************************************************************************************************************
 ********************                                                                                ********************
 ********************               FIRST ORDER CONDITIONAL ESTIMATION WITH INTERACTION              ********************
 ********************                            STANDARD ERROR OF ESTIMATE                          ********************
 ********************                                                                                ********************
 ************************************************************************************************************************
 


 THETA - VECTOR OF FIXED EFFECTS PARAMETERS   *********


         TH 1      TH 2      TH 3      TH 4      TH 5     
 
         5.83E-02  4.74E-02  1.77E-01  1.78E+00  1.38E-02
 


 OMEGA - COV MATRIX FOR RANDOM EFFECTS - ETAS  ********


         ETA1      ETA2      ETA3     
 
 ETA1
+        3.13E-02
 
 ETA2
+       .........  2.75E-06
 
 ETA3
+       ......... .........  2.05E-05
 


 SIGMA - COV MATRIX FOR RANDOM EFFECTS - EPSILONS  ****


         EPS1     
 
 EPS1
+       .........
 
1


 OMEGA - CORR MATRIX FOR RANDOM EFFECTS - ETAS  *******


         ETA1      ETA2      ETA3     
 
 ETA1
+        4.99E-02
 
 ETA2
+       .........  7.93E-04
 
 ETA3
+       ......... .........  2.29E-03
 


 SIGMA - CORR MATRIX FOR RANDOM EFFECTS - EPSILONS  ***


         EPS1     
 
 EPS1
+       .........
 
1
 ************************************************************************************************************************
 ********************                                                                                ********************
 ********************               FIRST ORDER CONDITIONAL ESTIMATION WITH INTERACTION              ********************
 ********************                          COVARIANCE MATRIX OF ESTIMATE                         ********************
 ********************                                                                                ********************
 ************************************************************************************************************************
 

            TH 1      TH 2      TH 3      TH 4      TH 5      OM11      OM12      OM13      OM22      OM23      OM33      SG11  

 
 TH 1
+        3.40E-03
 
 TH 2
+       -1.72E-03  2.25E-03
 
 TH 3
+       -1.43E-03  5.45E-03  3.12E-02
 
 TH 4
+        1.08E-02 -3.33E-02 -1.89E-01  3.18E+00
 
 TH 5
+        8.45E-05 -1.86E-04 -1.10E-03  2.42E-02  1.90E-04
 
 OM11
+       -1.03E-03  1.25E-03  1.08E-03  5.99E-04  3.39E-05  9.77E-04
 
 OM12
+       ......... ......... ......... ......... ......... ......... .........
 
 OM13
+       ......... ......... ......... ......... ......... ......... ......... .........
 
 OM22
+        5.97E-08 -5.65E-08  6.21E-09  8.42E-07  6.69E-09 -5.00E-08 ......... .........  7.55E-12
 
 OM23
+       ......... ......... ......... ......... ......... ......... ......... ......... ......... .........
 
 OM33
+        3.71E-07 -1.89E-07  1.25E-06 -1.73E-06  1.60E-09 -3.13E-07 ......... .........  5.31E-11 .........  4.20E-10
 
 SG11
+       ......... ......... ......... ......... ......... ......... ......... ......... ......... ......... ......... .........
 
1
 ************************************************************************************************************************
 ********************                                                                                ********************
 ********************               FIRST ORDER CONDITIONAL ESTIMATION WITH INTERACTION              ********************
 ********************                          CORRELATION MATRIX OF ESTIMATE                        ********************
 ********************                                                                                ********************
 ************************************************************************************************************************
 

            TH 1      TH 2      TH 3      TH 4      TH 5      OM11      OM12      OM13      OM22      OM23      OM33      SG11  

 
 TH 1
+        5.83E-02
 
 TH 2
+       -6.22E-01  4.74E-02
 
 TH 3
+       -1.39E-01  6.52E-01  1.77E-01
 
 TH 4
+        1.04E-01 -3.94E-01 -6.01E-01  1.78E+00
 
 TH 5
+        1.05E-01 -2.85E-01 -4.53E-01  9.84E-01  1.38E-02
 
 OM11
+       -5.67E-01  8.46E-01  1.96E-01  1.08E-02  7.88E-02  3.13E-02
 
 OM12
+       ......... ......... ......... ......... ......... ......... .........
 
 OM13
+       ......... ......... ......... ......... ......... ......... ......... .........
 
 OM22
+        3.73E-01 -4.34E-01  1.28E-02  1.72E-01  1.77E-01 -5.83E-01 ......... .........  2.75E-06
 
 OM23
+       ......... ......... ......... ......... ......... ......... ......... ......... ......... .........
 
 OM33
+        3.10E-01 -1.95E-01  3.46E-01 -4.74E-02  5.66E-03 -4.89E-01 ......... .........  9.43E-01 .........  2.05E-05
 
 SG11
+       ......... ......... ......... ......... ......... ......... ......... ......... ......... ......... ......... .........
 
1
 ************************************************************************************************************************
 ********************                                                                                ********************
 ********************               FIRST ORDER CONDITIONAL ESTIMATION WITH INTERACTION              ********************
 ********************                      INVERSE COVARIANCE MATRIX OF ESTIMATE                     ********************
 ********************                                                                                ********************
 ************************************************************************************************************************
 

            TH 1      TH 2      TH 3      TH 4      TH 5      OM11      OM12      OM13      OM22      OM23      OM33      SG11  

 
 TH 1
+        7.42E+09
 
 TH 2
+       -1.58E+09  3.77E+08
 
 TH 3
+        1.02E+10 -2.25E+09  1.41E+10
 
 TH 4
+        5.40E+09 -1.15E+09  7.41E+09  3.93E+09
 
 TH 5
+       -6.35E+11  1.35E+11 -8.72E+11 -4.63E+11  5.44E+13
 
 OM11
+        1.67E+10 -3.59E+09  2.30E+10  1.21E+10 -1.43E+12  3.76E+10
 
 OM12
+       ......... ......... ......... ......... ......... ......... .........
 
 OM13
+       ......... ......... ......... ......... ......... ......... ......... .........
 
 OM22
+       -5.03E+13 -2.89E+12 -4.17E+13 -3.63E+13  4.25E+15 -9.94E+13 ......... .........  4.91E+18
 
 OM23
+       ......... ......... ......... ......... ......... ......... ......... ......... ......... .........
 
 OM33
+        5.93E+12  6.78E+11  4.26E+12  4.28E+12 -5.01E+14  1.14E+13 ......... ......... -6.93E+17 .........  9.79E+16
 
 SG11
+       ......... ......... ......... ......... ......... ......... ......... ......... ......... ......... ......... .........
 
 Elapsed finaloutput time in seconds:     0.04
1THERE ARE ERROR MESSAGES IN FILE PRDERR                                                                  
 #CPUT: Total CPU Time in Seconds,      125.395
Stop Time:
Mon Jun 12 22:08:21 CEST 2023
