Wed May 17 16:52:24 CEST 2023
$PROB Warfarin PKPD; run006

;O'Reilly RA, Aggeler PM. Studies on coumarin anticoagulant drugs
;Initiation of warfarin therapy without a loading dose.
;Circulation 1968;38:169-177
;
;O'Reilly RA, Aggeler PM, Leong LS. Studies of the coumarin anticoagulant
;drugs: The pharmacodynamics of warfarin in man.
;Journal of Clinical Investigation 1963;42(10):1542-1551


$INPUT id time amt dv evid wt age sex sparse
$DATA warfarin_PKS.csv IGNORE=@

$SUBR ADVAN13 TOL=9
$MODEL
   COMP=GUT
   COMP=CENTRAL
$PK
	POP_ka  = THETA(1)
	POP_cl  = THETA(2)
	POP_v   = THETA(3)

    ka = exp(POP_ka+ETA(1))
    cl = exp(POP_cl+ETA(2))
    v = exp(POP_v+ETA(3))
    
$DES
    gut   = A(1)
    center= A(2)

    DADT(1) = -ka * gut
    DADT(2) =  ka * gut - cl / v * center

$ERROR
    conc=A(2)/v
	IPRED = conc     
    RESCV = THETA(4) 
	RESADD = THETA(5)	 
    W      = SQRT(IPRED*IPRED*RESCV*RESCV+RESADD*RESADD)	
    IRES   = DV-IPRED
    IWRES  = IRES/W
    Y      = IPRED + W*EPS(1)

$THETA 0.15 ; log ka
$THETA  -2  ; log cl
$THETA   2  ; log v
$THETA 0.2  ; EPS_prop
$THETA 0.5  ; EPS_pkadd

$OMEGA
1   ; ETA_ka
1   ; ETA_cl
1   ; ETA_v

$SIGMA   1 FIX 


$EST METHOD=1 INTERACTION MAXEVAL=9999 SIGL=5 PRINT=10 NOHABORT
$COV UNCONDITIONAL 
$TABLE id time conc sparse Y ka cl v IRES IWRES IPRED
ONEHEADER NOPRINT FILE=run006.csv

NM-TRAN MESSAGES
  
 WARNINGS AND ERRORS (IF ANY) FOR PROBLEM    1
             
 (WARNING  2) NM-TRAN INFERS THAT THE DATA ARE POPULATION.

License Registered to: Novartis
Expiration Date:    14 JAN 2024
Current Date:       17 MAY 2023
Days until program expires : 242
1NONLINEAR MIXED EFFECTS MODEL PROGRAM (NONMEM) VERSION 7.4.3
 ORIGINALLY DEVELOPED BY STUART BEAL, LEWIS SHEINER, AND ALISON BOECKMANN
 CURRENT DEVELOPERS ARE ROBERT BAUER, ICON DEVELOPMENT SOLUTIONS,
 AND ALISON BOECKMANN. IMPLEMENTATION, EFFICIENCY, AND STANDARDIZATION
 PERFORMED BY NOUS INFOSYSTEMS.

 PROBLEM NO.:         1
 Warfarin PKPD; run006
0DATA CHECKOUT RUN:              NO
 DATA SET LOCATED ON UNIT NO.:    2
 THIS UNIT TO BE REWOUND:        NO
 NO. OF DATA RECS IN DATA SET:      283
 NO. OF DATA ITEMS IN DATA SET:  10
 ID DATA ITEM IS DATA ITEM NO.:   1
 DEP VARIABLE IS DATA ITEM NO.:   4
 MDV DATA ITEM IS DATA ITEM NO.: 10
0INDICES PASSED TO SUBROUTINE PRED:
   5   2   3   0   0   0   0   0   0   0   0
0LABELS FOR DATA ITEMS:
 id time amt dv evid wt age sex sparse MDV
0(NONBLANK) LABELS FOR PRED-DEFINED ITEMS:
 ka cl v conc IPRED IRES IWRES Y
0FORMAT FOR DATA:
 (9E5.0,1F2.0)

 TOT. NO. OF OBS RECS:      251
 TOT. NO. OF INDIVIDUALS:       32
0LENGTH OF THETA:   5
0DEFAULT THETA BOUNDARY TEST OMITTED:    NO
0OMEGA HAS SIMPLE DIAGONAL FORM WITH DIMENSION:   3
0DEFAULT OMEGA BOUNDARY TEST OMITTED:    NO
0SIGMA HAS SIMPLE DIAGONAL FORM WITH DIMENSION:   1
0DEFAULT SIGMA BOUNDARY TEST OMITTED:    NO
0INITIAL ESTIMATE OF THETA:
   0.1500E+00 -0.2000E+01  0.2000E+01  0.2000E+00  0.5000E+00
0INITIAL ESTIMATE OF OMEGA:
 0.1000E+01
 0.0000E+00   0.1000E+01
 0.0000E+00   0.0000E+00   0.1000E+01
0INITIAL ESTIMATE OF SIGMA:
 0.1000E+01
0SIGMA CONSTRAINED TO BE THIS INITIAL ESTIMATE
0COVARIANCE STEP OMITTED:        NO
 EIGENVLS. PRINTED:              NO
 SPECIAL COMPUTATION:            NO
 COMPRESSED FORMAT:              NO
 GRADIENT METHOD USED:     NOSLOW
 SIGDIGITS ETAHAT (SIGLO):                  -1
 SIGDIGITS GRADIENTS (SIGL):                -1
 EXCLUDE COV FOR FOCE (NOFCOV):              NO
 TURN OFF Cholesky Transposition of R Matrix (CHOLROFF): NO
 KNUTHSUMOFF:                                -1
 RESUME COV ANALYSIS (RESUME):               NO
 SIR SAMPLE SIZE (SIRSAMPLE):              -1
 NON-LINEARLY TRANSFORM THETAS DURING COV (THBND): 1
 PRECONDTIONING CYCLES (PRECOND):        0
 PRECONDTIONING TYPES (PRECONDS):        TOS
 FORCED PRECONDTIONING CYCLES (PFCOND):0
 PRECONDTIONING TYPE (PRETYPE):        0
 FORCED POS. DEFINITE SETTING: (FPOSDEF):0
0TABLES STEP OMITTED:    NO
 NO. OF TABLES:           1
 SEED NUMBER (SEED):    11456
 RANMETHOD:             3U
 MC SAMPLES (ESAMPLE):    300
 WRES SQUARE ROOT TYPE (WRESCHOL): EIGENVALUE
0-- TABLE   1 --
0RECORDS ONLY:    ALL
04 COLUMNS APPENDED:    YES
 PRINTED:                NO
 HEADER:                YES
 FILE TO BE FORWARDED:   NO
 FORMAT:                S1PE11.4
 LFORMAT:
 RFORMAT:
 FIXED_EFFECT_ETAS:
0USER-CHOSEN ITEMS:
 id time conc sparse Y ka cl v IRES IWRES IPRED
1DOUBLE PRECISION PREDPP VERSION 7.4.3

 GENERAL NONLINEAR KINETICS MODEL WITH STIFF/NONSTIFF EQUATIONS (LSODA, ADVAN13)
0MODEL SUBROUTINE USER-SUPPLIED - ID NO. 9999
0MAXIMUM NO. OF BASIC PK PARAMETERS:   3
0COMPARTMENT ATTRIBUTES
 COMPT. NO.   FUNCTION   INITIAL    ON/OFF      DOSE      DEFAULT    DEFAULT
                         STATUS     ALLOWED    ALLOWED    FOR DOSE   FOR OBS.
    1         GUT          ON         YES        YES        YES        NO
    2         CENTRAL      ON         YES        YES        NO         YES
    3         OUTPUT       OFF        YES        NO         NO         NO
 INITIAL (BASE) TOLERANCE SETTINGS:
 NRD (RELATIVE) VALUE(S) OF TOLERANCE:   9
 ANRD (ABSOLUTE) VALUE(S) OF TOLERANCE:  12
1
 ADDITIONAL PK PARAMETERS - ASSIGNMENT OF ROWS IN GG
 COMPT. NO.                             INDICES
              SCALE      BIOAVAIL.   ZERO-ORDER  ZERO-ORDER  ABSORB
                         FRACTION    RATE        DURATION    LAG
    1            *           *           *           *           *
    2            *           *           *           *           *
    3            *           -           -           -           -
             - PARAMETER IS NOT ALLOWED FOR THIS MODEL
             * PARAMETER IS NOT SUPPLIED BY PK SUBROUTINE;
               WILL DEFAULT TO ONE IF APPLICABLE
0DATA ITEM INDICES USED BY PRED ARE:
   EVENT ID DATA ITEM IS DATA ITEM NO.:      5
   TIME DATA ITEM IS DATA ITEM NO.:          2
   DOSE AMOUNT DATA ITEM IS DATA ITEM NO.:   3

0PK SUBROUTINE CALLED WITH EVERY EVENT RECORD.
 PK SUBROUTINE NOT CALLED AT NONEVENT (ADDITIONAL OR LAGGED) DOSE TIMES.
0ERROR SUBROUTINE CALLED WITH EVERY EVENT RECORD.
0ERROR SUBROUTINE INDICATES THAT DERIVATIVES OF COMPARTMENT AMOUNTS ARE USED.
0DES SUBROUTINE USES COMPACT STORAGE MODE.
1
 
 
 #TBLN:      1
 #METH: First Order Conditional Estimation with Interaction
 
 ESTIMATION STEP OMITTED:                 NO
 ANALYSIS TYPE:                           POPULATION
 NUMBER OF SADDLE POINT RESET ITERATIONS:      0
 GRADIENT METHOD USED:               NOSLOW
 CONDITIONAL ESTIMATES USED:              YES
 CENTERED ETA:                            NO
 EPS-ETA INTERACTION:                     YES
 LAPLACIAN OBJ. FUNC.:                    NO
 NO. OF FUNCT. EVALS. ALLOWED:            9999
 NO. OF SIG. FIGURES REQUIRED:            3
 INTERMEDIATE PRINTOUT:                   YES
 ESTIMATE OUTPUT TO MSF:                  NO
 ABORT WITH PRED EXIT CODE 1:             NO
 IND. OBJ. FUNC. VALUES SORTED:           NO
 NUMERICAL DERIVATIVE
       FILE REQUEST (NUMDER):               NONE
 MAP (ETAHAT) ESTIMATION METHOD (OPTMAP):   0
 ETA HESSIAN EVALUATION METHOD (ETADER):    0
 INITIAL ETA FOR MAP ESTIMATION (MCETA):    0
 SIGDIGITS FOR MAP ESTIMATION (SIGLO):      5
 GRADIENT SIGDIGITS OF
       FIXED EFFECTS PARAMETERS (SIGL):     5
 NOPRIOR SETTING (NOPRIOR):                 OFF
 NOCOV SETTING (NOCOV):                     OFF
 DERCONT SETTING (DERCONT):                 OFF
 FINAL ETA RE-EVALUATION (FNLETA):          ON
 EXCLUDE NON-INFLUENTIAL (NON-INFL.) ETAS
       IN SHRINKAGE (ETASTYPE):             NO
 NON-INFL. ETA CORRECTION (NONINFETA):      OFF
 RAW OUTPUT FILE (FILE): run006.ext
 EXCLUDE TITLE (NOTITLE):                   NO
 EXCLUDE COLUMN LABELS (NOLABEL):           NO
 FORMAT FOR ADDITIONAL FILES (FORMAT):      S1PE12.5
 PARAMETER ORDER FOR OUTPUTS (ORDER):       TSOL
 WISHART PRIOR DF INTERPRETATION (WISHTYPE):0
 KNUTHSUMOFF:                               0
 INCLUDE LNTWOPI:                           NO
 INCLUDE CONSTANT TERM TO PRIOR (PRIORC):   NO
 INCLUDE CONSTANT TERM TO OMEGA (ETA) (OLNTWOPI):NO
 ADDITIONAL CONVERGENCE TEST (CTYPE=4)?:    NO
 EM OR BAYESIAN METHOD USED:                 NONE

 TOLERANCES FOR ESTIMATION/EVALUATION STEP:
 NRD (RELATIVE) VALUE(S) OF TOLERANCE:   9
 ANRD (ABSOLUTE) VALUE(S) OF TOLERANCE:  12
 TOLERANCES FOR COVARIANCE STEP:
 NRD (RELATIVE) VALUE(S) OF TOLERANCE:   9
 ANRD (ABSOLUTE) VALUE(S) OF TOLERANCE:  12
 TOLERANCES FOR TABLE/SCATTER STEP:
 NRD (RELATIVE) VALUE(S) OF TOLERANCE:   9
 ANRD (ABSOLUTE) VALUE(S) OF TOLERANCE:  12
 
 THE FOLLOWING LABELS ARE EQUIVALENT
 PRED=PREDI
 RES=RESI
 WRES=WRESI
 IWRS=IWRESI
 IPRD=IPREDI
 IRS=IRESI
 
 MONITORING OF SEARCH:

 
0ITERATION NO.:    0    OBJECTIVE VALUE:   558.484996855779        NO. OF FUNC. EVALS.:   7
 CUMULATIVE NO. OF FUNC. EVALS.:        7
 NPARAMETR:  1.5000E-01 -2.0000E+00  2.0000E+00  2.0000E-01  5.0000E-01  1.0000E+00  1.0000E+00  1.0000E+00
 PARAMETER:  1.0000E-01 -1.0000E-01  1.0000E-01  1.0000E-01  1.0000E-01  1.0000E-01  1.0000E-01  1.0000E-01
 GRADIENT:   1.9152E+01  1.4744E+02 -3.9857E+01  8.9320E+02 -2.1284E+01 -6.7409E+00  5.7892E+01  5.7793E+01
 
0ITERATION NO.:   10    OBJECTIVE VALUE:   429.524038271186        NO. OF FUNC. EVALS.:  89
 CUMULATIVE NO. OF FUNC. EVALS.:       96
 NPARAMETR: -6.4986E-01 -2.0127E+00  2.1387E+00  1.2455E-01  7.2131E-01  3.7616E-01  4.9569E-02  5.6036E-02
 PARAMETER: -4.3324E-01 -1.0064E-01  1.0694E-01  6.2277E-02  1.4426E-01 -3.8887E-01 -1.4022E+00 -1.3409E+00
 GRADIENT:  -2.6402E+00  2.2476E+01  1.4866E+03  1.0354E+02  3.4140E+01 -3.0521E+00 -2.5551E+01  6.7584E-02
 
0ITERATION NO.:   20    OBJECTIVE VALUE:   423.327281796598        NO. OF FUNC. EVALS.: 161
 CUMULATIVE NO. OF FUNC. EVALS.:      257             RESET HESSIAN, TYPE I
 NPARAMETR: -5.6944E-01 -2.0072E+00  2.0585E+00  1.1704E-01  7.2244E-01  4.7486E-01  7.9033E-02  4.8289E-02
 PARAMETER: -3.7963E-01 -1.0036E-01  1.0293E-01  5.8521E-02  1.4449E-01 -2.7236E-01 -1.1689E+00 -1.4153E+00
 GRADIENT:   3.9923E-01  1.5872E+02  1.6732E+02  3.7684E+00  1.0911E+00 -8.0553E-04  1.4633E-03  3.0057E-03
 
0ITERATION NO.:   22    OBJECTIVE VALUE:   423.327281796598        NO. OF FUNC. EVALS.:  36
 CUMULATIVE NO. OF FUNC. EVALS.:      293
 NPARAMETR: -5.6944E-01 -2.0072E+00  2.0585E+00  1.1704E-01  7.2244E-01  4.7486E-01  7.9033E-02  4.8289E-02
 PARAMETER: -3.7963E-01 -1.0036E-01  1.0293E-01  5.8521E-02  1.4449E-01 -2.7236E-01 -1.1689E+00 -1.4153E+00
 GRADIENT:  -3.9549E-02 -1.0672E-01 -8.0522E-02 -2.7254E-01 -1.1307E-01  5.4055E-03  7.1115E-04  3.7461E-03
 
 #TERM:
0MINIMIZATION SUCCESSFUL
 HOWEVER, PROBLEMS OCCURRED WITH THE MINIMIZATION.
 REGARD THE RESULTS OF THE ESTIMATION STEP CAREFULLY, AND ACCEPT THEM ONLY
 AFTER CHECKING THAT THE COVARIANCE STEP PRODUCES REASONABLE OUTPUT.
 NO. OF FUNCTION EVALUATIONS USED:      293
 NO. OF SIG. DIGITS IN FINAL EST.:  3.4

 ETABAR IS THE ARITHMETIC MEAN OF THE ETA-ESTIMATES,
 AND THE P-VALUE IS GIVEN FOR THE NULL HYPOTHESIS THAT THE TRUE MEAN IS 0.
 
 ETABAR:        -3.1908E-02 -5.1847E-05 -1.0298E-02
 SE:             6.4944E-02  4.7082E-02  3.3120E-02
 N:                      32          32          32
 
 P VAL.:         6.2320E-01  9.9912E-01  7.5586E-01
 
 ETASHRINKSD(%)  4.5834E+01  3.7462E+00  1.3377E+01
 ETASHRINKVR(%)  7.0661E+01  7.3520E+00  2.4964E+01
 EBVSHRINKSD(%)  4.4417E+01  5.0666E+00  1.3983E+01
 EBVSHRINKVR(%)  6.9106E+01  9.8765E+00  2.6010E+01
 EPSSHRINKSD(%)  1.3026E+01
 EPSSHRINKVR(%)  2.4355E+01
 
  
 TOTAL DATA POINTS NORMALLY DISTRIBUTED (N):          251
 N*LOG(2PI) CONSTANT TO OBJECTIVE FUNCTION:    461.307143668746     
 OBJECTIVE FUNCTION VALUE WITHOUT CONSTANT:    423.327281796598     
 OBJECTIVE FUNCTION VALUE WITH CONSTANT:       884.634425465343     
 REPORTED OBJECTIVE FUNCTION DOES NOT CONTAIN CONSTANT
  
 TOTAL EFFECTIVE ETAS (NIND*NETA):                            96
  
 #TERE:
 Elapsed estimation  time in seconds:    29.15
 Elapsed covariance  time in seconds:    11.77
 Elapsed postprocess time in seconds:     0.21
1
 
 
 
 
 
 
 
 
 
 
 
 
 
 
 
 
 
 
 
 
 ************************************************************************************************************************
 ********************                                                                                ********************
 ********************               FIRST ORDER CONDITIONAL ESTIMATION WITH INTERACTION              ********************
 #OBJT:**************                       MINIMUM VALUE OF OBJECTIVE FUNCTION                      ********************
 ********************                                                                                ********************
 ************************************************************************************************************************
 





 #OBJV:********************************************      423.327       **************************************************
1
 ************************************************************************************************************************
 ********************                                                                                ********************
 ********************               FIRST ORDER CONDITIONAL ESTIMATION WITH INTERACTION              ********************
 ********************                             FINAL PARAMETER ESTIMATE                           ********************
 ********************                                                                                ********************
 ************************************************************************************************************************
 


 THETA - VECTOR OF FIXED EFFECTS PARAMETERS   *********


         TH 1      TH 2      TH 3      TH 4      TH 5     
 
        -5.69E-01 -2.01E+00  2.06E+00  1.17E-01  7.22E-01
 


 OMEGA - COV MATRIX FOR RANDOM EFFECTS - ETAS  ********


         ETA1      ETA2      ETA3     
 
 ETA1
+        4.75E-01
 
 ETA2
+        0.00E+00  7.90E-02
 
 ETA3
+        0.00E+00  0.00E+00  4.83E-02
 


 SIGMA - COV MATRIX FOR RANDOM EFFECTS - EPSILONS  ****


         EPS1     
 
 EPS1
+        1.00E+00
 
1


 OMEGA - CORR MATRIX FOR RANDOM EFFECTS - ETAS  *******


         ETA1      ETA2      ETA3     
 
 ETA1
+        6.89E-01
 
 ETA2
+        0.00E+00  2.81E-01
 
 ETA3
+        0.00E+00  0.00E+00  2.20E-01
 


 SIGMA - CORR MATRIX FOR RANDOM EFFECTS - EPSILONS  ***


         EPS1     
 
 EPS1
+        1.00E+00
 
1
 ************************************************************************************************************************
 ********************                                                                                ********************
 ********************               FIRST ORDER CONDITIONAL ESTIMATION WITH INTERACTION              ********************
 ********************                            STANDARD ERROR OF ESTIMATE                          ********************
 ********************                                                                                ********************
 ************************************************************************************************************************
 


 THETA - VECTOR OF FIXED EFFECTS PARAMETERS   *********


         TH 1      TH 2      TH 3      TH 4      TH 5     
 
         2.46E-01  5.39E-02  4.60E-02  2.65E-02  1.54E-01
 


 OMEGA - COV MATRIX FOR RANDOM EFFECTS - ETAS  ********


         ETA1      ETA2      ETA3     
 
 ETA1
+        2.24E-01
 
 ETA2
+       .........  2.40E-02
 
 ETA3
+       ......... .........  1.44E-02
 


 SIGMA - COV MATRIX FOR RANDOM EFFECTS - EPSILONS  ****


         EPS1     
 
 EPS1
+       .........
 
1


 OMEGA - CORR MATRIX FOR RANDOM EFFECTS - ETAS  *******


         ETA1      ETA2      ETA3     
 
 ETA1
+        1.63E-01
 
 ETA2
+       .........  4.26E-02
 
 ETA3
+       ......... .........  3.29E-02
 


 SIGMA - CORR MATRIX FOR RANDOM EFFECTS - EPSILONS  ***


         EPS1     
 
 EPS1
+       .........
 
1
 ************************************************************************************************************************
 ********************                                                                                ********************
 ********************               FIRST ORDER CONDITIONAL ESTIMATION WITH INTERACTION              ********************
 ********************                          COVARIANCE MATRIX OF ESTIMATE                         ********************
 ********************                                                                                ********************
 ************************************************************************************************************************
 

            TH 1      TH 2      TH 3      TH 4      TH 5      OM11      OM12      OM13      OM22      OM23      OM33      SG11  

 
 TH 1
+        6.07E-02
 
 TH 2
+       -2.95E-03  2.90E-03
 
 TH 3
+        2.72E-04  7.83E-04  2.12E-03
 
 TH 4
+       -2.34E-03  4.56E-04  1.85E-04  7.04E-04
 
 TH 5
+       -1.58E-02  1.72E-04 -3.87E-03 -6.24E-04  2.37E-02
 
 OM11
+        2.41E-02  1.19E-03  5.13E-04  9.61E-04 -1.07E-02  5.02E-02
 
 OM12
+       ......... ......... ......... ......... ......... ......... .........
 
 OM13
+       ......... ......... ......... ......... ......... ......... ......... .........
 
 OM22
+        2.59E-04  3.75E-04 -2.32E-04 -1.36E-04 -4.62E-04  9.92E-04 ......... .........  5.74E-04
 
 OM23
+       ......... ......... ......... ......... ......... ......... ......... ......... ......... .........
 
 OM33
+        2.22E-05 -4.23E-05  9.67E-05 -6.27E-05  2.19E-04 -3.15E-04 ......... .........  8.99E-05 .........  2.08E-04
 
 SG11
+       ......... ......... ......... ......... ......... ......... ......... ......... ......... ......... ......... .........
 
1
 ************************************************************************************************************************
 ********************                                                                                ********************
 ********************               FIRST ORDER CONDITIONAL ESTIMATION WITH INTERACTION              ********************
 ********************                          CORRELATION MATRIX OF ESTIMATE                        ********************
 ********************                                                                                ********************
 ************************************************************************************************************************
 

            TH 1      TH 2      TH 3      TH 4      TH 5      OM11      OM12      OM13      OM22      OM23      OM33      SG11  

 
 TH 1
+        2.46E-01
 
 TH 2
+       -2.22E-01  5.39E-02
 
 TH 3
+        2.40E-02  3.16E-01  4.60E-02
 
 TH 4
+       -3.58E-01  3.19E-01  1.51E-01  2.65E-02
 
 TH 5
+       -4.16E-01  2.07E-02 -5.47E-01 -1.53E-01  1.54E-01
 
 OM11
+        4.36E-01  9.89E-02  4.98E-02  1.62E-01 -3.10E-01  2.24E-01
 
 OM12
+       ......... ......... ......... ......... ......... ......... .........
 
 OM13
+       ......... ......... ......... ......... ......... ......... ......... .........
 
 OM22
+        4.39E-02  2.90E-01 -2.11E-01 -2.14E-01 -1.25E-01  1.85E-01 ......... .........  2.40E-02
 
 OM23
+       ......... ......... ......... ......... ......... ......... ......... ......... ......... .........
 
 OM33
+        6.25E-03 -5.44E-02  1.46E-01 -1.64E-01  9.86E-02 -9.73E-02 ......... .........  2.60E-01 .........  1.44E-02
 
 SG11
+       ......... ......... ......... ......... ......... ......... ......... ......... ......... ......... ......... .........
 
1
 ************************************************************************************************************************
 ********************                                                                                ********************
 ********************               FIRST ORDER CONDITIONAL ESTIMATION WITH INTERACTION              ********************
 ********************                      INVERSE COVARIANCE MATRIX OF ESTIMATE                     ********************
 ********************                                                                                ********************
 ************************************************************************************************************************
 

            TH 1      TH 2      TH 3      TH 4      TH 5      OM11      OM12      OM13      OM22      OM23      OM33      SG11  

 
 TH 1
+        4.64E+01
 
 TH 2
+       -7.34E+01  1.04E+03
 
 TH 3
+        1.57E+02 -1.14E+03  2.28E+03
 
 TH 4
+        2.78E+02 -1.17E+03  1.59E+03  3.83E+03
 
 TH 5
+        6.25E+01 -3.15E+02  5.88E+02  5.68E+02  2.14E+02
 
 OM11
+       -2.10E+01  2.56E+01 -5.32E+01 -1.51E+02 -1.60E+01  3.32E+01
 
 OM12
+       ......... ......... ......... ......... ......... ......... .........
 
 OM13
+       ......... ......... ......... ......... ......... ......... ......... .........
 
 OM22
+        2.79E+02 -1.94E+03  2.98E+03  3.23E+03  8.76E+02 -1.54E+02 ......... .........  6.58E+03
 
 OM23
+       ......... ......... ......... ......... ......... ......... ......... ......... ......... .........
 
 OM33
+       -2.27E+02  1.61E+03 -2.82E+03 -2.07E+03 -8.00E+02  1.20E+02 ......... ......... -4.83E+03 .........  8.94E+03
 
 SG11
+       ......... ......... ......... ......... ......... ......... ......... ......... ......... ......... ......... .........
 
 Elapsed finaloutput time in seconds:     0.04
 #CPUT: Total CPU Time in Seconds,       25.777
Stop Time:
Wed May 17 16:53:27 CEST 2023
