Fri Aug  5 18:18:56 CEST 2022
$PROBLEM  translated from babelmixr2
; comments show mu referenced model in ui$getSplitMuModel

$DATA pk.turnover.emax3.csv IGNORE=@

$INPUT ID TIME EVID AMT DV CMT DVID RXROW

$SUBROUTINES ADVAN13 TOL=6

$MODEL NCOMPARTMENTS=4
     COMP(DEPOT, DEFDOSE) ; depot
     COMP(GUT) ; gut
     COMP(CENTER) ; center
     COMP(EFFECT) ; effect

$PK
  MU_1=THETA(1)
  MU_2=THETA(2)
  MU_3=THETA(3)
  MU_4=THETA(4)
  MU_5=THETA(7)
  MU_6=THETA(8)
  MU_7=THETA(9)
  MU_8=THETA(10)
  KTR=DEXP(MU_1+ETA(1)) ; ktr <- exp(tktr)
  KA=DEXP(MU_2+ETA(2)) ; ka <- exp(tka)
  CL=DEXP(MU_3+ETA(3)) ; cl <- exp(tcl)
  V=DEXP(MU_4+ETA(4)) ; v <- exp(tv)
  EMAX=((1.0)-(0.0))*(1/(1+DEXP(-(MU_5+ETA(5)))))+(0.0) ; emax <- expit(temax, 0, 1)
  EC50=DEXP(MU_6+ETA(6)) ; ec50 <- exp(tec50)
  KOUT=DEXP(MU_7+ETA(7)) ; kout <- exp(tkout)
  E0=DEXP(MU_8+ETA(8)) ; e0 <- exp(te0)
  A_0(4)=E0 ; effect(0) = e0

$DES
  DCP=A(3)/V ; DCP = center/v
  RXDZ001=(EC50+DCP)
  IF (RXDZ001 .GE. 0.0 .AND. RXDZ001 .LE. 0.000001) THEN
    RXDZ001=0.000001
  END IF
  IF (RXDZ001 .GE. -0.000001 .AND. RXDZ001 .LT. 0.) THEN
    RXDZ001= -0.000001
  END IF
  PD=1-EMAX*DCP/RXDZ001 ; PD = 1 - emax * DCP/(ec50 + DCP)
    ;effect(0) defined in $PK block
  KIN=E0*KOUT ; kin = e0 * kout
  DADT(1) = - KTR*A(1) ; d/dt(depot) = -ktr * depot
  DADT(2) = KTR*A(1)-KA*A(2) ; d/dt(gut) = ktr * depot - ka * gut
  DADT(3) = KA*A(2)-CL/V*A(3) ; d/dt(center) = ka * gut - cl/v * center
  DADT(4) = KIN*PD-KOUT*A(4) ; d/dt(effect) = kin * PD - kout * effect
  CP=A(3)/V ; cp = center/v

$ERROR
  ;Redefine LHS in $DES by prefixing with on RXE_ for $ERROR
  RXE_DCP=A(3)/V ; DCP = center/v
  RXDZE001=(EC50+RXE_DCP)
  IF (RXDZE001 .GE. 0.0 .AND. RXDZE001 .LE. 0.000001) THEN
    RXDZE001=0.000001
  END IF
  IF (RXDZE001 .GE. -0.000001 .AND. RXDZE001 .LT. 0.) THEN
    RXDZE001= -0.000001
  END IF
  RXE_PD=1-EMAX*RXE_DCP/RXDZE001 ; PD = 1 - emax * DCP/(ec50 + DCP)
  RXE_KIN=E0*KOUT ; kin = e0 * kout
  RXE_CP=A(3)/V ; cp = center/v
  RX_PF1=RXE_CP ; rx_pf1 ~ cp
  RX_PF2=A(4) ; rx_pf2 ~ effect
  ; Write out expressions for ipred and w
  RX_IP1 = RX_PF1
  RX_P1 = RX_IP1
  W1=DSQRT((THETA(6))**2+(RX_PF1)**2*(THETA(5))**2) ; W1 ~ sqrt((pkadd.err)^2 + (rx_pred_f_)^2 * (prop.err)^2)
  IF (W1 .EQ. 0.0) W1 = 1
  RX_IP2 = RX_PF2
  RX_P2 = RX_IP2
  W2=DSQRT((THETA(11))**2) ; W2 ~ sqrt((pdadd.err)^2)
  IF (W2 .EQ. 0.0) W2 = 1
  IPRED = RX_IP1
  W     = W1
  IF (DVID .EQ. 2) THEN
    IPRED = RX_IP2
    W     = W2
  END IF
  Y     = IPRED + W*EPS(1)

$THETA (0.000001   ) ;  1 - tktr     
       (0.000001   ) ;  2 - tka      
       (-2.3026    ) ;  3 - tcl      
       (2.3026     ) ;  4 - tv       
       (0,      0.1) ;  5 - prop.err 
       (0,      0.1) ;  6 - pkadd.err
       (1.3863     ) ;  7 - temax    
       (-0.69315   ) ;  8 - tec50    
       (-2.9957    ) ;  9 - tkout    
       (4.6052     ) ; 10 - te0      
       (0,      10 ) ; 11 - pdadd.err

$OMEGA 1 ; eta.ktr
$OMEGA 1 ; eta.ka
$OMEGA 2 ; eta.cl
$OMEGA 1 ; eta.v
$OMEGA 0.5 ; eta.emax
$OMEGA 0.5 ; eta.ec50
$OMEGA 0.5 ; eta.kout
$OMEGA 0.5 ; eta.e0

$SIGMA 1 FIX

$ESTIMATION METHOD=1 INTER MAXEVALS=100000 SIGDIG=3 SIGL=12 PRINT=1 NOABORT

$COVARIANCE

$TABLE ID ETAS(1:LAST) OBJI FIRSTONLY ONEHEADER NOPRINT
    NOAPPEND FILE=pk.turnover.emax3.eta

$TABLE ID TIME IPRED PRED RXROW ONEHEADER NOPRINT
    NOAPPEND FILE=pk.turnover.emax3.pred


NM-TRAN MESSAGES
  
 WARNINGS AND ERRORS (IF ANY) FOR PROBLEM    1
             
 (WARNING  2) NM-TRAN INFERS THAT THE DATA ARE POPULATION.

License Registered to: Novartis
Expiration Date:    14 JAN 2023
Current Date:        5 AUG 2022
Days until program expires : 164
1NONLINEAR MIXED EFFECTS MODEL PROGRAM (NONMEM) VERSION 7.4.3
 ORIGINALLY DEVELOPED BY STUART BEAL, LEWIS SHEINER, AND ALISON BOECKMANN
 CURRENT DEVELOPERS ARE ROBERT BAUER, ICON DEVELOPMENT SOLUTIONS,
 AND ALISON BOECKMANN. IMPLEMENTATION, EFFICIENCY, AND STANDARDIZATION
 PERFORMED BY NOUS INFOSYSTEMS.

 PROBLEM NO.:         1
 translated from babelmixr2
0DATA CHECKOUT RUN:              NO
 DATA SET LOCATED ON UNIT NO.:    2
 THIS UNIT TO BE REWOUND:        NO
 NO. OF DATA RECS IN DATA SET:      515
 NO. OF DATA ITEMS IN DATA SET:   9
 ID DATA ITEM IS DATA ITEM NO.:   1
 DEP VARIABLE IS DATA ITEM NO.:   5
 MDV DATA ITEM IS DATA ITEM NO.:  9
0INDICES PASSED TO SUBROUTINE PRED:
   3   2   4   0   0   0   6   0   0   0   0
0LABELS FOR DATA ITEMS:
 ID TIME EVID AMT DV CMT DVID RXROW MDV
0(NONBLANK) LABELS FOR PRED-DEFINED ITEMS:
 IPRED
0FORMAT FOR DATA:
 (8E5.0,1F2.0)

 TOT. NO. OF OBS RECS:      483
 TOT. NO. OF INDIVIDUALS:       32
0LENGTH OF THETA:  11
0DEFAULT THETA BOUNDARY TEST OMITTED:    NO
0OMEGA HAS SIMPLE DIAGONAL FORM WITH DIMENSION:   8
0DEFAULT OMEGA BOUNDARY TEST OMITTED:    NO
0SIGMA HAS SIMPLE DIAGONAL FORM WITH DIMENSION:   1
0DEFAULT SIGMA BOUNDARY TEST OMITTED:    NO
0INITIAL ESTIMATE OF THETA:
 LOWER BOUND    INITIAL EST    UPPER BOUND
 -0.1000E+07     0.1000E-05     0.1000E+07
 -0.1000E+07     0.1000E-05     0.1000E+07
 -0.1000E+07    -0.2303E+01     0.1000E+07
 -0.1000E+07     0.2303E+01     0.1000E+07
  0.0000E+00     0.1000E+00     0.1000E+07
  0.0000E+00     0.1000E+00     0.1000E+07
 -0.1000E+07     0.1386E+01     0.1000E+07
 -0.1000E+07    -0.6932E+00     0.1000E+07
 -0.1000E+07    -0.2996E+01     0.1000E+07
 -0.1000E+07     0.4605E+01     0.1000E+07
  0.0000E+00     0.1000E+02     0.1000E+07
0INITIAL ESTIMATE OF OMEGA:
 0.1000E+01
 0.0000E+00   0.1000E+01
 0.0000E+00   0.0000E+00   0.2000E+01
 0.0000E+00   0.0000E+00   0.0000E+00   0.1000E+01
 0.0000E+00   0.0000E+00   0.0000E+00   0.0000E+00   0.5000E+00
 0.0000E+00   0.0000E+00   0.0000E+00   0.0000E+00   0.0000E+00   0.5000E+00
 0.0000E+00   0.0000E+00   0.0000E+00   0.0000E+00   0.0000E+00   0.0000E+00   0.5000E+00
 0.0000E+00   0.0000E+00   0.0000E+00   0.0000E+00   0.0000E+00   0.0000E+00   0.0000E+00   0.5000E+00
0INITIAL ESTIMATE OF SIGMA:
 0.1000E+01
0SIGMA CONSTRAINED TO BE THIS INITIAL ESTIMATE
0COVARIANCE STEP OMITTED:        NO
 EIGENVLS. PRINTED:              NO
 SPECIAL COMPUTATION:            NO
 COMPRESSED FORMAT:              NO
 GRADIENT METHOD USED:     NOSLOW
 SIGDIGITS ETAHAT (SIGLO):                  -1
 SIGDIGITS GRADIENTS (SIGL):                -1
 EXCLUDE COV FOR FOCE (NOFCOV):              NO
 TURN OFF Cholesky Transposition of R Matrix (CHOLROFF): NO
 KNUTHSUMOFF:                                -1
 RESUME COV ANALYSIS (RESUME):               NO
 SIR SAMPLE SIZE (SIRSAMPLE):              -1
 NON-LINEARLY TRANSFORM THETAS DURING COV (THBND): 1
 PRECONDTIONING CYCLES (PRECOND):        0
 PRECONDTIONING TYPES (PRECONDS):        TOS
 FORCED PRECONDTIONING CYCLES (PFCOND):0
 PRECONDTIONING TYPE (PRETYPE):        0
 FORCED POS. DEFINITE SETTING: (FPOSDEF):0
0TABLES STEP OMITTED:    NO
 NO. OF TABLES:           2
 SEED NUMBER (SEED):    11456
 RANMETHOD:             3U
 MC SAMPLES (ESAMPLE):    300
 WRES SQUARE ROOT TYPE (WRESCHOL): EIGENVALUE
0-- TABLE   1 --
0RECORDS ONLY:    FIRSTONLY
04 COLUMNS APPENDED:    NO
 PRINTED:                NO
 HEADER:                YES
 FILE TO BE FORWARDED:   NO
 FORMAT:                S1PE11.4
 LFORMAT:
 RFORMAT:
 FIXED_EFFECT_ETAS:
0USER-CHOSEN ITEMS:
 ID ETA1 ETA2 ETA3 ETA4 ETA5 ETA6 ETA7 ETA8 OBJI
0-- TABLE   2 --
0RECORDS ONLY:    ALL
04 COLUMNS APPENDED:    NO
 PRINTED:                NO
 HEADER:                YES
 FILE TO BE FORWARDED:   NO
 FORMAT:                S1PE11.4
 LFORMAT:
 RFORMAT:
 FIXED_EFFECT_ETAS:
0USER-CHOSEN ITEMS:
 ID TIME IPRED PRED RXROW
1DOUBLE PRECISION PREDPP VERSION 7.4.3

 GENERAL NONLINEAR KINETICS MODEL WITH STIFF/NONSTIFF EQUATIONS (LSODA, ADVAN13)
0MODEL SUBROUTINE USER-SUPPLIED - ID NO. 9999
0MAXIMUM NO. OF BASIC PK PARAMETERS:   8
0COMPARTMENT ATTRIBUTES
 COMPT. NO.   FUNCTION   INITIAL    ON/OFF      DOSE      DEFAULT    DEFAULT
                         STATUS     ALLOWED    ALLOWED    FOR DOSE   FOR OBS.
    1         DEPOT        ON         YES        YES        YES        YES
    2         GUT          ON         YES        YES        NO         NO
    3         CENTER       ON         YES        YES        NO         NO
    4         EFFECT       ON         YES        YES        NO         NO
    5         OUTPUT       OFF        YES        NO         NO         NO
 INITIAL (BASE) TOLERANCE SETTINGS:
 NRD (RELATIVE) VALUE(S) OF TOLERANCE:   6
 ANRD (ABSOLUTE) VALUE(S) OF TOLERANCE:  12
1
 ADDITIONAL PK PARAMETERS - ASSIGNMENT OF ROWS IN GG
 COMPT. NO.                             INDICES
              SCALE      BIOAVAIL.   ZERO-ORDER  ZERO-ORDER  ABSORB
                         FRACTION    RATE        DURATION    LAG
    1            *           *           *           *           *
    2            *           *           *           *           *
    3            *           *           *           *           *
    4            *           *           *           *           *
    5            *           -           -           -           -
             - PARAMETER IS NOT ALLOWED FOR THIS MODEL
             * PARAMETER IS NOT SUPPLIED BY PK SUBROUTINE;
               WILL DEFAULT TO ONE IF APPLICABLE
0DATA ITEM INDICES USED BY PRED ARE:
   EVENT ID DATA ITEM IS DATA ITEM NO.:      3
   TIME DATA ITEM IS DATA ITEM NO.:          2
   DOSE AMOUNT DATA ITEM IS DATA ITEM NO.:   4
   COMPT. NO. DATA ITEM IS DATA ITEM NO.:    6

0PK SUBROUTINE CALLED WITH EVERY EVENT RECORD.
 PK SUBROUTINE NOT CALLED AT NONEVENT (ADDITIONAL OR LAGGED) DOSE TIMES.
0PK SUBROUTINE INDICATES THAT COMPARTMENT AMOUNTS ARE INITIALIZED.
0ERROR SUBROUTINE CALLED WITH EVERY EVENT RECORD.
0ERROR SUBROUTINE INDICATES THAT DERIVATIVES OF COMPARTMENT AMOUNTS ARE USED.
0DES SUBROUTINE USES COMPACT STORAGE MODE.
1


 #TBLN:      1
 #METH: First Order Conditional Estimation with Interaction

 ESTIMATION STEP OMITTED:                 NO
 ANALYSIS TYPE:                           POPULATION
 NUMBER OF SADDLE POINT RESET ITERATIONS:      0
 GRADIENT METHOD USED:               NOSLOW
 CONDITIONAL ESTIMATES USED:              YES
 CENTERED ETA:                            NO
 EPS-ETA INTERACTION:                     YES
 LAPLACIAN OBJ. FUNC.:                    NO
 NO. OF FUNCT. EVALS. ALLOWED:            100000
 NO. OF SIG. FIGURES REQUIRED:            3
 INTERMEDIATE PRINTOUT:                   YES
 ESTIMATE OUTPUT TO MSF:                  NO
 ABORT WITH PRED EXIT CODE 1:             NO
 IND. OBJ. FUNC. VALUES SORTED:           NO
 NUMERICAL DERIVATIVE
       FILE REQUEST (NUMDER):               NONE
 MAP (ETAHAT) ESTIMATION METHOD (OPTMAP):   0
 ETA HESSIAN EVALUATION METHOD (ETADER):    0
 INITIAL ETA FOR MAP ESTIMATION (MCETA):    0
 SIGDIGITS FOR MAP ESTIMATION (SIGLO):      12
 GRADIENT SIGDIGITS OF
       FIXED EFFECTS PARAMETERS (SIGL):     12
 NOPRIOR SETTING (NOPRIOR):                 OFF
 NOCOV SETTING (NOCOV):                     OFF
 DERCONT SETTING (DERCONT):                 OFF
 FINAL ETA RE-EVALUATION (FNLETA):          ON
 EXCLUDE NON-INFLUENTIAL (NON-INFL.) ETAS
       IN SHRINKAGE (ETASTYPE):             NO
 NON-INFL. ETA CORRECTION (NONINFETA):      OFF
 RAW OUTPUT FILE (FILE): pk.turnover.emax3.ext
 EXCLUDE TITLE (NOTITLE):                   NO
 EXCLUDE COLUMN LABELS (NOLABEL):           NO
 FORMAT FOR ADDITIONAL FILES (FORMAT):      S1PE12.5
 PARAMETER ORDER FOR OUTPUTS (ORDER):       TSOL
 WISHART PRIOR DF INTERPRETATION (WISHTYPE):0
 KNUTHSUMOFF:                               0
 INCLUDE LNTWOPI:                           NO
 INCLUDE CONSTANT TERM TO PRIOR (PRIORC):   NO
 INCLUDE CONSTANT TERM TO OMEGA (ETA) (OLNTWOPI):NO
 ADDITIONAL CONVERGENCE TEST (CTYPE=4)?:    NO
 EM OR BAYESIAN METHOD USED:                 NONE

 TOLERANCES FOR ESTIMATION/EVALUATION STEP:
 NRD (RELATIVE) VALUE(S) OF TOLERANCE:   6
 ANRD (ABSOLUTE) VALUE(S) OF TOLERANCE:  12
 TOLERANCES FOR COVARIANCE STEP:
 NRD (RELATIVE) VALUE(S) OF TOLERANCE:   6
 ANRD (ABSOLUTE) VALUE(S) OF TOLERANCE:  12
 TOLERANCES FOR TABLE/SCATTER STEP:
 NRD (RELATIVE) VALUE(S) OF TOLERANCE:   6
 ANRD (ABSOLUTE) VALUE(S) OF TOLERANCE:  12

 THE FOLLOWING LABELS ARE EQUIVALENT
 PRED=PREDI
 RES=RESI
 WRES=WRESI
 IWRS=IWRESI
 IPRD=IPREDI
 IRS=IRESI

 MONITORING OF SEARCH:


0ITERATION NO.:    0    OBJECTIVE VALUE:   2027.54802789961        NO. OF FUNC. EVALS.:  13
 CUMULATIVE NO. OF FUNC. EVALS.:       13
 NPARAMETR:  1.0000E-06  1.0000E-06 -2.3026E+00  2.3026E+00  1.0000E-01  1.0000E-01  1.3863E+00 -6.9315E-01 -2.9957E+00  4.6052E+00
             1.0000E+01  1.0000E+00  1.0000E+00  2.0000E+00  1.0000E+00  5.0000E-01  5.0000E-01  5.0000E-01  5.0000E-01
 PARAMETER:  1.0000E-01  1.0000E-01 -1.0000E-01  1.0000E-01  1.0000E-01  1.0000E-01  1.0000E-01 -1.0000E-01 -1.0000E-01  1.0000E-01
             1.0000E-01  1.0000E-01  1.0000E-01  1.0000E-01  1.0000E-01  1.0000E-01  1.0000E-01  1.0000E-01  1.0000E-01
 GRADIENT:   6.8573E+01  6.6983E+01  1.8476E+02  7.1623E+02 -4.2465E+02 -2.0551E+02 -4.3406E+02  3.5833E+02 -7.6496E+02  4.1578E+02
             2.0387E+02  1.5066E+00  1.5066E+00  5.8946E+01  5.6312E+01  1.3033E+01  8.6192E+00  3.3021E+01  6.1462E+01

0ITERATION NO.:    1    OBJECTIVE VALUE:   2016.42449427836        NO. OF FUNC. EVALS.:  16
 CUMULATIVE NO. OF FUNC. EVALS.:       29
 NPARAMETR:  9.9328E-07  9.9343E-07 -2.3443E+00  2.1409E+00  1.0042E-01  1.0020E-01  1.4453E+00 -7.1750E-01 -2.7710E+00  4.4175E+00
             9.9800E+00  9.9997E-01  9.9997E-01  1.9977E+00  9.9890E-01  4.9987E-01  4.9992E-01  4.9968E-01  4.9940E-01
 PARAMETER:  9.9328E-02  9.9343E-02 -1.0181E-01  9.2978E-02  1.0416E-01  1.0201E-01  1.0426E-01 -1.0351E-01 -9.2500E-02  9.5923E-02
             9.8001E-02  9.9985E-02  9.9985E-02  9.9422E-02  9.9448E-02  9.9872E-02  9.9915E-02  9.9676E-02  9.9397E-02
 GRADIENT:   1.4679E+03  7.8618E+02  6.9410E+02  1.0625E+03 -4.1908E+02 -2.0364E+02  4.0658E+02  7.8890E+02  5.4544E+02  2.6701E+02
             2.0362E+02  1.5161E+00  1.5160E+00  5.8154E+01  5.9353E+01  1.7890E+01  8.5345E+00  4.2050E+01  5.9782E+01

0ITERATION NO.:    2    OBJECTIVE VALUE:   2016.42322333064        NO. OF FUNC. EVALS.:  26
 CUMULATIVE NO. OF FUNC. EVALS.:       55
 NPARAMETR:  9.9328E-07  9.9343E-07 -2.3443E+00  2.1409E+00  1.0042E-01  1.0020E-01  1.4453E+00 -7.1750E-01 -2.7710E+00  4.4175E+00
             9.9800E+00  9.9997E-01  9.9997E-01  1.9977E+00  9.9890E-01  4.9987E-01  4.9992E-01  4.9968E-01  4.9940E-01
 PARAMETER:  9.9328E-02  9.9343E-02 -1.0181E-01  9.2978E-02  1.0416E-01  1.0201E-01  1.0426E-01 -1.0351E-01 -9.2500E-02  9.5923E-02
             9.8001E-02  9.9985E-02  9.9985E-02  9.9422E-02  9.9448E-02  9.9872E-02  9.9915E-02  9.9676E-02  9.9397E-02
 GRADIENT:   2.6178E+02  1.0075E+02  8.5214E+01  2.7543E+02 -4.1908E+02 -2.0364E+02 -2.5247E+02  1.6590E+02 -3.3386E+02 -1.0964E+03
             2.0362E+02  1.5132E+00  1.5131E+00  5.8154E+01  5.9353E+01  1.7890E+01  8.5340E+00  4.2050E+01  5.9782E+01

0ITERATION NO.:    3    OBJECTIVE VALUE:   2014.80671424893        NO. OF FUNC. EVALS.:  16
 CUMULATIVE NO. OF FUNC. EVALS.:       71
 NPARAMETR:  9.5142E-07  9.7376E-07 -2.3837E+00  2.0574E+00  1.0078E-01  1.0038E-01  1.4606E+00 -7.3431E-01 -2.7278E+00  4.7488E+00
             9.9626E+00  9.9994E-01  9.9994E-01  1.9957E+00  9.9788E-01  4.9972E-01  4.9984E-01  4.9932E-01  4.9889E-01
 PARAMETER:  9.5142E-02  9.7376E-02 -1.0352E-01  8.9351E-02  1.0775E-01  1.0376E-01  1.0536E-01 -1.0594E-01 -9.1057E-02  1.0312E-01
             9.6257E-02  9.9972E-02  9.9972E-02  9.8924E-02  9.8940E-02  9.9719E-02  9.9842E-02  9.9316E-02  9.8885E-02
 GRADIENT:   2.5174E+01  2.6514E+01 -1.7855E+02 -1.3194E+01 -4.1443E+02 -2.0197E+02 -3.6388E+02 -9.6151E+00 -3.4999E+02  1.1468E+03
             2.0472E+02  1.5199E+00  1.5203E+00  5.7303E+01  5.9620E+01  1.8671E+01  8.6942E+00  4.2873E+01  5.7124E+01

0ITERATION NO.:    4    OBJECTIVE VALUE:   2006.86999091307        NO. OF FUNC. EVALS.:  16
 CUMULATIVE NO. OF FUNC. EVALS.:       87
 NPARAMETR:  9.1724E-07  9.5796E-07 -2.3711E+00  1.9885E+00  1.0160E-01  1.0077E-01  1.5386E+00 -7.4718E-01 -2.5419E+00  4.7224E+00
             9.9233E+00  9.9989E-01  9.9989E-01  1.9912E+00  9.9558E-01  4.9937E-01  4.9968E-01  4.9850E-01  4.9776E-01
 PARAMETER:  9.1724E-02  9.5796E-02 -1.0298E-01  8.6359E-02  1.1583E-01  1.0769E-01  1.1099E-01 -1.0780E-01 -8.4852E-02  1.0254E-01
             9.2299E-02  9.9943E-02  9.9943E-02  9.7805E-02  9.7786E-02  9.9365E-02  9.9675E-02  9.8493E-02  9.7751E-02
 GRADIENT:   6.3551E+01  8.6978E+01  3.3501E+01 -1.3745E+02 -4.0422E+02 -1.9842E+02 -2.0073E+02  4.6596E+01  2.3058E+02  1.0120E+03
             2.0362E+02  1.5324E+00  1.5329E+00  5.7567E+01  5.9157E+01  2.1761E+01  8.8951E+00  4.2867E+01  5.8508E+01

0ITERATION NO.:    5    OBJECTIVE VALUE:   1996.40340373905        NO. OF FUNC. EVALS.:  14
 CUMULATIVE NO. OF FUNC. EVALS.:      101
 NPARAMETR:  4.2009E-07  5.3197E-07 -3.2873E+00  2.9773E+00  1.4381E-01  1.1945E-01  4.4123E+00 -1.0881E+00 -3.4229E+00  4.7046E+00
             8.3465E+00  9.9729E-01  9.9729E-01  1.8046E+00  9.0026E-01  4.8206E-01  4.9227E-01  4.6370E-01  4.4999E-01
 PARAMETER:  4.2009E-02  5.3197E-02 -1.4276E-01  1.2930E-01  4.6334E-01  2.7776E-01  3.1828E-01 -1.5697E-01 -1.1426E-01  1.0216E-01
            -8.0742E-02  9.8644E-02  9.8644E-02  4.8584E-02  4.7467E-02  8.1735E-02  9.2205E-02  6.2318E-02  4.7308E-02
 GRADIENT:   1.5143E+01  1.4690E+01 -1.0937E+03  1.5178E+03 -7.9253E+01 -9.1558E+01  1.1130E+02 -8.0844E+02 -1.6351E+03  8.2171E+02
             1.9480E+02  1.6960E+00  1.6957E+00  3.2646E+00  3.3553E+00 -1.5684E-01 -1.0332E+02  2.8440E+01  6.0006E+01

0ITERATION NO.:    6    OBJECTIVE VALUE:   1985.56811699058        NO. OF FUNC. EVALS.:  15
 CUMULATIVE NO. OF FUNC. EVALS.:      116
 NPARAMETR:  4.2251E-07  5.0695E-07 -3.2068E+00  2.8370E+00  1.4678E-01  1.2073E-01  4.4973E+00 -1.0426E+00 -3.5744E+00  4.7185E+00
             8.2460E+00  9.9710E-01  9.9710E-01  1.7942E+00  8.9505E-01  4.8096E-01  4.9300E-01  4.6148E-01  4.4673E-01
 PARAMETER:  4.2251E-02  5.0695E-02 -1.3927E-01  1.2321E-01  4.8373E-01  2.8841E-01  3.2441E-01 -1.5042E-01 -1.1932E-01  1.0246E-01
            -9.2853E-02  9.8550E-02  9.8550E-02  4.5711E-02  4.4561E-02  8.0588E-02  9.2949E-02  5.9916E-02  4.3668E-02
 GRADIENT:   3.7462E+01  3.7058E+01 -8.8481E+02  1.2975E+03 -6.4449E+01 -8.7400E+01  9.9795E+01 -7.6349E+02 -2.1798E+03  9.8200E+02
             1.9301E+02  1.7138E+00  1.7137E+00  9.9462E+00  1.9165E+01 -7.0047E-02 -9.4686E+01  8.8927E+00  5.9373E+01

0ITERATION NO.:    7    OBJECTIVE VALUE:   1922.70695505842        NO. OF FUNC. EVALS.:  14
 CUMULATIVE NO. OF FUNC. EVALS.:      130
 NPARAMETR:  5.1666E-07  4.2094E-08 -4.2412E+00  2.3899E+00  1.8003E-01  1.3521E-01  4.3492E+00 -2.9216E-01 -3.4423E+00  4.6798E+00
             7.1739E+00  9.9486E-01  9.9486E-01  1.6820E+00  8.3349E-01  4.6823E-01  5.0615E-01  4.4364E-01  4.1000E-01
 PARAMETER:  5.1666E-02  4.2094E-03 -1.8419E-01  1.0379E-01  6.8798E-01  4.0167E-01  3.1373E-01 -4.2149E-02 -1.1491E-01  1.0162E-01
            -2.3213E-01  9.7425E-02  9.7425E-02  1.3427E-02  8.9348E-03  6.7175E-02  1.0611E-01  4.0207E-02  7.7273E-04
 GRADIENT:   5.0016E+01  2.4499E+01 -1.8181E+03  8.6044E+02  6.2527E+01 -5.3393E+01  1.0513E+02  1.3133E+01 -2.0259E+03  1.1267E+03
             1.9363E+02  1.9289E+00  1.9289E+00 -1.2903E+02  5.1552E+01  2.4730E-01  1.2510E+01  2.1089E+01  6.0246E+01

0ITERATION NO.:    8    OBJECTIVE VALUE:   1860.30747423371        NO. OF FUNC. EVALS.:  17
 CUMULATIVE NO. OF FUNC. EVALS.:      147
 NPARAMETR:  5.3279E-07 -4.6749E-07 -3.4152E+00  2.9772E+00  2.0698E-01  1.4738E-01  3.4755E+00 -1.0534E-01 -3.1222E+00  4.8966E+00
             6.3748E+00  9.9288E-01  9.9288E-01  1.6476E+00  7.7903E-01  4.5778E-01  5.0928E-01  4.3099E-01  3.8068E-01
 PARAMETER:  5.3279E-02 -4.6749E-02 -1.4832E-01  1.2930E-01  8.2744E-01  4.8785E-01  2.5070E-01 -1.5197E-02 -1.0422E-01  1.0633E-01
            -3.5023E-01  9.6426E-02  9.6425E-02  3.0945E-03 -2.4851E-02  5.5891E-02  1.0920E-01  2.5737E-02 -3.6318E-02
 GRADIENT:   4.9240E+01  4.3703E+01 -1.2041E+03  1.7265E+03  1.1848E+02 -3.7618E+01  3.3951E+01 -5.7663E+01 -9.9717E+02  2.6031E+03
             1.6722E+02  2.2055E+00  2.2050E+00 -1.7673E+01 -2.0147E+00  1.3895E+00  2.6219E+01  4.7586E+01  4.4116E+01

0ITERATION NO.:    9    OBJECTIVE VALUE:   1822.18982855457        NO. OF FUNC. EVALS.:  14
 CUMULATIVE NO. OF FUNC. EVALS.:      161
 NPARAMETR:  1.5266E-06 -7.4371E-07 -3.5329E+00  2.2393E+00  2.3277E-01  1.6293E-01  2.4237E+00 -4.4805E-01 -2.7043E+00  4.7593E+00
             5.4279E+00  9.8966E-01  9.8966E-01  1.5876E+00  7.1300E-01  4.4315E-01  4.8718E-01  4.1440E-01  3.4481E-01
 PARAMETER:  1.5266E-01 -7.4371E-02 -1.5343E-01  9.7249E-02  9.4486E-01  5.8816E-01  1.7483E-01 -6.4640E-02 -9.0273E-02  1.0335E-01
            -5.1103E-01  9.4805E-02  9.4804E-02 -1.5473E-02 -6.9135E-02  3.9654E-02  8.7009E-02  6.1074E-03 -8.5812E-02
 GRADIENT:  -3.8284E-01  5.9238E+01 -1.3603E+03  3.2401E+02  1.6668E+02 -2.7878E+01 -1.1355E+02 -1.3312E+02  6.3159E+02  1.6814E+03
             9.9056E+01  2.5363E+00  2.5365E+00 -3.5848E+01  5.5068E+01  8.4450E+00  1.1179E+01  5.3357E+01  5.5710E+01

0ITERATION NO.:   10    OBJECTIVE VALUE:   1763.47729837317        NO. OF FUNC. EVALS.:  14
 CUMULATIVE NO. OF FUNC. EVALS.:      175
 NPARAMETR:  2.1690E-06 -2.3676E-06 -3.3205E+00  2.0662E+00  2.1165E-01  1.8953E-01  2.9187E+00 -3.7652E-01 -2.7560E+00  4.9512E+00
             4.0271E+00  9.7913E-01  9.7913E-01  1.3185E+00  5.2702E-01  4.1241E-01  4.3167E-01  3.8647E-01  2.6783E-01
 PARAMETER:  2.1690E-01 -2.3676E-01 -1.4421E-01  8.9734E-02  8.4977E-01  7.3940E-01  2.1054E-01 -5.4320E-02 -9.1997E-02  1.0751E-01
            -8.0955E-01  8.9454E-02  8.9453E-02 -1.0831E-01 -2.2026E-01  3.7099E-03  2.6528E-02 -2.8783E-02 -2.1214E-01
 GRADIENT:   1.0126E+01  3.1833E+01 -1.3471E+03  2.0644E+02  1.4861E+02 -3.3960E+01 -4.7887E+00 -2.2476E+01  8.0514E+02  4.2887E+03
            -1.5177E+00  2.7465E+00  2.7462E+00 -2.5867E+01  5.4751E+01  3.5740E+00  6.5724E+00  5.5475E+01  2.7882E+01

0ITERATION NO.:   11    OBJECTIVE VALUE:   1676.73080217409        NO. OF FUNC. EVALS.:  16
 CUMULATIVE NO. OF FUNC. EVALS.:      191
 NPARAMETR:  1.7197E-06 -6.1772E-07 -2.5590E+00  1.8772E+00  1.6325E-01  4.0415E-01  1.5971E+00 -5.1254E-01 -2.7700E+00  4.8176E+00
             3.2966E+00  9.2774E-01  9.2775E-01  4.3078E-01  1.2279E-01  3.4514E-01  4.4343E-01  2.6391E-01  1.3448E-01
 PARAMETER:  1.7197E-01 -6.1772E-02 -1.1114E-01  8.1524E-02  5.9012E-01  1.4966E+00  1.1521E-01 -7.3944E-02 -9.2467E-02  1.0461E-01
            -1.0097E+00  6.2500E-02  6.2505E-02 -6.6765E-01 -9.4866E-01 -8.5327E-02  3.9963E-02 -2.1951E-01 -5.5659E-01
 GRADIENT:   2.7188E+02  5.1004E+02 -1.4433E+03 -1.1391E+03  1.1899E+02 -7.8145E+00 -1.1120E+03  4.9528E+02  6.7569E+02  6.0897E+03
            -1.9311E+02  3.7507E+00  3.7593E+00  4.2082E+00  2.3263E+01 -4.3105E+01  1.7283E-01  5.4003E+01  3.1304E+01

0ITERATION NO.:   12    OBJECTIVE VALUE:   1675.24272999242        NO. OF FUNC. EVALS.:  15
 CUMULATIVE NO. OF FUNC. EVALS.:      206
 NPARAMETR:  1.8763E-06 -8.2118E-07 -2.4487E+00  1.8269E+00  1.6034E-01  4.3483E-01  1.5264E+00 -5.5932E-01 -2.7399E+00  4.8360E+00
             3.3311E+00  9.2244E-01  9.2245E-01  3.8529E-01  1.1001E-01  3.4469E-01  4.6132E-01  2.5356E-01  1.2588E-01
 PARAMETER:  1.8763E-01 -8.2118E-02 -1.0634E-01  7.9339E-02  5.7214E-01  1.5698E+00  1.1010E-01 -8.0692E-02 -9.1460E-02  1.0501E-01
            -9.9928E-01  5.9633E-02  5.9637E-02 -7.2345E-01 -1.0036E+00 -8.5976E-02  5.9739E-02 -2.3949E-01 -5.8963E-01
 GRADIENT:   2.9805E+01  6.7869E+01 -1.5244E+03 -2.2398E+03  1.1483E+02 -6.4205E-01 -1.4717E+03  5.5666E+00  5.4814E+02  6.3405E+03
            -1.8819E+02  3.8590E+00  3.8678E+00  1.5619E+01  1.2350E+01 -4.7360E+01 -6.2322E-02  5.3097E+01  2.4242E+01

0ITERATION NO.:   13    OBJECTIVE VALUE:   1664.04639870452        NO. OF FUNC. EVALS.:  14
 CUMULATIVE NO. OF FUNC. EVALS.:      220
 NPARAMETR:  1.8727E-06 -7.2225E-07 -2.2491E+00  2.0221E+00  1.4788E-01  5.3373E-01  1.3391E+00 -6.9870E-01 -2.6299E+00  4.8329E+00
             3.2337E+00  9.0097E-01  9.0095E-01  2.8910E-01  1.2376E-01  3.9314E-01  5.5187E-01  2.0515E-01  9.6732E-02
 PARAMETER:  1.8727E-01 -7.2225E-02 -9.7676E-02  8.7818E-02  4.9122E-01  1.7747E+00  9.6592E-02 -1.0080E-01 -8.7790E-02  1.0494E-01
            -1.0289E+00  4.7856E-02  4.7848E-02 -8.6706E-01 -9.4469E-01 -2.0221E-02  1.4935E-01 -3.4544E-01 -7.2133E-01
 GRADIENT:   2.0628E+01  3.8401E+01 -1.1738E+03  1.0947E+01  1.0051E+02  2.5659E+01 -1.5974E+03 -7.2542E+01  1.3766E+03  8.1422E+03
            -2.2485E+02  4.0622E+00  4.0619E+00  2.8884E+01  3.3043E+01 -6.5481E+01  7.7679E-01  4.5541E+01  1.3841E+01

0ITERATION NO.:   14    OBJECTIVE VALUE:   1649.55097686091        NO. OF FUNC. EVALS.:  14
 CUMULATIVE NO. OF FUNC. EVALS.:      234
 NPARAMETR:  1.8567E-06 -4.9029E-07 -2.3975E+00  2.0076E+00  1.3746E-01  6.3876E-01  1.4091E+00 -8.1601E-01 -2.6349E+00  4.7587E+00
             3.1670E+00  8.7562E-01  8.7560E-01  2.9943E-01  1.2115E-01  5.0110E-01  7.1213E-01  1.8807E-01  6.7484E-02
 PARAMETER:  1.8567E-01 -4.9029E-02 -1.0412E-01  8.7189E-02  4.1819E-01  1.9544E+00  1.0164E-01 -1.1772E-01 -8.7957E-02  1.0333E-01
            -1.0498E+00  3.3589E-02  3.3575E-02 -8.4952E-01 -9.5538E-01  1.0110E-01  2.7682E-01 -3.8889E-01 -9.0136E-01
 GRADIENT:   3.4839E+01  8.1571E+01 -1.8563E+03 -1.0080E+02  8.6451E+01  5.2025E+01 -1.2846E+03 -2.1121E+01  1.8157E+03  8.4084E+03
            -2.0925E+02  4.1888E+00  4.1884E+00  7.5143E+00  3.2918E+01 -4.8508E+01  3.6925E+00  4.3079E+01  2.4471E+01

0ITERATION NO.:   15    OBJECTIVE VALUE:   1606.94232607364        NO. OF FUNC. EVALS.:  14
 CUMULATIVE NO. OF FUNC. EVALS.:      248
 NPARAMETR:  1.7831E-06  1.9689E-07 -2.2479E+00  1.9958E+00  1.2669E-01  7.5473E-01  1.3319E+00 -1.1652E+00 -2.7182E+00  4.6141E+00
             3.0320E+00  8.0400E-01  8.0396E-01  2.1308E-01  1.1296E-01  9.1914E-01  1.1813E+00  2.3082E-01  2.1540E-02
 PARAMETER:  1.7831E-01  1.9689E-02 -9.7626E-02  8.6676E-02  3.3655E-01  2.1212E+00  9.6077E-02 -1.6810E-01 -9.0735E-02  1.0019E-01
            -1.0934E+00 -9.0798E-03 -9.1053E-03 -1.0196E+00 -9.9038E-01  4.0441E-01  5.2990E-01 -2.8648E-01 -1.4723E+00
 GRADIENT:   3.5263E+01  6.1873E+01 -1.6714E+03 -8.8118E+01  7.0812E+01  7.5677E+01 -9.5000E+02 -2.0013E+02  1.0028E+03  6.3264E+03
            -1.9356E+02  3.9979E+00  3.9974E+00  1.3854E+01  3.1871E+01 -4.3949E+01 -1.0279E+00  5.0109E+01  4.2564E+01

0ITERATION NO.:   16    OBJECTIVE VALUE:   1590.77137389921        NO. OF FUNC. EVALS.:  14
 CUMULATIVE NO. OF FUNC. EVALS.:      262
 NPARAMETR:  1.7448E-06  5.5870E-07 -2.1974E+00  1.9929E+00  1.2216E-01  8.1271E-01  1.2345E+00 -1.3229E+00 -2.7235E+00  4.5314E+00
             3.0254E+00  7.6137E-01  7.6132E-01  1.7714E-01  1.0555E-01  1.3765E+00  1.4422E+00  2.2547E-01  9.8379E-03
 PARAMETER:  1.7448E-01  5.5870E-02 -9.5432E-02  8.6549E-02  3.0014E-01  2.1952E+00  8.9052E-02 -1.9085E-01 -9.0913E-02  9.8396E-02
            -1.0956E+00 -3.6319E-02 -3.6351E-02 -1.1120E+00 -1.0243E+00  6.0635E-01  6.2967E-01 -2.9821E-01 -1.8642E+00
 GRADIENT:   4.5735E+01  7.8051E+01 -1.8395E+03 -6.5217E+01  6.5546E+01  8.9243E+01 -7.0080E+02 -1.5831E+02  1.0840E+03 -9.5938E+03
            -1.7276E+02  3.7733E+00  3.7727E+00  1.2580E+01  3.0274E+01 -3.9390E+01 -5.9725E+00  4.8686E+01  2.7006E+01

0ITERATION NO.:   17    OBJECTIVE VALUE:   1580.88711846643        NO. OF FUNC. EVALS.:  14
 CUMULATIVE NO. OF FUNC. EVALS.:      276
 NPARAMETR:  1.7138E-06  6.5026E-07 -1.8894E+00  2.0003E+00  1.1693E-01  1.0005E+00  9.7521E-01 -1.2875E+00 -2.7984E+00  4.5452E+00
             3.1114E+00  6.8277E-01  6.8273E-01  1.2986E-01  9.6499E-02  4.1102E+00  1.1008E+00  2.7847E-01  5.5254E-03
 PARAMETER:  1.7138E-01  6.5026E-02 -8.2053E-02  8.6871E-02  2.5641E-01  2.4031E+00  7.0346E-02 -1.8575E-01 -9.3414E-02  9.8696E-02
            -1.0675E+00 -9.0798E-02 -9.0829E-02 -1.2672E+00 -1.0691E+00  1.1533E+00  4.9460E-01 -1.9265E-01 -2.1526E+00
 GRADIENT:   2.5163E+00  3.8637E+00  5.9372E+02 -1.0549E+02  5.7887E+01  1.2365E+02 -3.9575E+02 -3.8167E+02  6.5196E+02 -1.0044E+04
            -9.4973E+01  3.3368E+00  3.3372E+00  2.0928E+01  2.8039E+01 -1.6480E+01 -3.0843E+01  5.1940E+01  1.3925E+01

0ITERATION NO.:   18    OBJECTIVE VALUE:   1573.85340217611        NO. OF FUNC. EVALS.:  15
 CUMULATIVE NO. OF FUNC. EVALS.:      291
 NPARAMETR:  1.7347E-06  7.4935E-07 -1.8322E+00  2.0469E+00  1.1677E-01  9.0512E-01  9.4963E-01 -1.4105E+00 -2.7918E+00  4.5336E+00
             2.8908E+00  5.9705E-01  5.9698E-01  1.0876E-01  7.5602E-02  6.1924E+00  1.3978E+00  2.1467E-01  6.2516E-03
 PARAMETER:  1.7347E-01  7.4935E-02 -7.9569E-02  8.8895E-02  2.5504E-01  2.3029E+00  6.8501E-02 -2.0349E-01 -9.3192E-02  9.8444E-02
            -1.1410E+00 -1.5788E-01 -1.5793E-01 -1.3559E+00 -1.1911E+00  1.3582E+00  6.1403E-01 -3.2276E-01 -2.0909E+00
 GRADIENT:   7.3667E+01  7.3688E+01  1.5319E+03  5.9580E+02  5.6959E+01  1.0175E+02 -1.8083E+02 -3.5146E+02  1.1515E+03 -1.3828E+04
            -1.3627E+02  2.2042E+00  2.2028E+00  8.0447E+00  2.0477E+01 -1.4476E+01 -3.2529E+01  4.7745E+01  1.2077E+01

0ITERATION NO.:   19    OBJECTIVE VALUE:   1500.22880261758        NO. OF FUNC. EVALS.:  15
 CUMULATIVE NO. OF FUNC. EVALS.:      306
 NPARAMETR:  1.5481E-06  3.6065E-07 -1.9268E+00  1.9855E+00  1.1133E-01  7.1005E-01  1.5705E+00 -1.1805E+00 -2.7286E+00  4.5913E+00
             3.4103E+00  9.2084E-02  9.1987E-02  1.2628E-01  4.4924E-02  1.5593E+00  1.1924E+00  7.3470E-02  5.4990E-03
 PARAMETER:  1.5481E-01  3.6065E-02 -8.3679E-02  8.6229E-02  2.0729E-01  2.0602E+00  1.1329E-01 -1.7031E-01 -9.1085E-02  9.9698E-02
            -9.7578E-01 -1.0925E+00 -1.0931E+00 -1.2812E+00 -1.4514E+00  6.6869E-01  5.3456E-01 -8.5887E-01 -2.1550E+00
 GRADIENT:   2.5187E+01  3.8414E+01  6.3561E+02 -9.9026E+02  3.9047E+01  5.3969E+01 -4.8363E+02 -2.3252E+02  2.6427E+03  9.1727E+03
            -8.7058E+01 -2.0980E+01 -2.0965E+01  2.0889E+01  3.0937E-01 -2.0088E+00 -7.7281E+00  2.6314E+01  1.7541E+01

0ITERATION NO.:   20    OBJECTIVE VALUE:   1451.08430919199        NO. OF FUNC. EVALS.:  14
 CUMULATIVE NO. OF FUNC. EVALS.:      320
 NPARAMETR:  1.4246E-06  8.2738E-08 -1.9824E+00  1.9603E+00  1.0785E-01  5.7709E-01  2.0258E+00 -1.0346E+00 -2.7105E+00  4.6246E+00
             3.7911E+00  3.6255E-01  3.6134E-01  1.3531E-01  3.0812E-02  6.3235E-01  1.0904E+00  3.4723E-02  4.9363E-03
 PARAMETER:  1.4246E-01  8.2738E-03 -8.6094E-02  8.5134E-02  1.7562E-01  1.8528E+00  1.4613E-01 -1.4926E-01 -9.0478E-02  1.0042E-01
            -8.6993E-01 -4.0730E-01 -4.0897E-01 -1.2467E+00 -1.6399E+00  2.1742E-01  4.8984E-01 -1.2336E+00 -2.2090E+00
 GRADIENT:   1.9433E+01  3.7839E+00  1.2278E+02 -2.5567E+03  2.9255E+01  2.6349E+01 -4.0278E+02 -1.7400E+02  4.0955E+03  2.3890E+04
            -5.7389E+01 -3.6556E+00 -3.6856E+00  2.4849E+01 -2.2024E+01  1.5194E+01  4.6489E+00  1.0407E+01 -1.7158E+00

0ITERATION NO.:   21    OBJECTIVE VALUE:   1402.75354575917        NO. OF FUNC. EVALS.:  15
 CUMULATIVE NO. OF FUNC. EVALS.:      335
 NPARAMETR:  1.4427E-06 -9.1012E-07 -2.0899E+00  2.0526E+00  1.0805E-01  4.2889E-01  2.5676E+00 -5.4666E-01 -2.8515E+00  4.6272E+00
             4.2793E+00  4.7535E-01  4.8633E-01  1.7664E-01  2.4863E-02  2.3633E-01  5.9316E-01  1.7687E-02  6.6131E-03
 PARAMETER:  1.4427E-01 -9.1012E-02 -9.0762E-02  8.9141E-02  1.7745E-01  1.5560E+00  1.8521E-01 -7.8866E-02 -9.5186E-02  1.0048E-01
            -7.4878E-01 -2.7185E-01 -2.6044E-01 -1.1134E+00 -1.7472E+00 -2.7469E-01  1.8543E-01 -1.5709E+00 -2.0628E+00
 GRADIENT:   3.1294E+01  5.5511E+01 -6.2590E+02  5.6409E+02  4.1190E+00 -2.1957E+01 -2.2091E+02 -1.6455E+02 -3.4020E+02  1.9489E+04
             2.9636E+01 -1.8141E+00 -1.5810E+00  3.0884E+01 -3.6475E+01  5.3085E+00  1.1825E+01  1.1825E+01  7.2699E+00

0ITERATION NO.:   22    OBJECTIVE VALUE:   1393.55975748907        NO. OF FUNC. EVALS.:  14
 CUMULATIVE NO. OF FUNC. EVALS.:      349
 NPARAMETR:  1.4335E-06 -1.5317E-06 -2.0796E+00  2.0292E+00  1.0763E-01  4.1558E-01  2.8246E+00 -1.9969E-01 -2.8150E+00  4.6194E+00
             4.5085E+00  5.5303E-01  5.1759E-01  2.0428E-01  2.3857E-02  1.0366E-01  3.5196E-01  1.2616E-02  9.2990E-03
 PARAMETER:  1.4335E-01 -1.5317E-01 -9.0315E-02  8.8128E-02  1.7356E-01  1.5245E+00  2.0375E-01 -2.8808E-02 -9.3969E-02  1.0031E-01
            -6.9663E-01 -1.9617E-01 -2.2928E-01 -1.0407E+00 -1.7678E+00 -6.8673E-01 -7.5546E-02 -1.7398E+00 -1.8924E+00
 GRADIENT:   1.5304E+01  9.9357E+00 -4.0404E+02 -9.2778E+02 -6.1117E-01 -2.6029E+01 -3.8782E+01 -8.0047E+01  3.4568E+03  1.2185E+04
             6.0725E+01 -3.6974E-01 -1.0912E+00  3.6332E+01 -4.0240E+01  2.5065E+00  1.0159E+01  3.7676E+00  2.2604E+01

0ITERATION NO.:   23    OBJECTIVE VALUE:   1383.40601840877        NO. OF FUNC. EVALS.:  14
 CUMULATIVE NO. OF FUNC. EVALS.:      363
 NPARAMETR:  1.4731E-06 -1.9352E-06 -2.0801E+00  2.0187E+00  1.0671E-01  4.2323E-01  2.9337E+00  2.4540E-02 -2.8809E+00  4.6144E+00
             4.3970E+00  5.0490E-01  5.4918E-01  2.1208E-01  2.6204E-02  1.0011E-01  2.3772E-01  1.1989E-02  8.2806E-03
 PARAMETER:  1.4731E-01 -1.9352E-01 -9.0338E-02  8.7672E-02  1.6494E-01  1.5428E+00  2.1162E-01  3.5403E-03 -9.6168E-02  1.0020E-01
            -7.2165E-01 -2.4170E-01 -1.9967E-01 -1.0220E+00 -1.7209E+00 -7.0418E-01 -2.7176E-01 -1.7653E+00 -1.9503E+00
 GRADIENT:   6.4707E+01  5.2879E+01 -3.3921E+02 -1.1297E+03 -2.4747E-01 -2.4285E+01 -2.8266E+02  2.7728E+02 -4.3450E+02  1.3601E+04
             5.6454E+01 -1.4072E+00 -5.2584E-01  3.7408E+01 -3.5311E+01  1.0014E+00 -3.2001E+00  6.5345E+00  1.9099E+01

0ITERATION NO.:   24    OBJECTIVE VALUE:   1362.27337870620        NO. OF FUNC. EVALS.:  15
 CUMULATIVE NO. OF FUNC. EVALS.:      378
 NPARAMETR:  1.4346E-06 -1.7236E-06 -2.1253E+00  1.9643E+00  1.0041E-01  4.3892E-01  3.1283E+00 -1.2613E-01 -2.9340E+00  4.5819E+00
             4.1911E+00  5.5386E-01  3.2925E-01  1.7112E-01  4.0800E-02  7.4827E-02  2.8303E-01  1.2660E-02  2.7851E-03
 PARAMETER:  1.4346E-01 -1.7236E-01 -9.2300E-02  8.5307E-02  1.0409E-01  1.5791E+00  2.2566E-01 -1.8196E-02 -9.7942E-02  9.9494E-02
            -7.6963E-01 -1.9542E-01 -4.5546E-01 -1.1293E+00 -1.4995E+00 -8.4972E-01 -1.8452E-01 -1.7381E+00 -2.4952E+00
 GRADIENT:   2.0675E+01  1.4440E+02 -7.1797E+02 -2.1160E+03 -1.2295E+01 -2.7609E+01 -2.0758E+02  1.4184E+02 -2.9422E+03  8.0474E+03
             3.9884E+01 -3.3944E-01 -5.2577E+00  2.7295E+01 -1.6044E+01  6.9710E-01  4.8894E+00  5.7453E+00  2.4223E+00

0ITERATION NO.:   25    OBJECTIVE VALUE:   1356.67474511398        NO. OF FUNC. EVALS.:  14
 CUMULATIVE NO. OF FUNC. EVALS.:      392
 NPARAMETR:  1.5162E-06 -1.8717E-06 -2.1407E+00  2.0167E+00  9.8708E-02  4.5764E-01  3.1316E+00 -1.3669E-01 -2.9224E+00  4.5609E+00
             3.9908E+00  1.9757E-01  1.0284E+00  1.5394E-01  5.2316E-02  9.7389E-02  2.7224E-01  1.1770E-02  2.0415E-03
 PARAMETER:  1.5162E-01 -1.8717E-01 -9.2969E-02  8.7584E-02  8.6996E-02  1.6209E+00  2.2590E-01 -1.9720E-02 -9.7552E-02  9.9037E-02
            -8.1860E-01 -7.1083E-01  1.1400E-01 -1.1822E+00 -1.3752E+00 -7.1795E-01 -2.0396E-01 -1.7745E+00 -2.6505E+00
 GRADIENT:   4.1559E+01  4.6410E+01 -1.2390E+03 -6.6449E+02 -1.1685E+01 -2.1306E+01 -1.6269E+02 -7.2295E+01 -1.8562E+03 -7.5467E+03
             8.8317E+00 -7.8779E+00  5.4633E+00  2.1384E+01  1.2322E+00  9.1607E-01  2.4443E+00  4.5873E+00 -5.9831E+00

0ITERATION NO.:   26    OBJECTIVE VALUE:   1350.45906167381        NO. OF FUNC. EVALS.:  14
 CUMULATIVE NO. OF FUNC. EVALS.:      406
 NPARAMETR:  1.5576E-06 -2.0264E-06 -2.1247E+00  2.0581E+00  9.8023E-02  4.7585E-01  3.1371E+00 -1.0030E-01 -2.9110E+00  4.5577E+00
             3.8968E+00  5.3302E-01  4.3051E-01  1.4353E-01  5.6573E-02  1.0675E-01  2.5318E-01  1.1061E-02  1.9267E-03
 PARAMETER:  1.5576E-01 -2.0264E-01 -9.2273E-02  8.9384E-02  8.0028E-02  1.6599E+00  2.2629E-01 -1.4470E-02 -9.7174E-02  9.8969E-02
            -8.4242E-01 -2.1460E-01 -3.2140E-01 -1.2172E+00 -1.3361E+00 -6.7205E-01 -2.4026E-01 -1.8056E+00 -2.6794E+00
 GRADIENT:   8.8143E+01  4.6403E+01 -1.1138E+03  3.5807E+02 -7.0936E+00 -1.3056E+01 -1.7181E+02  4.7478E+00 -9.5665E+02 -1.0918E+04
            -6.7011E+00 -3.6113E-01 -2.5001E+00  2.0033E+01  5.0113E+00  9.6902E-01  8.6196E-01  3.6991E+00 -8.8800E+00

0ITERATION NO.:   27    OBJECTIVE VALUE:   1341.52066837399        NO. OF FUNC. EVALS.:  14
 CUMULATIVE NO. OF FUNC. EVALS.:      420
 NPARAMETR:  1.5088E-06 -2.1274E-06 -2.0541E+00  2.0666E+00  9.5979E-02  5.0740E-01  3.2711E+00 -6.0969E-02 -2.9017E+00  4.5738E+00
             3.8915E+00  5.0631E-01  4.9806E-01  1.2168E-01  5.6163E-02  6.4766E-02  2.4409E-01  1.0400E-02  1.7595E-03
 PARAMETER:  1.5088E-01 -2.1274E-01 -8.9208E-02  8.9750E-02  5.8957E-02  1.7241E+00  2.3596E-01 -8.7959E-03 -9.6863E-02  9.9319E-02
            -8.4378E-01 -2.4031E-01 -2.4852E-01 -1.2997E+00 -1.3397E+00 -9.2191E-01 -2.5854E-01 -1.8364E+00 -2.7248E+00
 GRADIENT:   5.7565E+01  4.5973E+01 -5.9099E+02  4.5437E+02 -5.0784E+00 -2.5261E+00 -1.1111E+02  1.0490E+01 -9.1466E+01  2.0163E+03
            -3.6805E+00 -7.8660E-01 -9.5205E-01  1.9144E+01  4.5268E+00  5.7286E-01  2.1398E+00  3.1410E+00 -8.0774E+00

0ITERATION NO.:   28    OBJECTIVE VALUE:   1337.59214617820        NO. OF FUNC. EVALS.:  14
 CUMULATIVE NO. OF FUNC. EVALS.:      434
 NPARAMETR:  1.4762E-06 -2.2851E-06 -1.9461E+00  2.0546E+00  9.3262E-02  5.3765E-01  3.4260E+00 -3.0327E-03 -2.9118E+00  4.5746E+00
             3.8453E+00  5.7412E-01  5.7462E-01  8.9882E-02  4.7435E-02  3.4589E-02  2.3688E-01  8.1208E-03  1.7471E-03
 PARAMETER:  1.4762E-01 -2.2851E-01 -8.4519E-02  8.9231E-02  3.0243E-02  1.7820E+00  2.4713E-01 -4.3753E-04 -9.7198E-02  9.9335E-02
            -8.5574E-01 -1.7746E-01 -1.7702E-01 -1.4512E+00 -1.4242E+00 -1.2355E+00 -2.7353E-01 -1.9601E+00 -2.7283E+00
 GRADIENT:   5.2274E+01 -4.6043E+00  8.2093E+02  3.1469E+02 -6.5259E+00  3.2780E+00 -1.0712E+02  1.0796E+02 -4.0760E+01  2.9734E+03
            -6.3233E+00  4.5641E-01  4.6551E-01  4.8213E+00 -3.1212E+00  2.3159E-01  3.1635E+00 -7.6185E-02 -8.9420E+00

0ITERATION NO.:   29    OBJECTIVE VALUE:   1335.58408352311        NO. OF FUNC. EVALS.:  14
 CUMULATIVE NO. OF FUNC. EVALS.:      448
 NPARAMETR:  1.4648E-06 -2.2839E-06 -1.9880E+00  2.0407E+00  9.5033E-02  5.1515E-01  3.5042E+00 -1.2131E-02 -2.9132E+00  4.5753E+00
             3.8542E+00  5.9505E-01  5.3176E-01  9.2586E-02  4.8833E-02  2.9297E-02  2.2274E-01  7.9838E-03  1.8708E-03
 PARAMETER:  1.4648E-01 -2.2839E-01 -8.6338E-02  8.8626E-02  4.9058E-02  1.7393E+00  2.5277E-01 -1.7501E-03 -9.7247E-02  9.9350E-02
            -8.5342E-01 -1.5956E-01 -2.1578E-01 -1.4364E+00 -1.4097E+00 -1.3186E+00 -3.0431E-01 -1.9686E+00 -2.6941E+00
 GRADIENT:   2.9806E+01  1.3192E+01  3.8875E+02  5.9916E+00 -7.2204E+00 -2.8077E+00 -9.9162E+01  1.4271E+02  2.4137E+02  3.2050E+03
            -3.5086E+00  7.7357E-01 -3.8295E-01  8.2206E+00 -1.6631E+00  1.8607E-01  6.0227E-01 -1.9543E-01 -7.6282E+00

0ITERATION NO.:   30    OBJECTIVE VALUE:   1335.31819371883        NO. OF FUNC. EVALS.:  14
 CUMULATIVE NO. OF FUNC. EVALS.:      462
 NPARAMETR:  1.4634E-06 -2.2487E-06 -2.0075E+00  2.0329E+00  9.6571E-02  5.0535E-01  3.5449E+00 -4.8524E-02 -2.9174E+00  4.5749E+00
             3.8395E+00  6.1464E-01  5.2690E-01  9.0182E-02  4.8537E-02  2.6019E-02  2.2435E-01  7.7846E-03  2.0487E-03
 PARAMETER:  1.4634E-01 -2.2487E-01 -8.7185E-02  8.8288E-02  6.5109E-02  1.7201E+00  2.5571E-01 -7.0005E-03 -9.7386E-02  9.9342E-02
            -8.5725E-01 -1.4336E-01 -2.2037E-01 -1.4495E+00 -1.4127E+00 -1.3779E+00 -3.0070E-01 -1.9812E+00 -2.6487E+00
 GRADIENT:   3.2572E+02  1.6505E+02  3.6965E+02 -2.5835E+02 -5.8707E+00 -5.1295E+00  8.4326E+01  4.3939E+00  3.8251E+02  2.6706E+03
            -3.1979E+00  1.0685E+00 -5.1172E-01  6.9487E+00 -1.9251E+00  1.6251E-01 -1.3497E-01 -4.2114E-01 -5.9212E+00

0ITERATION NO.:   31    OBJECTIVE VALUE:   1334.33044271426        NO. OF FUNC. EVALS.:  16
 CUMULATIVE NO. OF FUNC. EVALS.:      478
 NPARAMETR:  1.4507E-06 -2.3422E-06 -2.0385E+00  2.0318E+00  9.8535E-02  4.9660E-01  3.6925E+00 -2.5529E-02 -2.9267E+00  4.5748E+00
             3.8147E+00  5.7560E-01  5.4828E-01  8.7034E-02  4.8490E-02  1.8674E-02  2.1201E-01  7.1050E-03  2.2623E-03
 PARAMETER:  1.4507E-01 -2.3422E-01 -8.8532E-02  8.8238E-02  8.5247E-02  1.7026E+00  2.6636E-01 -3.6830E-03 -9.7698E-02  9.9341E-02
            -8.6372E-01 -1.7617E-01 -2.0048E-01 -1.4673E+00 -1.4132E+00 -1.5437E+00 -3.2898E-01 -2.0269E+00 -2.5991E+00
 GRADIENT:   3.2787E+01  1.5309E+01 -4.9413E+02 -3.8318E+02 -3.2047E+00 -6.3349E+00 -6.7377E+01 -7.7539E+00 -4.5193E+02  2.6338E+03
            -4.1686E+00  3.4929E-01 -1.4791E-01  4.2857E+00 -2.0489E+00  8.8084E-02 -1.5604E+00 -1.3145E+00 -4.0655E+00

0ITERATION NO.:   32    OBJECTIVE VALUE:   1331.95239295366        NO. OF FUNC. EVALS.:  15
 CUMULATIVE NO. OF FUNC. EVALS.:      493
 NPARAMETR:  1.3791E-06 -2.4962E-06 -2.0174E+00  2.0368E+00  1.0266E-01  4.9431E-01  3.9972E+00  1.8658E-02 -2.9225E+00  4.5704E+00
             3.8442E+00  5.4190E-01  6.1815E-01  7.4404E-02  5.3318E-02  7.5896E-03  2.0203E-01  6.6369E-03  2.9697E-03
 PARAMETER:  1.3791E-01 -2.4962E-01 -8.7613E-02  8.8454E-02  1.2628E-01  1.6980E+00  2.8833E-01  2.6917E-03 -9.7556E-02  9.9245E-02
            -8.5601E-01 -2.0634E-01 -1.4051E-01 -1.5457E+00 -1.3657E+00 -1.9939E+00 -3.5309E-01 -2.0610E+00 -2.4631E+00
 GRADIENT:   1.3142E+01  3.4362E+00 -1.3375E+02 -2.7270E+02  6.5964E+00 -1.6456E+00 -3.0588E+01 -1.7889E+01  1.1484E+03 -8.7964E+02
             6.9471E+00 -3.5936E-01  9.6459E-01 -3.5548E+00  2.3973E+00  2.2832E-02 -9.2300E-01 -1.8437E+00  2.7935E+00

0ITERATION NO.:   33    OBJECTIVE VALUE:   1330.88942477607        NO. OF FUNC. EVALS.:  14
 CUMULATIVE NO. OF FUNC. EVALS.:      507
 NPARAMETR:  1.3478E-06 -2.5983E-06 -2.0032E+00  2.0371E+00  1.0215E-01  4.9715E-01  4.1821E+00  4.2632E-02 -2.9419E+00  4.5710E+00
             3.7832E+00  5.7521E-01  5.4663E-01  7.0783E-02  5.5081E-02  5.1427E-03  2.0630E-01  6.4592E-03  2.8332E-03
 PARAMETER:  1.3478E-01 -2.5983E-01 -8.6999E-02  8.8468E-02  1.2130E-01  1.7037E+00  3.0167E-01  6.1505E-03 -9.8205E-02  9.9258E-02
            -8.7201E-01 -1.7651E-01 -2.0199E-01 -1.5706E+00 -1.3495E+00 -2.1885E+00 -3.4263E-01 -2.0745E+00 -2.4866E+00
 GRADIENT:   6.6783E+01  6.5642E+00  1.2514E+02 -6.3282E+01  5.2440E+00 -2.5514E+00 -1.0062E+01  1.1930E+02 -4.1886E+02  2.1771E+02
             1.5207E-01  3.1323E-01 -1.9393E-01 -6.5660E+00  4.1094E+00  9.7406E-03  1.1153E+00 -2.0847E+00  1.1957E+00

0ITERATION NO.:   34    OBJECTIVE VALUE:   1330.86050429771        NO. OF FUNC. EVALS.:  14
 CUMULATIVE NO. OF FUNC. EVALS.:      521
 NPARAMETR:  1.3423E-06 -2.5631E-06 -2.0057E+00  2.0380E+00  1.0144E-01  5.0144E-01  4.1587E+00  3.5445E-02 -2.9406E+00  4.5710E+00
             3.7856E+00  5.6368E-01  5.4311E-01  7.1930E-02  5.3896E-02  5.4405E-03  2.0932E-01  6.5070E-03  2.7231E-03
 PARAMETER:  1.3423E-01 -2.5631E-01 -8.7108E-02  8.8510E-02  1.1427E-01  1.7123E+00  2.9999E-01  5.1137E-03 -9.8161E-02  9.9258E-02
            -8.7137E-01 -1.8663E-01 -2.0522E-01 -1.5626E+00 -1.3603E+00 -2.1604E+00 -3.3538E-01 -2.0709E+00 -2.5064E+00
 GRADIENT:   8.4721E+00  6.9094E+00 -1.8423E+01 -1.9334E+02  4.4469E+00 -1.5836E+00 -4.2018E+01 -8.1746E+01 -4.5018E+02  8.2248E+01
             1.2678E-01  1.4469E-01 -2.2766E-01 -5.6088E+00  3.1229E+00  1.0870E-02  1.5259E+00 -2.0405E+00  2.0255E-01

0ITERATION NO.:   35    OBJECTIVE VALUE:   1330.44792042317        NO. OF FUNC. EVALS.:  17
 CUMULATIVE NO. OF FUNC. EVALS.:      538
 NPARAMETR:  1.3100E-06 -2.5558E-06 -2.0092E+00  2.0411E+00  9.9982E-02  5.1175E-01  4.2142E+00  4.2555E-02 -2.9365E+00  4.5708E+00
             3.7836E+00  5.2289E-01  5.3685E-01  7.3626E-02  5.2049E-02  4.7623E-03  2.1181E-01  6.5633E-03  2.5323E-03
 PARAMETER:  1.3100E-01 -2.5558E-01 -8.7259E-02  8.8643E-02  9.9823E-02  1.7327E+00  3.0399E-01  6.1393E-03 -9.8025E-02  9.9253E-02
            -8.7191E-01 -2.2419E-01 -2.1102E-01 -1.5510E+00 -1.3778E+00 -2.2269E+00 -3.2945E-01 -2.0666E+00 -2.5427E+00
 GRADIENT:   9.4388E+00  2.3755E+01 -4.3939E+01 -1.6469E+02  3.1634E+00  1.1123E+00 -3.2176E+01  2.8153E-01  1.3128E+02 -3.2211E+02
            -2.6948E-01 -5.3666E-01 -2.7389E-01 -4.2012E+00  1.4229E+00  8.7282E-03  2.4857E+00 -2.1169E+00 -1.6254E+00

0ITERATION NO.:   36    OBJECTIVE VALUE:   1329.87794596767        NO. OF FUNC. EVALS.:  14
 CUMULATIVE NO. OF FUNC. EVALS.:      552
 NPARAMETR:  1.2627E-06 -2.5951E-06 -2.0181E+00  2.0523E+00  9.8841E-02  5.1236E-01  4.3752E+00  4.8755E-02 -2.9368E+00  4.5722E+00
             3.7495E+00  5.2819E-01  5.4175E-01  7.7987E-02  5.1309E-02  3.4643E-03  2.1100E-01  6.8989E-03  2.5729E-03
 PARAMETER:  1.2627E-01 -2.5951E-01 -8.7644E-02  8.9130E-02  8.8343E-02  1.7339E+00  3.1560E-01  7.0339E-03 -9.8033E-02  9.9284E-02
            -8.8097E-01 -2.1915E-01 -2.0648E-01 -1.5222E+00 -1.3849E+00 -2.3861E+00 -3.3137E-01 -2.0416E+00 -2.5348E+00
 GRADIENT:   2.5585E+01  2.4591E+01 -8.1587E+01  2.1353E+02  7.4309E-01  4.3731E-01 -6.1540E+00  4.8084E+01  4.6532E+02  7.5499E+02
            -3.9141E+00 -4.6129E-01 -2.1090E-01 -9.5246E-01  5.4904E-01  4.8231E-03  2.7146E+00 -1.9732E+00 -1.3747E+00

0ITERATION NO.:   37    OBJECTIVE VALUE:   1329.07663809730        NO. OF FUNC. EVALS.:  14
 CUMULATIVE NO. OF FUNC. EVALS.:      566
 NPARAMETR:  1.1573E-06 -2.6585E-06 -2.0203E+00  2.0400E+00  9.8201E-02  5.1181E-01  4.7266E+00  6.3034E-02 -2.9515E+00  4.5715E+00
             3.7391E+00  5.6114E-01  5.7254E-01  8.2283E-02  5.1817E-02  1.4832E-03  1.9983E-01  8.0206E-03  2.7006E-03
 PARAMETER:  1.1573E-01 -2.6585E-01 -8.7739E-02  8.8595E-02  8.1846E-02  1.7328E+00  3.4095E-01  9.0939E-03 -9.8525E-02  9.9269E-02
            -8.8375E-01 -1.8889E-01 -1.7883E-01 -1.4954E+00 -1.3800E+00 -2.8102E+00 -3.5857E-01 -1.9663E+00 -2.5106E+00
 GRADIENT:   1.8200E+01  2.1685E+01 -2.2967E+02 -6.8854E+01 -6.7856E-01 -7.1366E-01 -1.8249E+01 -1.3282E+01 -6.0278E+02  6.1719E+02
            -4.3226E-01  8.5101E-02  2.8804E-01  2.0716E+00  1.2658E+00  1.0490E-03  7.5140E-01 -2.1537E-01 -1.8591E-01

0ITERATION NO.:   38    OBJECTIVE VALUE:   1328.69864574972        NO. OF FUNC. EVALS.:  14
 CUMULATIVE NO. OF FUNC. EVALS.:      580
 NPARAMETR:  1.0308E-06 -2.7321E-06 -2.0180E+00  2.0325E+00  9.7301E-02  5.1459E-01  5.1331E+00  7.9401E-02 -2.9610E+00  4.5709E+00
             3.7266E+00  5.8161E-01  5.7678E-01  8.3298E-02  5.1288E-02  5.4165E-04  1.8708E-01  9.0011E-03  2.7799E-03
 PARAMETER:  1.0308E-01 -2.7321E-01 -8.7640E-02  8.8270E-02  7.2643E-02  1.7382E+00  3.7027E-01  1.1455E-02 -9.8842E-02  9.9256E-02
            -8.8710E-01 -1.7098E-01 -1.7514E-01 -1.4892E+00 -1.3851E+00 -3.3139E+00 -3.9154E-01 -1.9086E+00 -2.4961E+00
 GRADIENT:   2.9912E+01  6.1441E+00 -2.6565E+02 -3.5345E+02 -2.2824E+00 -1.0074E+00 -1.4816E+01 -6.1291E+01 -1.1666E+03  5.0814E+02
             1.1543E+00  4.1891E-01  3.3269E-01  2.8764E+00  7.8261E-01  1.7148E-04 -1.7013E+00  1.1945E+00  5.0159E-01

0ITERATION NO.:   39    OBJECTIVE VALUE:   1328.44582302583        NO. OF FUNC. EVALS.:  14
 CUMULATIVE NO. OF FUNC. EVALS.:      594
 NPARAMETR:  8.9384E-07 -2.7880E-06 -2.0121E+00  2.0319E+00  9.6492E-02  5.1878E-01  5.5312E+00  9.5895E-02 -2.9667E+00  4.5700E+00
             3.7232E+00  5.9315E-01  5.8227E-01  8.3128E-02  5.0288E-02  1.9909E-04  1.7771E-01  9.8198E-03  2.8572E-03
 PARAMETER:  8.9384E-02 -2.7880E-01 -8.7385E-02  8.8245E-02  6.4286E-02  1.7463E+00  3.9899E-01  1.3835E-02 -9.9032E-02  9.9236E-02
            -8.8801E-01 -1.6116E-01 -1.7041E-01 -1.4903E+00 -1.3950E+00 -3.8143E+00 -4.1721E-01 -1.8651E+00 -2.4824E+00
 GRADIENT:   4.3800E+01  6.3910E+00 -1.3326E+02 -3.0029E+02 -3.3516E+00 -4.7921E-01 -8.2535E+00 -4.8188E+01 -1.4204E+03  9.8573E+01
             2.9353E+00  5.9441E-01  4.0475E-01  2.9344E+00 -1.3412E-01  5.9564E-06 -3.5379E+00  2.3731E+00  1.1979E+00

0ITERATION NO.:   40    OBJECTIVE VALUE:   1328.29923880553        NO. OF FUNC. EVALS.:  14
 CUMULATIVE NO. OF FUNC. EVALS.:      608
 NPARAMETR:  8.0087E-07 -2.8254E-06 -2.0105E+00  2.0318E+00  9.6116E-02  5.2104E-01  5.8019E+00  1.0621E-01 -2.9682E+00  4.5696E+00
             3.7203E+00  5.9328E-01  5.7786E-01  8.2368E-02  4.9862E-02  1.0076E-04  1.7303E-01  1.0228E-02  2.8745E-03
 PARAMETER:  8.0087E-02 -2.8254E-01 -8.7313E-02  8.8239E-02  6.0383E-02  1.7507E+00  4.1851E-01  1.5323E-02 -9.9084E-02  9.9227E-02
            -8.8877E-01 -1.6105E-01 -1.7422E-01 -1.4949E+00 -1.3992E+00 -4.1548E+00 -4.3058E-01 -1.8447E+00 -2.4794E+00
 GRADIENT:   2.5887E+01  9.2219E+00  4.2576E+01 -4.1895E+02 -3.7829E+00 -7.8980E-02  1.3605E-01  5.0302E+01 -1.3579E+03 -1.4821E+02
             3.4648E+00  5.9743E-01  3.2814E-01  2.4949E+00 -5.5528E-01  1.2516E-05 -4.4487E+00  2.9698E+00  1.3361E+00

0ITERATION NO.:   41    OBJECTIVE VALUE:   1327.60669721688        NO. OF FUNC. EVALS.:  16
 CUMULATIVE NO. OF FUNC. EVALS.:      624
 NPARAMETR:  7.6378E-07 -2.8528E-06 -2.0130E+00  2.0474E+00  9.6798E-02  5.1934E-01  5.9265E+00  1.0213E-01 -2.9571E+00  4.5695E+00
             3.7279E+00  5.7334E-01  5.4342E-01  7.7467E-02  4.9561E-02  7.3069E-05  1.7402E-01  9.5667E-03  2.8662E-03
 PARAMETER:  7.6378E-02 -2.8528E-01 -8.7424E-02  8.8915E-02  6.7459E-02  1.7474E+00  4.2751E-01  1.4734E-02 -9.8710E-02  9.9225E-02
            -8.8675E-01 -1.7814E-01 -2.0494E-01 -1.5255E+00 -1.4023E+00 -4.3155E+00 -4.2772E-01 -1.8782E+00 -2.4808E+00
 GRADIENT:   3.5951E+01  1.7868E+01 -1.3004E+02  1.2186E+02 -2.6678E+00  5.7665E-01  5.9808E+00  4.4003E+01 -2.4016E+02 -6.3072E+02
             3.6897E+00  2.8902E-01 -2.4936E-01 -9.9559E-01 -9.9441E-01 -1.2892E-06 -3.9107E+00  2.0564E+00  1.3090E+00

0ITERATION NO.:   42    OBJECTIVE VALUE:   1327.36782589728        NO. OF FUNC. EVALS.:  14
 CUMULATIVE NO. OF FUNC. EVALS.:      638
 NPARAMETR:  7.2315E-07 -2.8771E-06 -2.0068E+00  2.0501E+00  9.7391E-02  5.1749E-01  6.0613E+00  9.9970E-02 -2.9542E+00  4.5701E+00
             3.7075E+00  5.4035E-01  5.4022E-01  7.5789E-02  4.9765E-02  5.3450E-05  1.8388E-01  9.1083E-03  2.7912E-03
 PARAMETER:  7.2315E-02 -2.8771E-01 -8.7154E-02  8.9034E-02  7.3565E-02  1.7438E+00  4.3723E-01  1.4423E-02 -9.8615E-02  9.9237E-02
            -8.9223E-01 -2.0777E-01 -2.0789E-01 -1.5365E+00 -1.4002E+00 -4.4718E+00 -4.0015E-01 -1.9027E+00 -2.4941E+00
 GRADIENT:   8.9892E+00  1.1027E+01  1.2105E+02  9.9067E+01 -1.7956E+00  4.3040E-01 -1.0643E-01  9.1160E+01  3.2118E+01 -4.5533E+02
             1.1888E-01 -2.6306E-01 -2.6514E-01 -2.2447E+00 -8.3755E-01  8.8514E-06 -1.1536E+00  1.1487E+00  4.9654E-01

0ITERATION NO.:   43    OBJECTIVE VALUE:   1327.36645556955        NO. OF FUNC. EVALS.:  14
 CUMULATIVE NO. OF FUNC. EVALS.:      652
 NPARAMETR:  6.9943E-07 -2.9076E-06 -2.0101E+00  2.0516E+00  9.8310E-02  5.1330E-01  6.1740E+00  9.4971E-02 -2.9525E+00  4.5710E+00
             3.6930E+00  5.3444E-01  5.4221E-01  7.6383E-02  5.0812E-02  5.0000E-05  1.9256E-01  8.7220E-03  2.7244E-03
 PARAMETER:  6.9943E-02 -2.9076E-01 -8.7296E-02  8.9100E-02  8.2955E-02  1.7357E+00  4.4536E-01  1.3701E-02 -9.8559E-02  9.9257E-02
            -8.9613E-01 -2.1327E-01 -2.0605E-01 -1.5326E+00 -1.3898E+00 -4.5899E+00 -3.7709E-01 -1.9244E+00 -2.5062E+00
 GRADIENT:   2.7409E+01  1.1782E+01 -1.6354E+02  1.3035E+02 -4.3566E-01 -3.1146E-02  5.6535E+00  3.2331E+00  1.7718E+02  7.9548E+01
            -2.8607E+00 -3.7278E-01 -2.2756E-01 -1.8384E+00  1.3752E-01  0.0000E+00  9.6350E-01  4.1485E-01 -2.0955E-01

0ITERATION NO.:   44    OBJECTIVE VALUE:   1327.28286713955        NO. OF FUNC. EVALS.:  18
 CUMULATIVE NO. OF FUNC. EVALS.:      670
 NPARAMETR:  6.1167E-07 -2.9569E-06 -2.0072E+00  2.0516E+00  9.9410E-02  5.0720E-01  6.4668E+00  9.4871E-02 -2.9542E+00  4.5718E+00
             3.7053E+00  5.7157E-01  5.6317E-01  7.8686E-02  5.1580E-02  5.0000E-05  1.9651E-01  8.2876E-03  2.7226E-03
 PARAMETER:  6.1167E-02 -2.9569E-01 -8.7170E-02  8.9099E-02  9.4087E-02  1.7237E+00  4.6648E-01  1.3687E-02 -9.8613E-02  9.9274E-02
            -8.9282E-01 -1.7968E-01 -1.8709E-01 -1.5177E+00 -1.3823E+00 -4.9377E+00 -3.6695E-01 -1.9499E+00 -2.5065E+00
 GRADIENT:   1.0248E+02  1.5399E+02  3.9815E+02  1.9495E+02  1.0283E+00 -9.7593E-01  9.5569E+01  3.8372E+02  4.7559E+02  1.0805E+03
            -1.5699E+00  2.3330E-01  8.4142E-02 -8.4644E-02  8.5196E-01  0.0000E+00  1.9663E+00 -1.4016E-01 -1.6263E-01

0ITERATION NO.:   45    OBJECTIVE VALUE:   1327.28245297479        NO. OF FUNC. EVALS.:  15
 CUMULATIVE NO. OF FUNC. EVALS.:      685
 NPARAMETR:  6.1199E-07 -2.9569E-06 -2.0072E+00  2.0516E+00  9.9412E-02  5.0719E-01  6.4661E+00  9.4835E-02 -2.9542E+00  4.5718E+00
             3.7054E+00  5.7159E-01  5.6317E-01  7.8687E-02  5.1580E-02  5.0000E-05  1.9650E-01  8.2858E-03  2.7227E-03
 PARAMETER:  6.1199E-02 -2.9569E-01 -8.7169E-02  8.9098E-02  9.4099E-02  1.7237E+00  4.6643E-01  1.3682E-02 -9.8614E-02  9.9274E-02
            -8.9280E-01 -1.7967E-01 -1.8708E-01 -1.5177E+00 -1.3823E+00 -4.9369E+00 -3.6698E-01 -1.9500E+00 -2.5065E+00
 GRADIENT:   9.8255E+01  3.8526E+01  4.9579E+02  1.9203E+02  1.0304E+00 -9.7859E-01  1.0503E+02  2.9850E+02  6.1643E+02  1.0177E+03
            -1.5617E+00  2.3260E-01  8.2543E-02 -8.4208E-02  8.5318E-01  0.0000E+00  1.9603E+00 -1.4458E-01 -1.6204E-01

0ITERATION NO.:   46    OBJECTIVE VALUE:   1327.28227079617        NO. OF FUNC. EVALS.:  16
 CUMULATIVE NO. OF FUNC. EVALS.:      701
 NPARAMETR:  6.1209E-07 -2.9569E-06 -2.0072E+00  2.0516E+00  9.9412E-02  5.0719E-01  6.4659E+00  9.4825E-02 -2.9542E+00  4.5718E+00
             3.7054E+00  5.7159E-01  5.6317E-01  7.8687E-02  5.1580E-02  5.0000E-05  1.9649E-01  8.2854E-03  2.7227E-03
 PARAMETER:  6.1209E-02 -2.9569E-01 -8.7169E-02  8.9097E-02  9.4101E-02  1.7237E+00  4.6642E-01  1.3680E-02 -9.8614E-02  9.9274E-02
            -8.9279E-01 -1.7967E-01 -1.8708E-01 -1.5177E+00 -1.3823E+00 -4.9366E+00 -3.6700E-01 -1.9501E+00 -2.5065E+00
 GRADIENT:   3.7291E+02  1.3480E+02  2.9880E+02  6.2887E+01  1.0312E+00 -9.8074E-01  8.2591E+01  3.1355E+02  4.2490E+02  9.9670E+02
            -1.5581E+00  2.3226E-01  8.1864E-02 -8.4267E-02  8.5214E-01  0.0000E+00  1.9591E+00 -1.4494E-01 -1.6186E-01

0ITERATION NO.:   47    OBJECTIVE VALUE:   1327.28227079617        NO. OF FUNC. EVALS.:  42
 CUMULATIVE NO. OF FUNC. EVALS.:      743
 NPARAMETR:  6.1209E-07 -2.9569E-06 -2.0072E+00  2.0516E+00  9.9412E-02  5.0719E-01  6.4659E+00  9.4825E-02 -2.9542E+00  4.5718E+00
             3.7054E+00  5.7159E-01  5.6317E-01  7.8687E-02  5.1580E-02  5.0000E-05  1.9649E-01  8.2854E-03  2.7227E-03
 PARAMETER:  6.1209E-02 -2.9569E-01 -8.7169E-02  8.9097E-02  9.4101E-02  1.7237E+00  4.6642E-01  1.3680E-02 -9.8614E-02  9.9274E-02
            -8.9279E-01 -1.7967E-01 -1.8708E-01 -1.5177E+00 -1.3823E+00 -4.9366E+00 -3.6700E-01 -1.9501E+00 -2.5065E+00
 GRADIENT:   1.6821E-02  2.1815E-03 -8.7526E+01 -5.7157E+00  1.0312E+00 -9.8101E-01 -2.9250E+00 -8.9433E+01  3.4289E+01  5.8855E+02
            -1.5585E+00  2.3226E-01  8.1864E-02 -8.4267E-02  8.5214E-01  0.0000E+00  1.9591E+00 -1.4494E-01 -1.6186E-01

0ITERATION NO.:   48    OBJECTIVE VALUE:   1327.19516459424        NO. OF FUNC. EVALS.:  37
 CUMULATIVE NO. OF FUNC. EVALS.:      780
 NPARAMETR:  6.1288E-07 -2.9634E-06 -2.0102E+00  2.0517E+00  9.8804E-02  5.1071E-01  6.4669E+00  9.9653E-02 -2.9552E+00  4.5710E+00
             3.7073E+00  5.5508E-01  5.5688E-01  7.8374E-02  5.0887E-02  5.0000E-05  1.8973E-01  8.4372E-03  2.7299E-03
 PARAMETER:  6.1288E-02 -2.9634E-01 -8.7302E-02  8.9104E-02  8.7967E-02  1.7306E+00  4.6648E-01  1.4377E-02 -9.8647E-02  9.9257E-02
            -8.9227E-01 -1.9432E-01 -1.9270E-01 -1.5197E+00 -1.3891E+00 -4.9428E+00 -3.8451E-01 -1.9410E+00 -2.5052E+00
 GRADIENT:   7.2173E-02 -4.4925E-02 -1.4363E+02  5.9430E+00  2.4978E-01 -4.0326E-01 -3.1948E+00 -8.5739E+01 -7.3978E+01  1.0399E+02
            -9.2401E-01 -3.5108E-02 -2.9474E-03 -3.2272E-01  1.8206E-01  0.0000E+00  4.5459E-01  1.3038E-01 -9.9456E-02

0ITERATION NO.:   49    OBJECTIVE VALUE:   1327.12719611962        NO. OF FUNC. EVALS.:  35
 CUMULATIVE NO. OF FUNC. EVALS.:      815
 NPARAMETR:  6.1551E-07 -2.9770E-06 -2.0112E+00  2.0502E+00  9.7674E-02  5.1737E-01  6.4596E+00  1.1178E-01 -2.9556E+00  4.5696E+00
             3.7224E+00  5.4922E-01  5.5020E-01  7.8880E-02  4.9735E-02  5.0000E-05  1.7815E-01  8.6820E-03  2.7676E-03
 PARAMETER:  6.1551E-02 -2.9770E-01 -8.7343E-02  8.9040E-02  7.6464E-02  1.7436E+00  4.6596E-01  1.6126E-02 -9.8662E-02  9.9228E-02
            -8.8822E-01 -1.9962E-01 -1.9874E-01 -1.5165E+00 -1.4005E+00 -4.9486E+00 -4.1599E-01 -1.9267E+00 -2.4983E+00
 GRADIENT:   1.8078E-01  3.2315E-02 -1.5693E+02 -2.7759E+01 -1.0677E+00  8.5955E-01 -3.6247E+00 -6.8612E+01 -1.2817E+02 -7.4035E+02
             1.9284E+00 -1.2752E-01 -1.1013E-01  9.3774E-02 -9.5781E-01  0.0000E+00 -2.2036E+00  6.2482E-01  2.9877E-01

0ITERATION NO.:   50    OBJECTIVE VALUE:   1327.02899682251        NO. OF FUNC. EVALS.:  36
 CUMULATIVE NO. OF FUNC. EVALS.:      851
 NPARAMETR:  6.1753E-07 -2.9764E-06 -2.0016E+00  2.0511E+00  9.8175E-02  5.1447E-01  6.4418E+00  1.1399E-01 -2.9543E+00  4.5709E+00
             3.7091E+00  5.5266E-01  5.6338E-01  7.9314E-02  5.0594E-02  5.0000E-05  1.8922E-01  8.3662E-03  2.7315E-03
 PARAMETER:  6.1753E-02 -2.9764E-01 -8.6929E-02  8.9079E-02  8.1583E-02  1.7380E+00  4.6468E-01  1.6445E-02 -9.8617E-02  9.9255E-02
            -8.9179E-01 -1.9651E-01 -1.8690E-01 -1.5137E+00 -1.3920E+00 -4.9151E+00 -3.8585E-01 -1.9452E+00 -2.5049E+00
 GRADIENT:  -3.7126E-02 -7.8307E-03  1.4815E+01 -1.3730E+01 -4.6161E-01  3.5428E-01 -3.5733E+00 -5.5026E+01 -1.8793E-01  1.2255E+02
            -6.6334E-01 -7.8731E-02  1.1300E-01  4.2013E-01 -1.2107E-01  0.0000E+00  7.6885E-01  2.2062E-03 -8.8263E-02

0ITERATION NO.:   51    OBJECTIVE VALUE:   1326.94623196642        NO. OF FUNC. EVALS.:  35
 CUMULATIVE NO. OF FUNC. EVALS.:      886
 NPARAMETR:  6.2196E-07 -2.9947E-06 -2.0001E+00  2.0507E+00  9.7666E-02  5.1719E-01  6.4240E+00  1.3114E-01 -2.9538E+00  4.5703E+00
             3.7159E+00  5.5429E-01  5.5444E-01  7.9228E-02  5.0518E-02  5.0000E-05  1.8232E-01  8.4860E-03  2.7502E-03
 PARAMETER:  6.2196E-02 -2.9947E-01 -8.6864E-02  8.9061E-02  7.6379E-02  1.7432E+00  4.6339E-01  1.8919E-02 -9.8601E-02  9.9243E-02
            -8.8997E-01 -1.9503E-01 -1.9490E-01 -1.5143E+00 -1.3927E+00 -4.8997E+00 -4.0441E-01 -1.9381E+00 -2.5015E+00
 GRADIENT:   3.8944E-01  8.8614E-02  4.9905E+01 -3.0052E+01 -1.1141E+00  8.9513E-01 -4.1580E+00 -2.3526E+01  3.7724E+00 -1.4639E+02
             4.5123E-01 -4.4604E-02 -4.1120E-02  4.0371E-01 -2.3844E-01  0.0000E+00 -6.0005E-01  2.1862E-01  1.0360E-01

0ITERATION NO.:   52    OBJECTIVE VALUE:   1326.91866292389        NO. OF FUNC. EVALS.:  35
 CUMULATIVE NO. OF FUNC. EVALS.:      921
 NPARAMETR:  6.2519E-07 -3.0094E-06 -2.0015E+00  2.0516E+00  9.8245E-02  5.1361E-01  6.4124E+00  1.4415E-01 -2.9535E+00  4.5703E+00
             3.7156E+00  5.5529E-01  5.5675E-01  7.8740E-02  5.0788E-02  5.0000E-05  1.8328E-01  8.4125E-03  2.7749E-03
 PARAMETER:  6.2519E-02 -3.0094E-01 -8.6924E-02  8.9100E-02  8.2298E-02  1.7363E+00  4.6255E-01  2.0797E-02 -9.8591E-02  9.9242E-02
            -8.9003E-01 -1.9413E-01 -1.9282E-01 -1.5174E+00 -1.3900E+00 -4.8807E+00 -4.0179E-01 -1.9424E+00 -2.4970E+00
 GRADIENT:   6.2691E-02  1.2144E-01  3.4761E+01 -1.5661E+01 -4.5954E-01  3.3555E-01 -4.6645E+00  4.6033E+00 -1.7522E+01 -7.0298E+01
             5.1846E-02 -4.4405E-02 -1.7289E-02  6.7167E-02 -1.1444E-02  0.0000E+00 -1.6893E-01  8.2468E-02  3.1168E-01

0ITERATION NO.:   53    OBJECTIVE VALUE:   1326.91105880572        NO. OF FUNC. EVALS.:  35
 CUMULATIVE NO. OF FUNC. EVALS.:      956
 NPARAMETR:  6.2439E-07 -3.0072E-06 -2.0032E+00  2.0518E+00  9.8469E-02  5.1221E-01  6.4166E+00  1.4171E-01 -2.9535E+00  4.5704E+00
             3.7168E+00  5.5731E-01  5.5624E-01  7.8567E-02  5.0907E-02  5.0000E-05  1.8416E-01  8.3854E-03  2.7503E-03
 PARAMETER:  6.2439E-02 -3.0072E-01 -8.6998E-02  8.9108E-02  8.4575E-02  1.7336E+00  4.6286E-01  2.0444E-02 -9.8590E-02  9.9245E-02
            -8.8972E-01 -1.9232E-01 -1.9328E-01 -1.5185E+00 -1.3889E+00 -4.8838E+00 -3.9940E-01 -1.9441E+00 -2.5014E+00
 GRADIENT:  -8.6106E-02  3.2344E-02  4.1372E+00 -1.1497E+01 -2.0653E-01  8.0835E-02 -4.5052E+00 -2.5653E-01 -1.5414E+01 -1.5376E+01
             2.7743E-02 -1.6016E-02 -3.5112E-02 -5.9765E-02  1.0415E-01  0.0000E+00  3.0612E-02  3.8199E-02  8.6819E-02

0ITERATION NO.:   54    OBJECTIVE VALUE:   1326.91034409302        NO. OF FUNC. EVALS.:  35
 CUMULATIVE NO. OF FUNC. EVALS.:      991
 NPARAMETR:  6.2405E-07 -3.0064E-06 -2.0041E+00  2.0519E+00  9.8580E-02  5.1163E-01  6.4185E+00  1.4076E-01 -2.9535E+00  4.5705E+00
             3.7171E+00  5.5813E-01  5.5840E-01  7.8585E-02  5.0823E-02  5.0000E-05  1.8427E-01  8.3632E-03  2.7456E-03
 PARAMETER:  6.2405E-02 -3.0064E-01 -8.7034E-02  8.9112E-02  8.5703E-02  1.7324E+00  4.6299E-01  2.0308E-02 -9.8590E-02  9.9246E-02
            -8.8963E-01 -1.9158E-01 -1.9134E-01 -1.5184E+00 -1.3897E+00 -4.8850E+00 -3.9911E-01 -1.9454E+00 -2.5023E+00
 GRADIENT:   2.1505E+00 -7.0219E-01 -1.1381E+01 -9.8070E+00 -6.6870E-02 -1.9083E-02 -4.8274E+00 -2.1469E+00 -1.5543E+01 -8.9177E+00
             4.9822E-03 -5.9167E-03 -1.1704E-03 -4.4653E-02  2.3243E-02  0.0000E+00  4.4833E-02  6.2551E-03  4.3019E-02

0ITERATION NO.:   55    OBJECTIVE VALUE:   1326.91018419438        NO. OF FUNC. EVALS.:  42
 CUMULATIVE NO. OF FUNC. EVALS.:     1033
 NPARAMETR:  6.2405E-07 -3.0064E-06 -2.0041E+00  2.0519E+00  9.8580E-02  5.1163E-01  6.4185E+00  1.4076E-01 -2.9535E+00  4.5705E+00
             3.7171E+00  5.5813E-01  5.5840E-01  7.8585E-02  5.0823E-02  5.0000E-05  1.8427E-01  8.3632E-03  2.7456E-03
 PARAMETER:  6.2405E-02 -3.0064E-01 -8.7034E-02  8.9112E-02  8.5703E-02  1.7324E+00  4.6299E-01  2.0308E-02 -9.8590E-02  9.9246E-02
            -8.8963E-01 -1.9158E-01 -1.9134E-01 -1.5184E+00 -1.3897E+00 -4.8850E+00 -3.9911E-01 -1.9454E+00 -2.5023E+00
 GRADIENT:  -5.2182E-01  6.7236E-01 -1.2424E+01 -9.2952E+00 -6.5868E-02 -1.5096E-02 -4.0770E+00 -1.8846E+00 -1.5627E+01 -9.2803E+00
             2.5891E-03 -6.4338E-03 -1.5381E-03 -4.4318E-02  2.1538E-02  0.0000E+00  4.4867E-02  5.9835E-03  4.2747E-02

0ITERATION NO.:   56    OBJECTIVE VALUE:   1326.91018419438        NO. OF FUNC. EVALS.:  55
 CUMULATIVE NO. OF FUNC. EVALS.:     1088
 NPARAMETR:  6.2405E-07 -3.0064E-06 -2.0041E+00  2.0519E+00  9.8580E-02  5.1163E-01  6.4185E+00  1.4076E-01 -2.9535E+00  4.5705E+00
             3.7171E+00  5.5813E-01  5.5840E-01  7.8585E-02  5.0823E-02  5.0000E-05  1.8427E-01  8.3631E-03  2.7456E-03
 PARAMETER:  6.2405E-02 -3.0064E-01 -8.7034E-02  8.9112E-02  8.5703E-02  1.7324E+00  4.6299E-01  2.0308E-02 -9.8590E-02  9.9246E-02
            -8.8963E-01 -1.9158E-01 -1.9134E-01 -1.5184E+00 -1.3897E+00 -4.8850E+00 -3.9911E-01 -1.9454E+00 -2.5023E+00
 GRADIENT:   3.2749E+01 -2.8657E+00 -3.1411E+01  1.8605E+01 -3.7000E+01  1.5306E+00 -1.1468E+01 -1.6829E+01 -3.7035E+01 -3.5925E+01
            -2.6961E-01  3.3322E+01 -2.6606E+01 -3.8614E+00  6.7866E+00  0.0000E+00 -1.5544E+01  2.1317E+00  1.5671E-01

 #TERM:
0MINIMIZATION TERMINATED
 DUE TO ROUNDING ERRORS (ERROR=134)
 NO. OF FUNCTION EVALUATIONS USED:     1088
 NO. OF SIG. DIGITS UNREPORTABLE
0PARAMETER ESTIMATE IS NEAR ITS BOUNDARY

 ETABAR IS THE ARITHMETIC MEAN OF THE ETA-ESTIMATES,
 AND THE P-VALUE IS GIVEN FOR THE NULL HYPOTHESIS THAT THE TRUE MEAN IS 0.

 ETABAR:         1.0579E-02  1.0593E-02  7.7588E-04 -6.3196E-03  5.1286E-07  3.3372E-03  1.0474E-04  1.4182E-03
 SE:             5.2202E-02  5.2214E-02  4.8122E-02  3.6698E-02  1.6711E-07  7.0159E-02  1.0752E-02  7.4677E-03
 N:                      32          32          32          32          32          32          32          32

 P VAL.:         8.3941E-01  8.3922E-01  9.8714E-01  8.6328E-01  2.1473E-03  9.6206E-01  9.9223E-01  8.4938E-01

 ETASHRINKSD(%)  5.9840E+01  5.9841E+01  1.3403E+00  6.4416E+00  9.9986E+01  6.0648E+00  3.2424E+01  1.8090E+01
 ETASHRINKVR(%)  8.3872E+01  8.3873E+01  2.6626E+00  1.2468E+01  1.0000E+02  1.1762E+01  5.4335E+01  3.2908E+01
 EBVSHRINKSD(%)  5.8676E+01  5.8668E+01  2.6859E+00  7.5948E+00  9.9981E+01  6.9519E+00  3.3317E+01  1.9121E+01
 EBVSHRINKVR(%)  8.2924E+01  8.2917E+01  5.2997E+00  1.4613E+01  1.0000E+02  1.3420E+01  5.5534E+01  3.4586E+01
 EPSSHRINKSD(%)  1.4451E+01
 EPSSHRINKVR(%)  2.6814E+01

  
 TOTAL DATA POINTS NORMALLY DISTRIBUTED (N):          483
 N*LOG(2PI) CONSTANT TO OBJECTIVE FUNCTION:    887.69462307571382     
 OBJECTIVE FUNCTION VALUE WITHOUT CONSTANT:    1326.9101841943827     
 OBJECTIVE FUNCTION VALUE WITH CONSTANT:       2214.6048072700964     
 REPORTED OBJECTIVE FUNCTION DOES NOT CONTAIN CONSTANT
  
 TOTAL EFFECTIVE ETAS (NIND*NETA):                           256
  
 #TERE:
 Elapsed estimation  time in seconds:   319.52
 Elapsed postprocess time in seconds:     0.66
1
 
 
 
 
 
 
 
 
 
 
 
 
 
 
 
 
 
 
 
 
 ************************************************************************************************************************
 ********************                                                                                ********************
 ********************               FIRST ORDER CONDITIONAL ESTIMATION WITH INTERACTION              ********************
 #OBJT:**************                       MINIMUM VALUE OF OBJECTIVE FUNCTION                      ********************
 ********************                                                                                ********************
 ************************************************************************************************************************
 





 #OBJV:********************************************     1326.910       **************************************************
1
 ************************************************************************************************************************
 ********************                                                                                ********************
 ********************               FIRST ORDER CONDITIONAL ESTIMATION WITH INTERACTION              ********************
 ********************                             FINAL PARAMETER ESTIMATE                           ********************
 ********************                                                                                ********************
 ************************************************************************************************************************
 


 THETA - VECTOR OF FIXED EFFECTS PARAMETERS   *********


         TH 1      TH 2      TH 3      TH 4      TH 5      TH 6      TH 7      TH 8      TH 9      TH10      TH11     
 
         6.24E-07 -3.01E-06 -2.00E+00  2.05E+00  9.86E-02  5.12E-01  6.42E+00  1.41E-01 -2.95E+00  4.57E+00  3.72E+00
 


 OMEGA - COV MATRIX FOR RANDOM EFFECTS - ETAS  ********


         ETA1      ETA2      ETA3      ETA4      ETA5      ETA6      ETA7      ETA8     
 
 ETA1
+        5.58E-01
 
 ETA2
+        0.00E+00  5.58E-01
 
 ETA3
+        0.00E+00  0.00E+00  7.86E-02
 
 ETA4
+        0.00E+00  0.00E+00  0.00E+00  5.08E-02
 
 ETA5
+        0.00E+00  0.00E+00  0.00E+00  0.00E+00  5.00E-05
 
 ETA6
+        0.00E+00  0.00E+00  0.00E+00  0.00E+00  0.00E+00  1.84E-01
 
 ETA7
+        0.00E+00  0.00E+00  0.00E+00  0.00E+00  0.00E+00  0.00E+00  8.36E-03
 
 ETA8
+        0.00E+00  0.00E+00  0.00E+00  0.00E+00  0.00E+00  0.00E+00  0.00E+00  2.75E-03
 


 SIGMA - COV MATRIX FOR RANDOM EFFECTS - EPSILONS  ****


         EPS1     
 
 EPS1
+        1.00E+00
 
1


 OMEGA - CORR MATRIX FOR RANDOM EFFECTS - ETAS  *******


         ETA1      ETA2      ETA3      ETA4      ETA5      ETA6      ETA7      ETA8     
 
 ETA1
+        7.47E-01
 
 ETA2
+        0.00E+00  7.47E-01
 
 ETA3
+        0.00E+00  0.00E+00  2.80E-01
 
 ETA4
+        0.00E+00  0.00E+00  0.00E+00  2.25E-01
 
 ETA5
+        0.00E+00  0.00E+00  0.00E+00  0.00E+00  7.07E-03
 
 ETA6
+        0.00E+00  0.00E+00  0.00E+00  0.00E+00  0.00E+00  4.29E-01
 
 ETA7
+        0.00E+00  0.00E+00  0.00E+00  0.00E+00  0.00E+00  0.00E+00  9.15E-02
 
 ETA8
+        0.00E+00  0.00E+00  0.00E+00  0.00E+00  0.00E+00  0.00E+00  0.00E+00  5.24E-02
 


 SIGMA - CORR MATRIX FOR RANDOM EFFECTS - EPSILONS  ***


         EPS1     
 
 EPS1
+        1.00E+00
 
 Elapsed finaloutput time in seconds:     0.09
1THERE ARE ERROR MESSAGES IN FILE PRDERR                                                                  
 #CPUT: Total CPU Time in Seconds,      319.141
Stop Time:
Fri Aug  5 18:24:38 CEST 2022
